<?xml version="1.0" encoding="utf-8"?>
<!DOCTYPE coverage SYSTEM "http://cobertura.sourceforge.net/xml/coverage-04.dtd">
<coverage line-rate="0.651340996168582" branch-rate="0.413793103448276" lines-covered="340" lines-valid="522" branches-covered="24" branches-valid="58" complexity="103" version="0" timestamp="1718023182">
  <sources>
    <source>D:\project\Prog tutorial\Sandbox\SHP_Calculator\</source>
    <source>C:\</source>
  </sources>
  <packages>
    <package name="Shapefile_geometry_calculator" line-rate="0.306513409961686" branch-rate="0.413793103448276" complexity="79">
      <classes>
        <class name="Shapefile_geometry_calculator.Model.CalculationManager" filename="D:\project\Prog tutorial\Sandbox\SHP_Calculator\Shapefile_geometry_calculator\Model\CalculationManager.cs" line-rate="1" branch-rate="1" complexity="3">
          <methods>
            <method name=".ctor" signature="(...)" line-rate="1" branch-rate="1" complexity="1">
              <lines>
                <line number="16" hits="7" branch="false" />
                <line number="17" hits="7" branch="false" />
                <line number="18" hits="7" branch="false" />
                <line number="19" hits="7" branch="false" />
                <line number="20" hits="7" branch="false" />
                <line number="21" hits="7" branch="false" />
              </lines>
            </method>
            <method name="DoCalculation" signature="()" line-rate="1" branch-rate="1" complexity="2">
              <lines>
                <line number="23" hits="7" branch="false" />
                <line number="24" hits="7" branch="false" />
                <line number="25" hits="7" branch="false" />
                <line number="26" hits="6" branch="true" condition-coverage="100% (2/2)" />
                <line number="27" hits="4" branch="false" />
                <line number="28" hits="4" branch="false" />
                <line number="29" hits="3" branch="false" />
                <line number="30" hits="3" branch="false" />
                <line number="32" hits="2" branch="false" />
                <line number="33" hits="2" branch="false" />
                <line number="34" hits="2" branch="false" />
                <line number="35" hits="2" branch="false" />
                <line number="36" hits="5" branch="false" />
                <line number="37" hits="5" branch="false" />
              </lines>
            </method>
          </methods>
          <lines>
            <line number="16" hits="7" branch="false" />
            <line number="17" hits="7" branch="false" />
            <line number="18" hits="7" branch="false" />
            <line number="19" hits="7" branch="false" />
            <line number="20" hits="7" branch="false" />
            <line number="21" hits="7" branch="false" />
            <line number="23" hits="7" branch="false" />
            <line number="24" hits="7" branch="false" />
            <line number="25" hits="7" branch="false" />
            <line number="26" hits="6" branch="true" condition-coverage="100% (2/2)" />
            <line number="27" hits="4" branch="false" />
            <line number="28" hits="4" branch="false" />
            <line number="29" hits="3" branch="false" />
            <line number="30" hits="3" branch="false" />
            <line number="32" hits="2" branch="false" />
            <line number="33" hits="2" branch="false" />
            <line number="34" hits="2" branch="false" />
            <line number="35" hits="2" branch="false" />
            <line number="36" hits="5" branch="false" />
            <line number="37" hits="5" branch="false" />
          </lines>
        </class>
        <class name="Shapefile_geometry_calculator.Model.ReportCalculator" filename="D:\project\Prog tutorial\Sandbox\SHP_Calculator\Shapefile_geometry_calculator\Model\ReportCalculator.cs" line-rate="0.818181818181818" branch-rate="0.8" complexity="10">
          <methods>
            <method name="ComputeReport" signature="()" line-rate="0.818181818181818" branch-rate="0.8" complexity="10">
              <lines>
                <line number="11" hits="4" branch="false" />
                <line number="12" hits="4" branch="false" />
                <line number="13" hits="4" branch="false" />
                <line number="14" hits="4" branch="false" />
                <line number="15" hits="36" branch="true" condition-coverage="100% (2/2)" />
                <line number="16" hits="12" branch="false" />
                <line number="17" hits="12" branch="false" />
                <line number="18" hits="12" branch="true" condition-coverage="100% (2/2)" />
                <line number="19" hits="6" branch="false" />
                <line number="20" hits="6" branch="false" />
                <line number="21" hits="6" branch="false" />
                <line number="22" hits="12" branch="true" condition-coverage="50% (1/2)" />
                <line number="23" hits="0" branch="false" />
                <line number="24" hits="0" branch="false" />
                <line number="25" hits="0" branch="false" />
                <line number="26" hits="12" branch="false" />
                <line number="27" hits="12" branch="false" />
                <line number="28" hits="12" branch="false" />
                <line number="30" hits="4" branch="false" />
                <line number="31" hits="4" branch="true" condition-coverage="50% (1/2)" />
                <line number="32" hits="0" branch="false" />
                <line number="33" hits="0" branch="false" />
                <line number="34" hits="0" branch="false" />
                <line number="35" hits="4" branch="true" condition-coverage="100% (2/2)" />
                <line number="36" hits="1" branch="false" />
                <line number="37" hits="1" branch="false" />
                <line number="38" hits="1" branch="false" />
                <line number="40" hits="3" branch="false" />
                <line number="41" hits="3" branch="false" />
                <line number="42" hits="3" branch="false" />
                <line number="43" hits="4" branch="false" />
                <line number="44" hits="4" branch="false" />
                <line number="45" hits="4" branch="false" />
              </lines>
            </method>
          </methods>
          <lines>
            <line number="11" hits="4" branch="false" />
            <line number="12" hits="4" branch="false" />
            <line number="13" hits="4" branch="false" />
            <line number="14" hits="4" branch="false" />
            <line number="15" hits="36" branch="true" condition-coverage="100% (2/2)" />
            <line number="16" hits="12" branch="false" />
            <line number="17" hits="12" branch="false" />
            <line number="18" hits="12" branch="true" condition-coverage="100% (2/2)" />
            <line number="19" hits="6" branch="false" />
            <line number="20" hits="6" branch="false" />
            <line number="21" hits="6" branch="false" />
            <line number="22" hits="12" branch="true" condition-coverage="50% (1/2)" />
            <line number="23" hits="0" branch="false" />
            <line number="24" hits="0" branch="false" />
            <line number="25" hits="0" branch="false" />
            <line number="26" hits="12" branch="false" />
            <line number="27" hits="12" branch="false" />
            <line number="28" hits="12" branch="false" />
            <line number="30" hits="4" branch="false" />
            <line number="31" hits="4" branch="true" condition-coverage="50% (1/2)" />
            <line number="32" hits="0" branch="false" />
            <line number="33" hits="0" branch="false" />
            <line number="34" hits="0" branch="false" />
            <line number="35" hits="4" branch="true" condition-coverage="100% (2/2)" />
            <line number="36" hits="1" branch="false" />
            <line number="37" hits="1" branch="false" />
            <line number="38" hits="1" branch="false" />
            <line number="40" hits="3" branch="false" />
            <line number="41" hits="3" branch="false" />
            <line number="42" hits="3" branch="false" />
            <line number="43" hits="4" branch="false" />
            <line number="44" hits="4" branch="false" />
            <line number="45" hits="4" branch="false" />
          </lines>
        </class>
        <class name="Shapefile_geometry_calculator.Model.ResultConverter" filename="D:\project\Prog tutorial\Sandbox\SHP_Calculator\Shapefile_geometry_calculator\Model\ResultConverter.cs" line-rate="0.846153846153846" branch-rate="0.875" complexity="15">
          <methods>
            <method name="CalculateConvertion" signature="()" line-rate="1" branch-rate="1" complexity="1">
              <lines>
                <line number="49" hits="6" branch="false" />
                <line number="50" hits="6" branch="false" />
                <line number="51" hits="6" branch="false" />
                <line number="52" hits="36" branch="true" condition-coverage="100% (2/2)" />
                <line number="53" hits="9" branch="false" />
                <line number="54" hits="9" branch="false" />
                <line number="55" hits="9" branch="false" />
                <line number="56" hits="6" branch="false" />
                <line number="57" hits="12" branch="false" />
                <line number="58" hits="6" branch="false" />
              </lines>
            </method>
            <method name="ConvertPolygonResult" signature="()" line-rate="0.625" branch-rate="0.75" complexity="8">
              <lines>
                <line number="15" hits="4" branch="false" />
                <line number="16" hits="5" branch="true" condition-coverage="100% (2/2)" />
                <line number="17" hits="3" branch="true" condition-coverage="100% (2/2)" />
                <line number="18" hits="2" branch="false" />
                <line number="19" hits="2" branch="false" />
                <line number="20" hits="2" branch="false" />
                <line number="21" hits="1" branch="true" condition-coverage="50% (1/2)" />
                <line number="22" hits="0" branch="false" />
                <line number="24" hits="0" branch="false" />
                <line number="25" hits="0" branch="false" />
                <line number="26" hits="1" branch="true" condition-coverage="50% (1/2)" />
                <line number="27" hits="0" branch="false" />
                <line number="28" hits="0" branch="false" />
                <line number="29" hits="0" branch="false" />
                <line number="30" hits="3" branch="false" />
                <line number="31" hits="4" branch="false" />
              </lines>
            </method>
            <method name="ConvertPolylineResult" signature="()" line-rate="1" branch-rate="1" complexity="6">
              <lines>
                <line number="33" hits="5" branch="false" />
                <line number="34" hits="5" branch="true" condition-coverage="100% (2/2)" />
                <line number="35" hits="1" branch="false" />
                <line number="37" hits="4" branch="true" condition-coverage="100% (2/2)" />
                <line number="38" hits="1" branch="false" />
                <line number="39" hits="1" branch="false" />
                <line number="40" hits="1" branch="false" />
                <line number="41" hits="3" branch="true" condition-coverage="100% (2/2)" />
                <line number="42" hits="3" branch="false" />
                <line number="43" hits="3" branch="false" />
                <line number="44" hits="3" branch="false" />
                <line number="45" hits="4" branch="false" />
                <line number="46" hits="5" branch="false" />
              </lines>
            </method>
          </methods>
          <lines>
            <line number="15" hits="4" branch="false" />
            <line number="16" hits="5" branch="true" condition-coverage="100% (2/2)" />
            <line number="17" hits="3" branch="true" condition-coverage="100% (2/2)" />
            <line number="18" hits="2" branch="false" />
            <line number="19" hits="2" branch="false" />
            <line number="20" hits="2" branch="false" />
            <line number="21" hits="1" branch="true" condition-coverage="50% (1/2)" />
            <line number="22" hits="0" branch="false" />
            <line number="24" hits="0" branch="false" />
            <line number="25" hits="0" branch="false" />
            <line number="26" hits="1" branch="true" condition-coverage="50% (1/2)" />
            <line number="27" hits="0" branch="false" />
            <line number="28" hits="0" branch="false" />
            <line number="29" hits="0" branch="false" />
            <line number="30" hits="3" branch="false" />
            <line number="31" hits="4" branch="false" />
            <line number="33" hits="5" branch="false" />
            <line number="34" hits="5" branch="true" condition-coverage="100% (2/2)" />
            <line number="35" hits="1" branch="false" />
            <line number="37" hits="4" branch="true" condition-coverage="100% (2/2)" />
            <line number="38" hits="1" branch="false" />
            <line number="39" hits="1" branch="false" />
            <line number="40" hits="1" branch="false" />
            <line number="41" hits="3" branch="true" condition-coverage="100% (2/2)" />
            <line number="42" hits="3" branch="false" />
            <line number="43" hits="3" branch="false" />
            <line number="44" hits="3" branch="false" />
            <line number="45" hits="4" branch="false" />
            <line number="46" hits="5" branch="false" />
            <line number="49" hits="6" branch="false" />
            <line number="50" hits="6" branch="false" />
            <line number="51" hits="6" branch="false" />
            <line number="52" hits="36" branch="true" condition-coverage="100% (2/2)" />
            <line number="53" hits="9" branch="false" />
            <line number="54" hits="9" branch="false" />
            <line number="55" hits="9" branch="false" />
            <line number="56" hits="6" branch="false" />
            <line number="57" hits="12" branch="false" />
            <line number="58" hits="6" branch="false" />
          </lines>
        </class>
        <class name="Shapefile_geometry_calculator.ReportWindow" filename="D:\project\Prog tutorial\Sandbox\SHP_Calculator\Shapefile_geometry_calculator\ReportWindow.xaml.cs" line-rate="0" branch-rate="1" complexity="1">
          <methods>
            <method name=".ctor" signature="(...)" line-rate="0" branch-rate="1" complexity="1">
              <lines>
                <line number="24" hits="0" branch="false" />
                <line number="25" hits="0" branch="false" />
                <line number="26" hits="0" branch="false" />
                <line number="27" hits="0" branch="false" />
                <line number="28" hits="0" branch="false" />
              </lines>
            </method>
          </methods>
          <lines>
            <line number="24" hits="0" branch="false" />
            <line number="25" hits="0" branch="false" />
            <line number="26" hits="0" branch="false" />
            <line number="27" hits="0" branch="false" />
            <line number="28" hits="0" branch="false" />
          </lines>
        </class>
        <class name="Shapefile_geometry_calculator.ViewModel.MainWindowViewModel" filename="D:\project\Prog tutorial\Sandbox\SHP_Calculator\Shapefile_geometry_calculator\ViewModel\MainWindowViewModel.cs" line-rate="0" branch-rate="0" complexity="44">
          <methods>
            <method name="get_GeometryTypes" signature="()" line-rate="0" branch-rate="1" complexity="1">
              <lines>
                <line number="30" hits="0" branch="false" />
              </lines>
            </method>
            <method name="set_GeometryTypes" signature="(...)" line-rate="0" branch-rate="1" complexity="1">
              <lines>
                <line number="32" hits="0" branch="false" />
                <line number="33" hits="0" branch="false" />
                <line number="34" hits="0" branch="false" />
                <line number="35" hits="0" branch="false" />
              </lines>
            </method>
            <method name="get_SelectedGeometryType" signature="()" line-rate="0" branch-rate="1" complexity="1">
              <lines>
                <line number="70" hits="0" branch="false" />
              </lines>
            </method>
            <method name="set_SelectedGeometryType" signature="(...)" line-rate="0" branch-rate="0" complexity="2">
              <lines>
                <line number="72" hits="0" branch="false" />
                <line number="73" hits="0" branch="true" condition-coverage="0% (0/2)" />
                <line number="74" hits="0" branch="false" />
                <line number="75" hits="0" branch="false" />
                <line number="76" hits="0" branch="false" />
                <line number="77" hits="0" branch="false" />
                <line number="78" hits="0" branch="false" />
                <line number="79" hits="0" branch="false" />
              </lines>
            </method>
            <method name="get_OpenFolderBrowserCommand" signature="()" line-rate="0" branch-rate="1" complexity="1">
              <lines>
                <line number="81" hits="0" branch="false" />
              </lines>
            </method>
            <method name="get_RunCalculationCommand" signature="()" line-rate="0" branch-rate="1" complexity="1">
              <lines>
                <line number="82" hits="0" branch="false" />
              </lines>
            </method>
            <method name="get_SummarizeResultsCommand" signature="()" line-rate="0" branch-rate="1" complexity="1">
              <lines>
                <line number="83" hits="0" branch="false" />
              </lines>
            </method>
            <method name="get_ExportToTableCommand" signature="()" line-rate="0" branch-rate="1" complexity="1">
              <lines>
                <line number="85" hits="0" branch="false" />
              </lines>
            </method>
            <method name="get_ResultToDisplay" signature="()" line-rate="0" branch-rate="1" complexity="1">
              <lines>
                <line number="92" hits="0" branch="false" />
              </lines>
            </method>
            <method name="get_PathToDisplay" signature="()" line-rate="0" branch-rate="1" complexity="1">
              <lines>
                <line number="96" hits="0" branch="false" />
              </lines>
            </method>
            <method name="set_PathToDisplay" signature="(...)" line-rate="0" branch-rate="1" complexity="1">
              <lines>
                <line number="98" hits="0" branch="false" />
                <line number="99" hits="0" branch="false" />
                <line number="100" hits="0" branch="false" />
                <line number="101" hits="0" branch="false" />
              </lines>
            </method>
            <method name="get_ComboBoxItems" signature="()" line-rate="0" branch-rate="1" complexity="1">
              <lines>
                <line number="105" hits="0" branch="false" />
              </lines>
            </method>
            <method name="set_ComboBoxItems" signature="(...)" line-rate="0" branch-rate="1" complexity="1">
              <lines>
                <line number="107" hits="0" branch="false" />
                <line number="108" hits="0" branch="false" />
                <line number="109" hits="0" branch="false" />
                <line number="110" hits="0" branch="false" />
              </lines>
            </method>
            <method name="UpdateComboBoxItems" signature="()" line-rate="0" branch-rate="0" complexity="8">
              <lines>
                <line number="113" hits="0" branch="false" />
                <line number="114" hits="0" branch="false" />
                <line number="115" hits="0" branch="true" condition-coverage="0% (0/2)" />
                <line number="116" hits="0" branch="false" />
                <line number="117" hits="0" branch="false" />
                <line number="118" hits="0" branch="false" />
                <line number="119" hits="0" branch="true" condition-coverage="0% (0/2)" />
                <line number="120" hits="0" branch="false" />
                <line number="121" hits="0" branch="false" />
                <line number="122" hits="0" branch="false" />
                <line number="123" hits="0" branch="true" condition-coverage="0% (0/2)" />
                <line number="124" hits="0" branch="false" />
                <line number="125" hits="0" branch="false" />
                <line number="126" hits="0" branch="false" />
                <line number="127" hits="0" branch="true" condition-coverage="0% (0/2)" />
                <line number="128" hits="0" branch="false" />
                <line number="129" hits="0" branch="false" />
                <line number="130" hits="0" branch="false" />
                <line number="131" hits="0" branch="false" />
                <line number="132" hits="0" branch="false" />
              </lines>
            </method>
            <method name="get_SelectedComboBoxItem" signature="()" line-rate="0" branch-rate="1" complexity="1">
              <lines>
                <line number="137" hits="0" branch="false" />
              </lines>
            </method>
            <method name="set_SelectedComboBoxItem" signature="(...)" line-rate="0" branch-rate="0" complexity="2">
              <lines>
                <line number="139" hits="0" branch="false" />
                <line number="140" hits="0" branch="true" condition-coverage="0% (0/2)" />
                <line number="141" hits="0" branch="false" />
                <line number="142" hits="0" branch="false" />
                <line number="143" hits="0" branch="false" />
                <line number="144" hits="0" branch="false" />
                <line number="145" hits="0" branch="false" />
              </lines>
            </method>
            <method name="get_LenghtMeasures" signature="()" line-rate="0" branch-rate="1" complexity="1">
              <lines>
                <line number="147" hits="0" branch="false" />
              </lines>
            </method>
            <method name="get_AreaMeasures" signature="()" line-rate="0" branch-rate="1" complexity="1">
              <lines>
                <line number="148" hits="0" branch="false" />
              </lines>
            </method>
            <method name=".ctor" signature="(...)" line-rate="0" branch-rate="0" complexity="1">
              <lines>
                <line number="40" hits="0" branch="false" />
                <line number="42" hits="0" branch="false" />
                <line number="43" hits="0" branch="false" />
                <line number="45" hits="0" branch="false" />
                <line number="46" hits="0" branch="false" />
                <line number="47" hits="0" branch="false" />
                <line number="48" hits="0" branch="false" />
                <line number="49" hits="0" branch="false" />
                <line number="50" hits="0" branch="false" />
                <line number="51" hits="0" branch="false" />
                <line number="52" hits="0" branch="false" />
                <line number="53" hits="0" branch="false" />
                <line number="54" hits="0" branch="false" />
                <line number="55" hits="0" branch="false" />
                <line number="56" hits="0" branch="false" />
                <line number="57" hits="0" branch="false" />
                <line number="58" hits="0" branch="false" />
                <line number="59" hits="0" branch="false" />
                <line number="60" hits="0" branch="false" />
                <line number="61" hits="0" branch="false" />
                <line number="62" hits="0" branch="false" />
                <line number="63" hits="0" branch="false" />
                <line number="64" hits="0" branch="false" />
                <line number="65" hits="0" branch="false" />
                <line number="70" hits="0" branch="false" />
                <line number="72" hits="0" branch="false" />
                <line number="73" hits="0" branch="true" condition-coverage="0% (0/2)" />
                <line number="74" hits="0" branch="false" />
                <line number="75" hits="0" branch="false" />
                <line number="76" hits="0" branch="false" />
                <line number="77" hits="0" branch="false" />
                <line number="78" hits="0" branch="false" />
                <line number="79" hits="0" branch="false" />
                <line number="81" hits="0" branch="false" />
                <line number="82" hits="0" branch="false" />
                <line number="83" hits="0" branch="false" />
                <line number="85" hits="0" branch="false" />
                <line number="87" hits="0" branch="false" />
              </lines>
            </method>
            <method name="ExportResultToTable" signature="()" line-rate="0" branch-rate="0" complexity="2">
              <lines>
                <line number="216" hits="0" branch="false" />
                <line number="217" hits="0" branch="false" />
                <line number="219" hits="0" branch="false" />
                <line number="220" hits="0" branch="false" />
                <line number="221" hits="0" branch="true" condition-coverage="0% (0/2)" />
                <line number="222" hits="0" branch="false" />
                <line number="223" hits="0" branch="false" />
                <line number="224" hits="0" branch="false" />
                <line number="226" hits="0" branch="false" />
                <line number="227" hits="0" branch="false" />
                <line number="228" hits="0" branch="false" />
                <line number="229" hits="0" branch="false" />
                <line number="230" hits="0" branch="false" />
                <line number="231" hits="0" branch="false" />
                <line number="232" hits="0" branch="false" />
                <line number="233" hits="0" branch="false" />
              </lines>
            </method>
            <method name="OpenFolderBrowser" signature="()" line-rate="0" branch-rate="0" complexity="2">
              <lines>
                <line number="150" hits="0" branch="false" />
                <line number="152" hits="0" branch="false" />
                <line number="153" hits="0" branch="false" />
                <line number="154" hits="0" branch="true" condition-coverage="0% (0/2)" />
                <line number="155" hits="0" branch="false" />
                <line number="156" hits="0" branch="false" />
                <line number="157" hits="0" branch="false" />
                <line number="158" hits="0" branch="false" />
                <line number="159" hits="0" branch="false" />
                <line number="160" hits="0" branch="false" />
                <line number="161" hits="0" branch="false" />
                <line number="162" hits="0" branch="false" />
                <line number="163" hits="0" branch="false" />
              </lines>
            </method>
            <method name="RunCalculation" signature="()" line-rate="0" branch-rate="0" complexity="8">
              <lines>
                <line number="165" hits="0" branch="false" />
                <line number="166" hits="0" branch="false" />
                <line number="167" hits="0" branch="true" condition-coverage="0% (0/2)" />
                <line number="168" hits="0" branch="false" />
                <line number="169" hits="0" branch="false" />
                <line number="170" hits="0" branch="false" />
                <line number="172" hits="0" branch="true" condition-coverage="0% (0/2)" />
                <line number="173" hits="0" branch="false" />
                <line number="174" hits="0" branch="false" />
                <line number="175" hits="0" branch="false" />
                <line number="178" hits="0" branch="false" />
                <line number="179" hits="0" branch="false" />
                <line number="180" hits="0" branch="true" condition-coverage="0% (0/2)" />
                <line number="181" hits="0" branch="false" />
                <line number="182" hits="0" branch="false" />
                <line number="183" hits="0" branch="false" />
                <line number="185" hits="0" branch="true" condition-coverage="0% (0/2)" />
                <line number="186" hits="0" branch="false" />
                <line number="187" hits="0" branch="false" />
                <line number="188" hits="0" branch="false" />
                <line number="189" hits="0" branch="false" />
                <line number="190" hits="0" branch="false" />
              </lines>
            </method>
            <method name="SummarizeResults" signature="()" line-rate="0" branch-rate="0" complexity="4">
              <lines>
                <line number="193" hits="0" branch="false" />
                <line number="194" hits="0" branch="true" condition-coverage="0% (0/2)" />
                <line number="195" hits="0" branch="false" />
                <line number="196" hits="0" branch="false" />
                <line number="197" hits="0" branch="false" />
                <line number="199" hits="0" branch="false" />
                <line number="200" hits="0" branch="false" />
                <line number="201" hits="0" branch="true" condition-coverage="0% (0/2)" />
                <line number="202" hits="0" branch="false" />
                <line number="203" hits="0" branch="false" />
                <line number="204" hits="0" branch="false" />
                <line number="205" hits="0" branch="false" />
                <line number="206" hits="0" branch="false" />
                <line number="207" hits="0" branch="false" />
                <line number="208" hits="0" branch="false" />
                <line number="209" hits="0" branch="false" />
                <line number="211" hits="0" branch="false" />
                <line number="212" hits="0" branch="false" />
                <line number="213" hits="0" branch="false" />
                <line number="214" hits="0" branch="false" />
              </lines>
            </method>
          </methods>
          <lines>
            <line number="30" hits="0" branch="false" />
            <line number="32" hits="0" branch="false" />
            <line number="33" hits="0" branch="false" />
            <line number="34" hits="0" branch="false" />
            <line number="35" hits="0" branch="false" />
            <line number="40" hits="0" branch="false" />
            <line number="42" hits="0" branch="false" />
            <line number="43" hits="0" branch="false" />
            <line number="45" hits="0" branch="false" />
            <line number="46" hits="0" branch="false" />
            <line number="47" hits="0" branch="false" />
            <line number="48" hits="0" branch="false" />
            <line number="49" hits="0" branch="false" />
            <line number="50" hits="0" branch="false" />
            <line number="51" hits="0" branch="false" />
            <line number="52" hits="0" branch="false" />
            <line number="53" hits="0" branch="false" />
            <line number="54" hits="0" branch="false" />
            <line number="55" hits="0" branch="false" />
            <line number="56" hits="0" branch="false" />
            <line number="57" hits="0" branch="false" />
            <line number="58" hits="0" branch="false" />
            <line number="59" hits="0" branch="false" />
            <line number="60" hits="0" branch="false" />
            <line number="61" hits="0" branch="false" />
            <line number="62" hits="0" branch="false" />
            <line number="63" hits="0" branch="false" />
            <line number="64" hits="0" branch="false" />
            <line number="65" hits="0" branch="false" />
            <line number="70" hits="0" branch="false" />
            <line number="72" hits="0" branch="false" />
            <line number="73" hits="0" branch="true" condition-coverage="0% (0/2)" />
            <line number="74" hits="0" branch="false" />
            <line number="75" hits="0" branch="false" />
            <line number="76" hits="0" branch="false" />
            <line number="77" hits="0" branch="false" />
            <line number="78" hits="0" branch="false" />
            <line number="79" hits="0" branch="false" />
            <line number="81" hits="0" branch="false" />
            <line number="82" hits="0" branch="false" />
            <line number="83" hits="0" branch="false" />
            <line number="85" hits="0" branch="false" />
            <line number="87" hits="0" branch="false" />
            <line number="92" hits="0" branch="false" />
            <line number="96" hits="0" branch="false" />
            <line number="98" hits="0" branch="false" />
            <line number="99" hits="0" branch="false" />
            <line number="100" hits="0" branch="false" />
            <line number="101" hits="0" branch="false" />
            <line number="105" hits="0" branch="false" />
            <line number="107" hits="0" branch="false" />
            <line number="108" hits="0" branch="false" />
            <line number="109" hits="0" branch="false" />
            <line number="110" hits="0" branch="false" />
            <line number="113" hits="0" branch="false" />
            <line number="114" hits="0" branch="false" />
            <line number="115" hits="0" branch="true" condition-coverage="0% (0/2)" />
            <line number="116" hits="0" branch="false" />
            <line number="117" hits="0" branch="false" />
            <line number="118" hits="0" branch="false" />
            <line number="119" hits="0" branch="true" condition-coverage="0% (0/2)" />
            <line number="120" hits="0" branch="false" />
            <line number="121" hits="0" branch="false" />
            <line number="122" hits="0" branch="false" />
            <line number="123" hits="0" branch="true" condition-coverage="0% (0/2)" />
            <line number="124" hits="0" branch="false" />
            <line number="125" hits="0" branch="false" />
            <line number="126" hits="0" branch="false" />
            <line number="127" hits="0" branch="true" condition-coverage="0% (0/2)" />
            <line number="128" hits="0" branch="false" />
            <line number="129" hits="0" branch="false" />
            <line number="130" hits="0" branch="false" />
            <line number="131" hits="0" branch="false" />
            <line number="132" hits="0" branch="false" />
            <line number="137" hits="0" branch="false" />
            <line number="139" hits="0" branch="false" />
            <line number="140" hits="0" branch="true" condition-coverage="0% (0/2)" />
            <line number="141" hits="0" branch="false" />
            <line number="142" hits="0" branch="false" />
            <line number="143" hits="0" branch="false" />
            <line number="144" hits="0" branch="false" />
            <line number="145" hits="0" branch="false" />
            <line number="147" hits="0" branch="false" />
            <line number="148" hits="0" branch="false" />
            <line number="150" hits="0" branch="false" />
            <line number="152" hits="0" branch="false" />
            <line number="153" hits="0" branch="false" />
            <line number="154" hits="0" branch="true" condition-coverage="0% (0/2)" />
            <line number="155" hits="0" branch="false" />
            <line number="156" hits="0" branch="false" />
            <line number="157" hits="0" branch="false" />
            <line number="158" hits="0" branch="false" />
            <line number="159" hits="0" branch="false" />
            <line number="160" hits="0" branch="false" />
            <line number="161" hits="0" branch="false" />
            <line number="162" hits="0" branch="false" />
            <line number="163" hits="0" branch="false" />
            <line number="165" hits="0" branch="false" />
            <line number="166" hits="0" branch="false" />
            <line number="167" hits="0" branch="true" condition-coverage="0% (0/2)" />
            <line number="168" hits="0" branch="false" />
            <line number="169" hits="0" branch="false" />
            <line number="170" hits="0" branch="false" />
            <line number="172" hits="0" branch="true" condition-coverage="0% (0/2)" />
            <line number="173" hits="0" branch="false" />
            <line number="174" hits="0" branch="false" />
            <line number="175" hits="0" branch="false" />
            <line number="178" hits="0" branch="false" />
            <line number="179" hits="0" branch="false" />
            <line number="180" hits="0" branch="true" condition-coverage="0% (0/2)" />
            <line number="181" hits="0" branch="false" />
            <line number="182" hits="0" branch="false" />
            <line number="183" hits="0" branch="false" />
            <line number="185" hits="0" branch="true" condition-coverage="0% (0/2)" />
            <line number="186" hits="0" branch="false" />
            <line number="187" hits="0" branch="false" />
            <line number="188" hits="0" branch="false" />
            <line number="189" hits="0" branch="false" />
            <line number="190" hits="0" branch="false" />
            <line number="193" hits="0" branch="false" />
            <line number="194" hits="0" branch="true" condition-coverage="0% (0/2)" />
            <line number="195" hits="0" branch="false" />
            <line number="196" hits="0" branch="false" />
            <line number="197" hits="0" branch="false" />
            <line number="199" hits="0" branch="false" />
            <line number="200" hits="0" branch="false" />
            <line number="201" hits="0" branch="true" condition-coverage="0% (0/2)" />
            <line number="202" hits="0" branch="false" />
            <line number="203" hits="0" branch="false" />
            <line number="204" hits="0" branch="false" />
            <line number="205" hits="0" branch="false" />
            <line number="206" hits="0" branch="false" />
            <line number="207" hits="0" branch="false" />
            <line number="208" hits="0" branch="false" />
            <line number="209" hits="0" branch="false" />
            <line number="211" hits="0" branch="false" />
            <line number="212" hits="0" branch="false" />
            <line number="213" hits="0" branch="false" />
            <line number="214" hits="0" branch="false" />
            <line number="216" hits="0" branch="false" />
            <line number="217" hits="0" branch="false" />
            <line number="219" hits="0" branch="false" />
            <line number="220" hits="0" branch="false" />
            <line number="221" hits="0" branch="true" condition-coverage="0% (0/2)" />
            <line number="222" hits="0" branch="false" />
            <line number="223" hits="0" branch="false" />
            <line number="224" hits="0" branch="false" />
            <line number="226" hits="0" branch="false" />
            <line number="227" hits="0" branch="false" />
            <line number="228" hits="0" branch="false" />
            <line number="229" hits="0" branch="false" />
            <line number="230" hits="0" branch="false" />
            <line number="231" hits="0" branch="false" />
            <line number="232" hits="0" branch="false" />
            <line number="233" hits="0" branch="false" />
          </lines>
        </class>
        <class name="Shapefile_geometry_calculator.ViewModel.SharedViewModels.EventAggregator" filename="D:\project\Prog tutorial\Sandbox\SHP_Calculator\Shapefile_geometry_calculator\ViewModel\SharedViewModels\EventAggregator.cs" line-rate="0" branch-rate="0" complexity="4">
          <methods>
            <method name="get_Instance" signature="()" line-rate="0" branch-rate="1" complexity="1">
              <lines>
                <line number="16" hits="0" branch="false" />
              </lines>
            </method>
            <method name="PublishReportResultChanged" signature="(...)" line-rate="0" branch-rate="0" complexity="2">
              <lines>
                <line number="21" hits="0" branch="false" />
                <line number="22" hits="0" branch="true" condition-coverage="0% (0/2)" />
                <line number="23" hits="0" branch="false" />
              </lines>
            </method>
            <method name=".ctor" signature="()" line-rate="0" branch-rate="1" complexity="1">
              <lines>
                <line number="14" hits="0" branch="false" />
              </lines>
            </method>
          </methods>
          <lines>
            <line number="14" hits="0" branch="false" />
            <line number="16" hits="0" branch="false" />
            <line number="21" hits="0" branch="false" />
            <line number="22" hits="0" branch="true" condition-coverage="0% (0/2)" />
            <line number="23" hits="0" branch="false" />
          </lines>
        </class>
        <class name="Shapefile_geometry_calculator.ViewModel.SharedViewModels.ReportData_Service" filename="D:\project\Prog tutorial\Sandbox\SHP_Calculator\Shapefile_geometry_calculator\ViewModel\SharedViewModels\ReportData_Service.cs" line-rate="0" branch-rate="1" complexity="1">
          <methods>
            <method name="get_ReportResult" signature="()" line-rate="0" branch-rate="1" complexity="1">
              <lines>
                <line number="12" hits="0" branch="false" />
              </lines>
            </method>
          </methods>
          <lines>
            <line number="12" hits="0" branch="false" />
          </lines>
        </class>
        <class name="Shapefile_geometry_calculator.ViewModel.SharedViewModels.ReportResult_ChangedEventArgs" filename="D:\project\Prog tutorial\Sandbox\SHP_Calculator\Shapefile_geometry_calculator\ViewModel\SharedViewModels\ReportResult_ChangedEventArgs.cs" line-rate="0" branch-rate="1" complexity="1">
          <methods>
            <method name=".ctor" signature="()" line-rate="0" branch-rate="1" complexity="1">
              <lines>
                <line number="11" hits="0" branch="false" />
                <line number="12" hits="0" branch="false" />
                <line number="14" hits="0" branch="false" />
              </lines>
            </method>
          </methods>
          <lines>
            <line number="11" hits="0" branch="false" />
            <line number="12" hits="0" branch="false" />
            <line number="14" hits="0" branch="false" />
          </lines>
        </class>
      </classes>
    </package>
    <package name="Shapefile_geometry_calculator_tests" line-rate="0.996168582375479" branch-rate="1" complexity="24">
      <classes>
        <class name="AutoGeneratedProgram" filename="C:\Users\Chris\.nuget\packages\microsoft.net.test.sdk\17.3.2\build\netcoreapp2.1\Microsoft.NET.Test.Sdk.Program.cs" line-rate="0" branch-rate="1" complexity="1">
          <methods>
            <method name="Main" signature="(...)" line-rate="0" branch-rate="1" complexity="1">
              <lines>
                <line number="4" hits="0" branch="false" />
              </lines>
            </method>
          </methods>
          <lines>
            <line number="4" hits="0" branch="false" />
          </lines>
        </class>
        <class name="Shapefile_geometry_calculator_tests.CalculationManager_Tests" filename="D:\project\Prog tutorial\Sandbox\SHP_Calculator\Shapefile_geometry_calculator_tests\CalculationManager_Tests.cs" line-rate="1" branch-rate="1" complexity="8">
          <methods>
            <method name=".ctor" signature="()" line-rate="1" branch-rate="1" complexity="1">
              <lines>
                <line number="21" hits="7" branch="false" />
                <line number="22" hits="7" branch="false" />
                <line number="23" hits="7" branch="false" />
                <line number="24" hits="7" branch="false" />
                <line number="25" hits="7" branch="false" />
                <line number="27" hits="7" branch="false" />
                <line number="28" hits="7" branch="false" />
                <line number="29" hits="7" branch="false" />
                <line number="30" hits="7" branch="false" />
                <line number="31" hits="7" branch="false" />
                <line number="32" hits="7" branch="false" />
              </lines>
            </method>
            <method name="DoCalculation_FolderReaderThrowsException_HandlesException" signature="()" line-rate="1" branch-rate="1" complexity="1">
              <lines>
                <line number="172" hits="1" branch="false" />
                <line number="174" hits="1" branch="false" />
                <line number="176" hits="1" branch="false" />
                <line number="177" hits="1" branch="false" />
                <line number="180" hits="1" branch="false" />
                <line number="181" hits="2" branch="false" />
                <line number="182" hits="1" branch="false" />
              </lines>
            </method>
            <method name="DoCalculation_PolygonGeometryType_CallsCorrectMethods_WithHectars" signature="()" line-rate="1" branch-rate="1" complexity="1">
              <lines>
                <line number="35" hits="1" branch="false" />
                <line number="37" hits="1" branch="false" />
                <line number="38" hits="1" branch="false" />
                <line number="39" hits="1" branch="false" />
                <line number="40" hits="1" branch="false" />
                <line number="42" hits="1" branch="false" />
                <line number="43" hits="1" branch="false" />
                <line number="45" hits="1" branch="false" />
                <line number="46" hits="1" branch="false" />
                <line number="48" hits="1" branch="false" />
                <line number="49" hits="1" branch="false" />
                <line number="52" hits="1" branch="false" />
                <line number="55" hits="1" branch="false" />
                <line number="56" hits="1" branch="false" />
                <line number="57" hits="1" branch="false" />
                <line number="58" hits="1" branch="false" />
                <line number="59" hits="1" branch="false" />
              </lines>
            </method>
            <method name="DoCalculation_PolygonGeometryType_CallsCorrectMethods_WithKilometers" signature="()" line-rate="1" branch-rate="1" complexity="1">
              <lines>
                <line number="62" hits="1" branch="false" />
                <line number="64" hits="1" branch="false" />
                <line number="65" hits="1" branch="false" />
                <line number="66" hits="1" branch="false" />
                <line number="67" hits="1" branch="false" />
                <line number="69" hits="1" branch="false" />
                <line number="70" hits="1" branch="false" />
                <line number="72" hits="1" branch="false" />
                <line number="73" hits="1" branch="false" />
                <line number="75" hits="1" branch="false" />
                <line number="76" hits="1" branch="false" />
                <line number="79" hits="1" branch="false" />
                <line number="82" hits="1" branch="false" />
                <line number="83" hits="1" branch="false" />
                <line number="84" hits="1" branch="false" />
                <line number="85" hits="1" branch="false" />
                <line number="86" hits="1" branch="false" />
              </lines>
            </method>
            <method name="DoCalculation_PolygonGeometryType_CallsCorrectMethods_WithMeters" signature="()" line-rate="1" branch-rate="1" complexity="1">
              <lines>
                <line number="89" hits="1" branch="false" />
                <line number="91" hits="1" branch="false" />
                <line number="92" hits="1" branch="false" />
                <line number="93" hits="1" branch="false" />
                <line number="94" hits="1" branch="false" />
                <line number="96" hits="1" branch="false" />
                <line number="97" hits="1" branch="false" />
                <line number="99" hits="1" branch="false" />
                <line number="100" hits="1" branch="false" />
                <line number="102" hits="1" branch="false" />
                <line number="103" hits="1" branch="false" />
                <line number="106" hits="1" branch="false" />
                <line number="109" hits="1" branch="false" />
                <line number="110" hits="1" branch="false" />
                <line number="111" hits="1" branch="false" />
                <line number="112" hits="1" branch="false" />
                <line number="113" hits="1" branch="false" />
              </lines>
            </method>
            <method name="DoCalculation_PolylineGeometryType_CallsCorrectMethods_WithKilometers" signature="()" line-rate="1" branch-rate="1" complexity="1">
              <lines>
                <line number="144" hits="1" branch="false" />
                <line number="146" hits="1" branch="false" />
                <line number="147" hits="1" branch="false" />
                <line number="148" hits="1" branch="false" />
                <line number="149" hits="1" branch="false" />
                <line number="151" hits="1" branch="false" />
                <line number="152" hits="1" branch="false" />
                <line number="154" hits="1" branch="false" />
                <line number="155" hits="1" branch="false" />
                <line number="157" hits="1" branch="false" />
                <line number="158" hits="1" branch="false" />
                <line number="161" hits="1" branch="false" />
                <line number="164" hits="1" branch="false" />
                <line number="165" hits="1" branch="false" />
                <line number="166" hits="1" branch="false" />
                <line number="167" hits="1" branch="false" />
                <line number="168" hits="1" branch="false" />
              </lines>
            </method>
            <method name="DoCalculation_PolylineGeometryType_CallsCorrectMethods_WithMeters" signature="()" line-rate="1" branch-rate="1" complexity="1">
              <lines>
                <line number="117" hits="1" branch="false" />
                <line number="119" hits="1" branch="false" />
                <line number="120" hits="1" branch="false" />
                <line number="121" hits="1" branch="false" />
                <line number="122" hits="1" branch="false" />
                <line number="124" hits="1" branch="false" />
                <line number="125" hits="1" branch="false" />
                <line number="127" hits="1" branch="false" />
                <line number="128" hits="1" branch="false" />
                <line number="130" hits="1" branch="false" />
                <line number="131" hits="1" branch="false" />
                <line number="134" hits="1" branch="false" />
                <line number="137" hits="1" branch="false" />
                <line number="138" hits="1" branch="false" />
                <line number="139" hits="1" branch="false" />
                <line number="140" hits="1" branch="false" />
                <line number="141" hits="1" branch="false" />
              </lines>
            </method>
            <method name="DoCalculation_ShapeGeometryCalculatorThrowsException_HandlesException" signature="()" line-rate="1" branch-rate="1" complexity="1">
              <lines>
                <line number="185" hits="1" branch="false" />
                <line number="187" hits="1" branch="false" />
                <line number="188" hits="1" branch="false" />
                <line number="190" hits="1" branch="false" />
                <line number="191" hits="1" branch="false" />
                <line number="193" hits="1" branch="false" />
                <line number="194" hits="1" branch="false" />
                <line number="197" hits="1" branch="false" />
                <line number="198" hits="2" branch="false" />
                <line number="199" hits="1" branch="false" />
              </lines>
            </method>
          </methods>
          <lines>
            <line number="21" hits="7" branch="false" />
            <line number="22" hits="7" branch="false" />
            <line number="23" hits="7" branch="false" />
            <line number="24" hits="7" branch="false" />
            <line number="25" hits="7" branch="false" />
            <line number="27" hits="7" branch="false" />
            <line number="28" hits="7" branch="false" />
            <line number="29" hits="7" branch="false" />
            <line number="30" hits="7" branch="false" />
            <line number="31" hits="7" branch="false" />
            <line number="32" hits="7" branch="false" />
            <line number="35" hits="1" branch="false" />
            <line number="37" hits="1" branch="false" />
            <line number="38" hits="1" branch="false" />
            <line number="39" hits="1" branch="false" />
            <line number="40" hits="1" branch="false" />
            <line number="42" hits="1" branch="false" />
            <line number="43" hits="1" branch="false" />
            <line number="45" hits="1" branch="false" />
            <line number="46" hits="1" branch="false" />
            <line number="48" hits="1" branch="false" />
            <line number="49" hits="1" branch="false" />
            <line number="52" hits="1" branch="false" />
            <line number="55" hits="1" branch="false" />
            <line number="56" hits="1" branch="false" />
            <line number="57" hits="1" branch="false" />
            <line number="58" hits="1" branch="false" />
            <line number="59" hits="1" branch="false" />
            <line number="62" hits="1" branch="false" />
            <line number="64" hits="1" branch="false" />
            <line number="65" hits="1" branch="false" />
            <line number="66" hits="1" branch="false" />
            <line number="67" hits="1" branch="false" />
            <line number="69" hits="1" branch="false" />
            <line number="70" hits="1" branch="false" />
            <line number="72" hits="1" branch="false" />
            <line number="73" hits="1" branch="false" />
            <line number="75" hits="1" branch="false" />
            <line number="76" hits="1" branch="false" />
            <line number="79" hits="1" branch="false" />
            <line number="82" hits="1" branch="false" />
            <line number="83" hits="1" branch="false" />
            <line number="84" hits="1" branch="false" />
            <line number="85" hits="1" branch="false" />
            <line number="86" hits="1" branch="false" />
            <line number="89" hits="1" branch="false" />
            <line number="91" hits="1" branch="false" />
            <line number="92" hits="1" branch="false" />
            <line number="93" hits="1" branch="false" />
            <line number="94" hits="1" branch="false" />
            <line number="96" hits="1" branch="false" />
            <line number="97" hits="1" branch="false" />
            <line number="99" hits="1" branch="false" />
            <line number="100" hits="1" branch="false" />
            <line number="102" hits="1" branch="false" />
            <line number="103" hits="1" branch="false" />
            <line number="106" hits="1" branch="false" />
            <line number="109" hits="1" branch="false" />
            <line number="110" hits="1" branch="false" />
            <line number="111" hits="1" branch="false" />
            <line number="112" hits="1" branch="false" />
            <line number="113" hits="1" branch="false" />
            <line number="117" hits="1" branch="false" />
            <line number="119" hits="1" branch="false" />
            <line number="120" hits="1" branch="false" />
            <line number="121" hits="1" branch="false" />
            <line number="122" hits="1" branch="false" />
            <line number="124" hits="1" branch="false" />
            <line number="125" hits="1" branch="false" />
            <line number="127" hits="1" branch="false" />
            <line number="128" hits="1" branch="false" />
            <line number="130" hits="1" branch="false" />
            <line number="131" hits="1" branch="false" />
            <line number="134" hits="1" branch="false" />
            <line number="137" hits="1" branch="false" />
            <line number="138" hits="1" branch="false" />
            <line number="139" hits="1" branch="false" />
            <line number="140" hits="1" branch="false" />
            <line number="141" hits="1" branch="false" />
            <line number="144" hits="1" branch="false" />
            <line number="146" hits="1" branch="false" />
            <line number="147" hits="1" branch="false" />
            <line number="148" hits="1" branch="false" />
            <line number="149" hits="1" branch="false" />
            <line number="151" hits="1" branch="false" />
            <line number="152" hits="1" branch="false" />
            <line number="154" hits="1" branch="false" />
            <line number="155" hits="1" branch="false" />
            <line number="157" hits="1" branch="false" />
            <line number="158" hits="1" branch="false" />
            <line number="161" hits="1" branch="false" />
            <line number="164" hits="1" branch="false" />
            <line number="165" hits="1" branch="false" />
            <line number="166" hits="1" branch="false" />
            <line number="167" hits="1" branch="false" />
            <line number="168" hits="1" branch="false" />
            <line number="172" hits="1" branch="false" />
            <line number="174" hits="1" branch="false" />
            <line number="176" hits="1" branch="false" />
            <line number="177" hits="1" branch="false" />
            <line number="180" hits="1" branch="false" />
            <line number="181" hits="2" branch="false" />
            <line number="182" hits="1" branch="false" />
            <line number="185" hits="1" branch="false" />
            <line number="187" hits="1" branch="false" />
            <line number="188" hits="1" branch="false" />
            <line number="190" hits="1" branch="false" />
            <line number="191" hits="1" branch="false" />
            <line number="193" hits="1" branch="false" />
            <line number="194" hits="1" branch="false" />
            <line number="197" hits="1" branch="false" />
            <line number="198" hits="2" branch="false" />
            <line number="199" hits="1" branch="false" />
          </lines>
        </class>
        <class name="Shapefile_geometry_calculator_tests.ReportCalculatorTests" filename="D:\project\Prog tutorial\Sandbox\SHP_Calculator\Shapefile_geometry_calculator_tests\ReportCalculatorTests.cs" line-rate="1" branch-rate="1" complexity="5">
          <methods>
            <method name=".ctor" signature="()" line-rate="1" branch-rate="1" complexity="1">
              <lines>
                <line number="14" hits="4" branch="false" />
                <line number="15" hits="4" branch="false" />
                <line number="16" hits="4" branch="false" />
                <line number="17" hits="4" branch="false" />
              </lines>
            </method>
            <method name="ComputeReport_AllEqualValues_ReturnsCorrectStatistics" signature="()" line-rate="1" branch-rate="1" complexity="1">
              <lines>
                <line number="90" hits="1" branch="false" />
                <line number="92" hits="1" branch="false" />
                <line number="93" hits="1" branch="false" />
                <line number="94" hits="1" branch="false" />
                <line number="95" hits="1" branch="false" />
                <line number="96" hits="1" branch="false" />
                <line number="97" hits="1" branch="false" />
                <line number="100" hits="1" branch="false" />
                <line number="103" hits="1" branch="false" />
                <line number="104" hits="1" branch="false" />
                <line number="105" hits="1" branch="false" />
                <line number="106" hits="1" branch="false" />
                <line number="107" hits="1" branch="false" />
                <line number="108" hits="1" branch="false" />
                <line number="109" hits="1" branch="false" />
              </lines>
            </method>
            <method name="ComputeReport_MixedValues_ReturnsCorrectStatistics" signature="()" line-rate="1" branch-rate="1" complexity="1">
              <lines>
                <line number="65" hits="1" branch="false" />
                <line number="67" hits="1" branch="false" />
                <line number="68" hits="1" branch="false" />
                <line number="69" hits="1" branch="false" />
                <line number="70" hits="1" branch="false" />
                <line number="71" hits="1" branch="false" />
                <line number="72" hits="1" branch="false" />
                <line number="73" hits="1" branch="false" />
                <line number="74" hits="1" branch="false" />
                <line number="77" hits="1" branch="false" />
                <line number="80" hits="1" branch="false" />
                <line number="81" hits="1" branch="false" />
                <line number="82" hits="1" branch="false" />
                <line number="83" hits="1" branch="false" />
                <line number="84" hits="1" branch="false" />
                <line number="85" hits="1" branch="false" />
                <line number="86" hits="1" branch="false" />
              </lines>
            </method>
            <method name="ComputeReport_MultipleItems_ReturnsCorrectStatistics" signature="()" line-rate="1" branch-rate="1" complexity="1">
              <lines>
                <line number="42" hits="1" branch="false" />
                <line number="44" hits="1" branch="false" />
                <line number="45" hits="1" branch="false" />
                <line number="46" hits="1" branch="false" />
                <line number="47" hits="1" branch="false" />
                <line number="48" hits="1" branch="false" />
                <line number="49" hits="1" branch="false" />
                <line number="52" hits="1" branch="false" />
                <line number="55" hits="1" branch="false" />
                <line number="56" hits="1" branch="false" />
                <line number="57" hits="1" branch="false" />
                <line number="58" hits="1" branch="false" />
                <line number="59" hits="1" branch="false" />
                <line number="60" hits="1" branch="false" />
                <line number="61" hits="1" branch="false" />
              </lines>
            </method>
            <method name="ComputeReport_SingleItem_ReturnsCorrectStatistics" signature="()" line-rate="1" branch-rate="1" complexity="1">
              <lines>
                <line number="21" hits="1" branch="false" />
                <line number="23" hits="1" branch="false" />
                <line number="24" hits="1" branch="false" />
                <line number="25" hits="1" branch="false" />
                <line number="26" hits="1" branch="false" />
                <line number="29" hits="1" branch="false" />
                <line number="32" hits="1" branch="false" />
                <line number="33" hits="1" branch="false" />
                <line number="34" hits="1" branch="false" />
                <line number="35" hits="1" branch="false" />
                <line number="36" hits="1" branch="false" />
                <line number="37" hits="1" branch="false" />
                <line number="38" hits="1" branch="false" />
              </lines>
            </method>
          </methods>
          <lines>
            <line number="14" hits="4" branch="false" />
            <line number="15" hits="4" branch="false" />
            <line number="16" hits="4" branch="false" />
            <line number="17" hits="4" branch="false" />
            <line number="21" hits="1" branch="false" />
            <line number="23" hits="1" branch="false" />
            <line number="24" hits="1" branch="false" />
            <line number="25" hits="1" branch="false" />
            <line number="26" hits="1" branch="false" />
            <line number="29" hits="1" branch="false" />
            <line number="32" hits="1" branch="false" />
            <line number="33" hits="1" branch="false" />
            <line number="34" hits="1" branch="false" />
            <line number="35" hits="1" branch="false" />
            <line number="36" hits="1" branch="false" />
            <line number="37" hits="1" branch="false" />
            <line number="38" hits="1" branch="false" />
            <line number="42" hits="1" branch="false" />
            <line number="44" hits="1" branch="false" />
            <line number="45" hits="1" branch="false" />
            <line number="46" hits="1" branch="false" />
            <line number="47" hits="1" branch="false" />
            <line number="48" hits="1" branch="false" />
            <line number="49" hits="1" branch="false" />
            <line number="52" hits="1" branch="false" />
            <line number="55" hits="1" branch="false" />
            <line number="56" hits="1" branch="false" />
            <line number="57" hits="1" branch="false" />
            <line number="58" hits="1" branch="false" />
            <line number="59" hits="1" branch="false" />
            <line number="60" hits="1" branch="false" />
            <line number="61" hits="1" branch="false" />
            <line number="65" hits="1" branch="false" />
            <line number="67" hits="1" branch="false" />
            <line number="68" hits="1" branch="false" />
            <line number="69" hits="1" branch="false" />
            <line number="70" hits="1" branch="false" />
            <line number="71" hits="1" branch="false" />
            <line number="72" hits="1" branch="false" />
            <line number="73" hits="1" branch="false" />
            <line number="74" hits="1" branch="false" />
            <line number="77" hits="1" branch="false" />
            <line number="80" hits="1" branch="false" />
            <line number="81" hits="1" branch="false" />
            <line number="82" hits="1" branch="false" />
            <line number="83" hits="1" branch="false" />
            <line number="84" hits="1" branch="false" />
            <line number="85" hits="1" branch="false" />
            <line number="86" hits="1" branch="false" />
            <line number="90" hits="1" branch="false" />
            <line number="92" hits="1" branch="false" />
            <line number="93" hits="1" branch="false" />
            <line number="94" hits="1" branch="false" />
            <line number="95" hits="1" branch="false" />
            <line number="96" hits="1" branch="false" />
            <line number="97" hits="1" branch="false" />
            <line number="100" hits="1" branch="false" />
            <line number="103" hits="1" branch="false" />
            <line number="104" hits="1" branch="false" />
            <line number="105" hits="1" branch="false" />
            <line number="106" hits="1" branch="false" />
            <line number="107" hits="1" branch="false" />
            <line number="108" hits="1" branch="false" />
            <line number="109" hits="1" branch="false" />
          </lines>
        </class>
        <class name="Shapefile_geometry_calculator_tests.ResultConverterTests" filename="D:\project\Prog tutorial\Sandbox\SHP_Calculator\Shapefile_geometry_calculator_tests\ResultConverterTests.cs" line-rate="1" branch-rate="1" complexity="10">
          <methods>
            <method name=".ctor" signature="()" line-rate="1" branch-rate="1" complexity="1">
              <lines>
                <line number="15" hits="9" branch="false" />
                <line number="16" hits="9" branch="false" />
                <line number="17" hits="9" branch="false" />
                <line number="18" hits="9" branch="false" />
              </lines>
            </method>
            <method name="CalculateConvertion_CorrectlyConvertsResults" signature="()" line-rate="1" branch-rate="1" complexity="1">
              <lines>
                <line number="151" hits="1" branch="false" />
                <line number="153" hits="1" branch="false" />
                <line number="154" hits="1" branch="false" />
                <line number="155" hits="1" branch="false" />
                <line number="156" hits="1" branch="false" />
                <line number="157" hits="1" branch="false" />
                <line number="160" hits="1" branch="false" />
                <line number="163" hits="1" branch="false" />
                <line number="164" hits="1" branch="false" />
                <line number="165" hits="1" branch="false" />
                <line number="166" hits="1" branch="false" />
              </lines>
            </method>
            <method name="ConvertPolygonResult_EmptyList_ReturnsNull" signature="()" line-rate="1" branch-rate="1" complexity="1">
              <lines>
                <line number="21" hits="1" branch="false" />
                <line number="23" hits="1" branch="false" />
                <line number="26" hits="1" branch="false" />
                <line number="29" hits="1" branch="false" />
                <line number="30" hits="1" branch="false" />
              </lines>
            </method>
            <method name="ConvertPolygonResult_InvalidMeasureType_DoesNotConvert" signature="()" line-rate="1" branch-rate="1" complexity="1">
              <lines>
                <line number="70" hits="1" branch="false" />
                <line number="72" hits="1" branch="false" />
                <line number="73" hits="1" branch="false" />
                <line number="74" hits="1" branch="false" />
                <line number="75" hits="1" branch="false" />
                <line number="78" hits="1" branch="false" />
                <line number="81" hits="1" branch="false" />
                <line number="82" hits="1" branch="false" />
                <line number="83" hits="1" branch="false" />
              </lines>
            </method>
            <method name="ConvertPolygonResult_MultipleItems_ReturnsCorrectConversions" signature="()" line-rate="1" branch-rate="1" complexity="1">
              <lines>
                <line number="51" hits="1" branch="false" />
                <line number="53" hits="1" branch="false" />
                <line number="54" hits="1" branch="false" />
                <line number="55" hits="1" branch="false" />
                <line number="56" hits="1" branch="false" />
                <line number="57" hits="1" branch="false" />
                <line number="60" hits="1" branch="false" />
                <line number="63" hits="1" branch="false" />
                <line number="64" hits="1" branch="false" />
                <line number="65" hits="1" branch="false" />
                <line number="66" hits="1" branch="false" />
              </lines>
            </method>
            <method name="ConvertPolygonResult_SingleItem_ReturnsCorrectConversion" signature="()" line-rate="1" branch-rate="1" complexity="1">
              <lines>
                <line number="34" hits="1" branch="false" />
                <line number="36" hits="1" branch="false" />
                <line number="37" hits="1" branch="false" />
                <line number="38" hits="1" branch="false" />
                <line number="39" hits="1" branch="false" />
                <line number="42" hits="1" branch="false" />
                <line number="45" hits="1" branch="false" />
                <line number="46" hits="1" branch="false" />
                <line number="47" hits="1" branch="false" />
              </lines>
            </method>
            <method name="ConvertPolylineResult_EmptyList_ReturnsNull" signature="()" line-rate="1" branch-rate="1" complexity="1">
              <lines>
                <line number="119" hits="1" branch="false" />
                <line number="121" hits="1" branch="false" />
                <line number="124" hits="1" branch="false" />
                <line number="127" hits="1" branch="false" />
                <line number="128" hits="1" branch="false" />
              </lines>
            </method>
            <method name="ConvertPolylineResult_KilometerConversion_ReturnsCorrectConversion" signature="()" line-rate="1" branch-rate="1" complexity="1">
              <lines>
                <line number="102" hits="1" branch="false" />
                <line number="104" hits="1" branch="false" />
                <line number="105" hits="1" branch="false" />
                <line number="106" hits="1" branch="false" />
                <line number="107" hits="1" branch="false" />
                <line number="110" hits="1" branch="false" />
                <line number="113" hits="1" branch="false" />
                <line number="114" hits="1" branch="false" />
                <line number="115" hits="1" branch="false" />
              </lines>
            </method>
            <method name="ConvertPolylineResult_MeterConversion_ReturnsCorrectConversion" signature="()" line-rate="1" branch-rate="1" complexity="1">
              <lines>
                <line number="86" hits="1" branch="false" />
                <line number="88" hits="1" branch="false" />
                <line number="89" hits="1" branch="false" />
                <line number="90" hits="1" branch="false" />
                <line number="91" hits="1" branch="false" />
                <line number="94" hits="1" branch="false" />
                <line number="97" hits="1" branch="false" />
                <line number="98" hits="1" branch="false" />
                <line number="99" hits="1" branch="false" />
              </lines>
            </method>
            <method name="ConvertPolylineResult_MultipleItems_ReturnsCorrectConversions" signature="()" line-rate="1" branch-rate="1" complexity="1">
              <lines>
                <line number="132" hits="1" branch="false" />
                <line number="134" hits="1" branch="false" />
                <line number="135" hits="1" branch="false" />
                <line number="136" hits="1" branch="false" />
                <line number="137" hits="1" branch="false" />
                <line number="138" hits="1" branch="false" />
                <line number="141" hits="1" branch="false" />
                <line number="144" hits="1" branch="false" />
                <line number="145" hits="1" branch="false" />
                <line number="146" hits="1" branch="false" />
                <line number="147" hits="1" branch="false" />
              </lines>
            </method>
          </methods>
          <lines>
            <line number="15" hits="9" branch="false" />
            <line number="16" hits="9" branch="false" />
            <line number="17" hits="9" branch="false" />
            <line number="18" hits="9" branch="false" />
            <line number="21" hits="1" branch="false" />
            <line number="23" hits="1" branch="false" />
            <line number="26" hits="1" branch="false" />
            <line number="29" hits="1" branch="false" />
            <line number="30" hits="1" branch="false" />
            <line number="34" hits="1" branch="false" />
            <line number="36" hits="1" branch="false" />
            <line number="37" hits="1" branch="false" />
            <line number="38" hits="1" branch="false" />
            <line number="39" hits="1" branch="false" />
            <line number="42" hits="1" branch="false" />
            <line number="45" hits="1" branch="false" />
            <line number="46" hits="1" branch="false" />
            <line number="47" hits="1" branch="false" />
            <line number="51" hits="1" branch="false" />
            <line number="53" hits="1" branch="false" />
            <line number="54" hits="1" branch="false" />
            <line number="55" hits="1" branch="false" />
            <line number="56" hits="1" branch="false" />
            <line number="57" hits="1" branch="false" />
            <line number="60" hits="1" branch="false" />
            <line number="63" hits="1" branch="false" />
            <line number="64" hits="1" branch="false" />
            <line number="65" hits="1" branch="false" />
            <line number="66" hits="1" branch="false" />
            <line number="70" hits="1" branch="false" />
            <line number="72" hits="1" branch="false" />
            <line number="73" hits="1" branch="false" />
            <line number="74" hits="1" branch="false" />
            <line number="75" hits="1" branch="false" />
            <line number="78" hits="1" branch="false" />
            <line number="81" hits="1" branch="false" />
            <line number="82" hits="1" branch="false" />
            <line number="83" hits="1" branch="false" />
            <line number="86" hits="1" branch="false" />
            <line number="88" hits="1" branch="false" />
            <line number="89" hits="1" branch="false" />
            <line number="90" hits="1" branch="false" />
            <line number="91" hits="1" branch="false" />
            <line number="94" hits="1" branch="false" />
            <line number="97" hits="1" branch="false" />
            <line number="98" hits="1" branch="false" />
            <line number="99" hits="1" branch="false" />
            <line number="102" hits="1" branch="false" />
            <line number="104" hits="1" branch="false" />
            <line number="105" hits="1" branch="false" />
            <line number="106" hits="1" branch="false" />
            <line number="107" hits="1" branch="false" />
            <line number="110" hits="1" branch="false" />
            <line number="113" hits="1" branch="false" />
            <line number="114" hits="1" branch="false" />
            <line number="115" hits="1" branch="false" />
            <line number="119" hits="1" branch="false" />
            <line number="121" hits="1" branch="false" />
            <line number="124" hits="1" branch="false" />
            <line number="127" hits="1" branch="false" />
            <line number="128" hits="1" branch="false" />
            <line number="132" hits="1" branch="false" />
            <line number="134" hits="1" branch="false" />
            <line number="135" hits="1" branch="false" />
            <line number="136" hits="1" branch="false" />
            <line number="137" hits="1" branch="false" />
            <line number="138" hits="1" branch="false" />
            <line number="141" hits="1" branch="false" />
            <line number="144" hits="1" branch="false" />
            <line number="145" hits="1" branch="false" />
            <line number="146" hits="1" branch="false" />
            <line number="147" hits="1" branch="false" />
            <line number="151" hits="1" branch="false" />
            <line number="153" hits="1" branch="false" />
            <line number="154" hits="1" branch="false" />
            <line number="155" hits="1" branch="false" />
            <line number="156" hits="1" branch="false" />
            <line number="157" hits="1" branch="false" />
            <line number="160" hits="1" branch="false" />
            <line number="163" hits="1" branch="false" />
            <line number="164" hits="1" branch="false" />
            <line number="165" hits="1" branch="false" />
            <line number="166" hits="1" branch="false" />
          </lines>
        </class>
      </classes>
    </package>
  </packages>
</coverage>