TpTrace Verbose: 0 : 26132, 1, 2024/06/10, 12:39:38.743, 11244705860232, vstest.console.dll, Version: 17.10.0-release-24203-04 Current process architecture: X64
TpTrace Verbose: 0 : 26132, 1, 2024/06/10, 12:39:38.747, 11244705894049, vstest.console.dll, Runtime location: C:\Program Files\dotnet\shared\Microsoft.NETCore.App\8.0.6
TpTrace Verbose: 0 : 26132, 1, 2024/06/10, 12:39:38.749, 11244705917122, vstest.console.dll, ArtifactProcessingPostProcessModeProcessorExecutor.Initialize: ArtifactProcessingMode.Collect
TpTrace Verbose: 0 : 26132, 1, 2024/06/10, 12:39:38.749, 11244705919109, vstest.console.dll, TestSessionCorrelationIdProcessorModeProcessorExecutor.Initialize: TestSessionCorrelationId '1564_a1c49f1a-b4e6-4910-a175-4354dee67da3'
TpTrace Information: 0 : 26132, 1, 2024/06/10, 12:39:38.798, 11244706402511, vstest.console.dll, FilePatternParser: The given file D:\project\Prog tutorial\Sandbox\SHP_Calculator\Shapefile_geometry_calculator_tests\bin\Debug\net6.0\fine-code-coverage\build-output\Shapefile_geometry_calculator_tests.dll is a full path.
TpTrace Verbose: 0 : 26132, 1, 2024/06/10, 12:39:38.807, 11244706495295, vstest.console.dll, TestPluginCache.DiscoverTestExtensions: finding test extensions in assemblies ends with: RuntimeProvider.dll TPluginInfo: Microsoft.VisualStudio.TestPlatform.Common.ExtensionFramework.Utilities.TestRuntimePluginInformation TExtension: Microsoft.VisualStudio.TestPlatform.ObjectModel.Host.ITestRuntimeProvider
TpTrace Verbose: 0 : 26132, 1, 2024/06/10, 12:39:38.807, 11244706499416, vstest.console.dll, TestPluginCache.GetExtensionPaths: Filtered extension paths: 
TpTrace Verbose: 0 : 26132, 1, 2024/06/10, 12:39:38.807, 11244706500477, vstest.console.dll, TestPluginCache.GetExtensionPaths: Added default extension paths: C:\Program Files\dotnet\sdk\8.0.301\Extensions\Microsoft.Diagnostics.NETCore.Client.dll
C:\Program Files\dotnet\sdk\8.0.301\Extensions\Microsoft.TestPlatform.Extensions.BlameDataCollector.dll
C:\Program Files\dotnet\sdk\8.0.301\Extensions\Microsoft.TestPlatform.Extensions.EventLogCollector.dll
C:\Program Files\dotnet\sdk\8.0.301\Extensions\Microsoft.TestPlatform.TestHostRuntimeProvider.dll
C:\Program Files\dotnet\sdk\8.0.301\Extensions\Microsoft.VisualStudio.TestPlatform.Extensions.Html.TestLogger.dll
C:\Program Files\dotnet\sdk\8.0.301\Extensions\Microsoft.VisualStudio.TestPlatform.Extensions.Trx.TestLogger.dll
TpTrace Verbose: 0 : 26132, 1, 2024/06/10, 12:39:38.808, 11244706501020, vstest.console.dll, TestPluginCache.GetExtensionPaths: Added unfilterableExtensionPaths: 
TpTrace Information: 0 : 26132, 1, 2024/06/10, 12:39:38.808, 11244706510166, vstest.console.dll, AssemblyResolver.ctor: Creating AssemblyResolver with searchDirectories C:\Program Files\dotnet\sdk\8.0.301\Extensions,C:\Program Files\dotnet\sdk\8.0.301
TpTrace Verbose: 0 : 26132, 1, 2024/06/10, 12:39:38.810, 11244706525975, vstest.console.dll, TestPluginCache.DiscoverTestExtensions: Discovering the extensions using extension path.
TpTrace Verbose: 0 : 26132, 1, 2024/06/10, 12:39:38.810, 11244706528471, vstest.console.dll, TestPluginCache.GetExtensionPaths: Filtered extension paths: 
TpTrace Verbose: 0 : 26132, 1, 2024/06/10, 12:39:38.810, 11244706529135, vstest.console.dll, TestPluginCache.GetExtensionPaths: Added default extension paths: C:\Program Files\dotnet\sdk\8.0.301\Extensions\Microsoft.Diagnostics.NETCore.Client.dll
C:\Program Files\dotnet\sdk\8.0.301\Extensions\Microsoft.TestPlatform.Extensions.BlameDataCollector.dll
C:\Program Files\dotnet\sdk\8.0.301\Extensions\Microsoft.TestPlatform.Extensions.EventLogCollector.dll
C:\Program Files\dotnet\sdk\8.0.301\Extensions\Microsoft.TestPlatform.TestHostRuntimeProvider.dll
C:\Program Files\dotnet\sdk\8.0.301\Extensions\Microsoft.VisualStudio.TestPlatform.Extensions.Html.TestLogger.dll
C:\Program Files\dotnet\sdk\8.0.301\Extensions\Microsoft.VisualStudio.TestPlatform.Extensions.Trx.TestLogger.dll
TpTrace Verbose: 0 : 26132, 1, 2024/06/10, 12:39:38.810, 11244706529902, vstest.console.dll, TestPluginCache.GetExtensionPaths: Added unfilterableExtensionPaths: 
TpTrace Verbose: 0 : 26132, 1, 2024/06/10, 12:39:38.811, 11244706532284, vstest.console.dll, TestPluginCache.DiscoverTestExtensions: Discovering the extensions using allExtensionPaths: C:\Program Files\dotnet\sdk\8.0.301\Extensions\Microsoft.Diagnostics.NETCore.Client.dll
C:\Program Files\dotnet\sdk\8.0.301\Extensions\Microsoft.TestPlatform.Extensions.BlameDataCollector.dll
C:\Program Files\dotnet\sdk\8.0.301\Extensions\Microsoft.TestPlatform.Extensions.EventLogCollector.dll
C:\Program Files\dotnet\sdk\8.0.301\Extensions\Microsoft.TestPlatform.TestHostRuntimeProvider.dll
C:\Program Files\dotnet\sdk\8.0.301\Extensions\Microsoft.VisualStudio.TestPlatform.Extensions.Html.TestLogger.dll
C:\Program Files\dotnet\sdk\8.0.301\Extensions\Microsoft.VisualStudio.TestPlatform.Extensions.Trx.TestLogger.dll
TpTrace Information: 0 : 26132, 1, 2024/06/10, 12:39:38.811, 11244706534490, vstest.console.dll, AssemblyResolver.AddSearchDirectories: Adding more searchDirectories C:\Program Files\dotnet\sdk\8.0.301\Extensions,C:\Program Files\dotnet\sdk\8.0.301
TpTrace Information: 0 : 26132, 1, 2024/06/10, 12:39:38.811, 11244706535793, vstest.console.dll, AssemblyResolver.AddSearchDirectories: Adding more searchDirectories C:\Program Files\dotnet\sdk\8.0.301\Extensions,C:\Program Files\dotnet\sdk\8.0.301
TpTrace Information: 0 : 26132, 1, 2024/06/10, 12:39:38.811, 11244706536707, vstest.console.dll, AssemblyResolver.AddSearchDirectories: Adding more searchDirectories C:\Program Files\dotnet\sdk\8.0.301\Extensions,C:\Program Files\dotnet\sdk\8.0.301
TpTrace Information: 0 : 26132, 1, 2024/06/10, 12:39:38.811, 11244706537260, vstest.console.dll, AssemblyResolver.AddSearchDirectories: Adding more searchDirectories C:\Program Files\dotnet\sdk\8.0.301\Extensions,C:\Program Files\dotnet\sdk\8.0.301
TpTrace Information: 0 : 26132, 1, 2024/06/10, 12:39:38.811, 11244706538109, vstest.console.dll, AssemblyResolver.AddSearchDirectories: Adding more searchDirectories C:\Program Files\dotnet\sdk\8.0.301\Extensions,C:\Program Files\dotnet\sdk\8.0.301
TpTrace Information: 0 : 26132, 1, 2024/06/10, 12:39:38.811, 11244706538606, vstest.console.dll, AssemblyResolver.AddSearchDirectories: Adding more searchDirectories C:\Program Files\dotnet\sdk\8.0.301\Extensions,C:\Program Files\dotnet\sdk\8.0.301
TpTrace Information: 0 : 26132, 1, 2024/06/10, 12:39:38.812, 11244706549254, vstest.console.dll, AssemblyResolver.OnResolve: Microsoft.Diagnostics.NETCore.Client: Resolving assembly.
TpTrace Information: 0 : 26132, 1, 2024/06/10, 12:39:38.812, 11244706550826, vstest.console.dll, AssemblyResolver.OnResolve: Microsoft.Diagnostics.NETCore.Client: Searching in: 'C:\Program Files\dotnet\sdk\8.0.301\Extensions'.
TpTrace Information: 0 : 26132, 1, 2024/06/10, 12:39:38.820, 11244706627227, vstest.console.dll, AssemblyResolver.OnResolve: Microsoft.Diagnostics.NETCore.Client: Loading assembly 'C:\Program Files\dotnet\sdk\8.0.301\Extensions\Microsoft.Diagnostics.NETCore.Client.dll'.
TpTrace Information: 0 : 26132, 1, 2024/06/10, 12:39:38.821, 11244706634689, vstest.console.dll, AssemblyResolver.OnResolve: Resolved assembly: Microsoft.Diagnostics.NETCore.Client, from path: C:\Program Files\dotnet\sdk\8.0.301\Extensions\Microsoft.Diagnostics.NETCore.Client.dll
TpTrace Verbose: 0 : 26132, 1, 2024/06/10, 12:39:38.826, 11244706686330, vstest.console.dll, MetadataReaderExtensionsHelper: Discovering extensions inside assembly 'Microsoft.Diagnostics.NETCore.Client, Version=0.2.10.15101, Culture=neutral, PublicKeyToken=31bf3856ad364e35' file path 'C:\Program Files\dotnet\sdk\8.0.301\Extensions\Microsoft.Diagnostics.NETCore.Client.dll'
TpTrace Information: 0 : 26132, 1, 2024/06/10, 12:39:38.830, 11244706729130, vstest.console.dll, AssemblyResolver.OnResolve: Microsoft.Bcl.AsyncInterfaces: Resolving assembly.
TpTrace Information: 0 : 26132, 1, 2024/06/10, 12:39:38.830, 11244706730282, vstest.console.dll, AssemblyResolver.OnResolve: Microsoft.Bcl.AsyncInterfaces: Searching in: 'C:\Program Files\dotnet\sdk\8.0.301\Extensions'.
TpTrace Information: 0 : 26132, 1, 2024/06/10, 12:39:38.831, 11244706731484, vstest.console.dll, AssemblyResolver.OnResolve: Microsoft.Bcl.AsyncInterfaces: Assembly path does not exist: 'C:\Program Files\dotnet\sdk\8.0.301\Extensions\Microsoft.Bcl.AsyncInterfaces.dll', returning.
TpTrace Information: 0 : 26132, 1, 2024/06/10, 12:39:38.831, 11244706733324, vstest.console.dll, AssemblyResolver.OnResolve: Microsoft.Bcl.AsyncInterfaces: Assembly path does not exist: 'C:\Program Files\dotnet\sdk\8.0.301\Extensions\Microsoft.Bcl.AsyncInterfaces.exe', returning.
TpTrace Information: 0 : 26132, 1, 2024/06/10, 12:39:38.831, 11244706733819, vstest.console.dll, AssemblyResolver.OnResolve: Microsoft.Bcl.AsyncInterfaces: Searching in: 'C:\Program Files\dotnet\sdk\8.0.301'.
TpTrace Information: 0 : 26132, 1, 2024/06/10, 12:39:38.831, 11244706734778, vstest.console.dll, AssemblyResolver.OnResolve: Microsoft.Bcl.AsyncInterfaces: Assembly path does not exist: 'C:\Program Files\dotnet\sdk\8.0.301\Microsoft.Bcl.AsyncInterfaces.dll', returning.
TpTrace Information: 0 : 26132, 1, 2024/06/10, 12:39:38.831, 11244706735614, vstest.console.dll, AssemblyResolver.OnResolve: Microsoft.Bcl.AsyncInterfaces: Assembly path does not exist: 'C:\Program Files\dotnet\sdk\8.0.301\Microsoft.Bcl.AsyncInterfaces.exe', returning.
TpTrace Information: 0 : 26132, 1, 2024/06/10, 12:39:38.831, 11244706736042, vstest.console.dll, AssemblyResolver.OnResolve: Microsoft.Bcl.AsyncInterfaces: Failed to load assembly.
TpTrace Verbose: 0 : 26132, 1, 2024/06/10, 12:39:38.831, 11244706736499, vstest.console.dll, CurrentDomainAssemblyResolve: Resolving assembly 'Microsoft.Bcl.AsyncInterfaces'.
TpTrace Information: 0 : 26132, 1, 2024/06/10, 12:39:38.831, 11244706737300, vstest.console.dll, AssemblyResolver.OnResolve: Microsoft.Bcl.AsyncInterfaces: Resolving assembly.
TpTrace Information: 0 : 26132, 1, 2024/06/10, 12:39:38.831, 11244706738210, vstest.console.dll, AssemblyResolver.OnResolve: Microsoft.Bcl.AsyncInterfaces: Resolved from cache.
TpTrace Verbose: 0 : 26132, 1, 2024/06/10, 12:39:38.831, 11244706738680, vstest.console.dll, CurrentDomainAssemblyResolve: Resolving assembly 'Microsoft.Bcl.AsyncInterfaces'.
TpTrace Verbose: 0 : 26132, 1, 2024/06/10, 12:39:38.831, 11244706739768, vstest.console.dll, CurrentDomainAssemblyResolve: Failed to resolve assembly 'Microsoft.Bcl.AsyncInterfaces'.
TpTrace Verbose: 0 : 26132, 1, 2024/06/10, 12:39:38.832, 11244706747975, vstest.console.dll, CurrentDomainAssemblyResolve: Failed to resolve assembly 'Microsoft.Bcl.AsyncInterfaces'.
TpTrace Warning: 0 : 26132, 1, 2024/06/10, 12:39:38.844, 11244706866610, vstest.console.dll, TestPluginDiscoverer: Failed to get types from assembly 'Microsoft.Diagnostics.NETCore.Client, Version=0.2.10.15101, Culture=neutral, PublicKeyToken=31bf3856ad364e35'. Error: System.Reflection.ReflectionTypeLoadException: Unable to load one or more of the requested types.
Could not load file or assembly 'Microsoft.Bcl.AsyncInterfaces, Version=6.0.0.0, Culture=neutral, PublicKeyToken=cc7b13ffcd2ddd51'. A rendszer nem találja a megadott fájlt.
   at System.Reflection.RuntimeModule.GetTypes(RuntimeModule module)
   at System.Reflection.RuntimeModule.GetTypes()
   at Microsoft.VisualStudio.TestPlatform.Common.ExtensionFramework.TestPluginDiscoverer.GetTestExtensionsFromAssembly[TPluginInfo,TExtension](Assembly assembly, Dictionary`2 pluginInfos, String filePath) in /_/src/Microsoft.TestPlatform.Common/ExtensionFramework/TestPluginDiscoverer.cs:line 158
System.IO.FileNotFoundException: Could not load file or assembly 'Microsoft.Bcl.AsyncInterfaces, Version=6.0.0.0, Culture=neutral, PublicKeyToken=cc7b13ffcd2ddd51'. A rendszer nem találja a megadott fájlt.
File name: 'Microsoft.Bcl.AsyncInterfaces, Version=6.0.0.0, Culture=neutral, PublicKeyToken=cc7b13ffcd2ddd51'
 ---> System.IO.FileNotFoundException: Could not load file or assembly 'Microsoft.Bcl.AsyncInterfaces, Culture=neutral, PublicKeyToken=null'. A rendszer nem találja a megadott fájlt.
File name: 'Microsoft.Bcl.AsyncInterfaces, Culture=neutral, PublicKeyToken=null'
   at System.Reflection.RuntimeAssembly.InternalLoad(AssemblyName assemblyName, StackCrawlMark& stackMark, AssemblyLoadContext assemblyLoadContext, RuntimeAssembly requestingAssembly, Boolean throwOnFileNotFound)
   at System.Reflection.Assembly.Load(AssemblyName assemblyRef)
   at Microsoft.VisualStudio.TestPlatform.Common.ExtensionFramework.TestPluginCache.CurrentDomainAssemblyResolve(Object sender, AssemblyResolveEventArgs args) in /_/src/Microsoft.TestPlatform.Common/ExtensionFramework/TestPluginCache.cs:line 513
   at System.Runtime.Loader.AssemblyLoadContext.GetFirstResolvedAssemblyFromResolvingEvent(AssemblyName assemblyName)
   at System.Runtime.Loader.AssemblyLoadContext.ResolveUsingEvent(AssemblyName assemblyName)
   at System.Runtime.Loader.AssemblyLoadContext.ResolveUsingResolvingEvent(IntPtr gchManagedAssemblyLoadContext, AssemblyName assemblyName)
TpTrace Warning: 0 : 26132, 1, 2024/06/10, 12:39:38.844, 11244706870793, vstest.console.dll, LoaderExceptions: System.IO.FileNotFoundException: Could not load file or assembly 'Microsoft.Bcl.AsyncInterfaces, Version=6.0.0.0, Culture=neutral, PublicKeyToken=cc7b13ffcd2ddd51'. A rendszer nem találja a megadott fájlt.
File name: 'Microsoft.Bcl.AsyncInterfaces, Version=6.0.0.0, Culture=neutral, PublicKeyToken=cc7b13ffcd2ddd51'
 ---> System.IO.FileNotFoundException: Could not load file or assembly 'Microsoft.Bcl.AsyncInterfaces, Culture=neutral, PublicKeyToken=null'. A rendszer nem találja a megadott fájlt.
File name: 'Microsoft.Bcl.AsyncInterfaces, Culture=neutral, PublicKeyToken=null'
   at System.Reflection.RuntimeAssembly.InternalLoad(AssemblyName assemblyName, StackCrawlMark& stackMark, AssemblyLoadContext assemblyLoadContext, RuntimeAssembly requestingAssembly, Boolean throwOnFileNotFound)
   at System.Reflection.Assembly.Load(AssemblyName assemblyRef)
   at Microsoft.VisualStudio.TestPlatform.Common.ExtensionFramework.TestPluginCache.CurrentDomainAssemblyResolve(Object sender, AssemblyResolveEventArgs args) in /_/src/Microsoft.TestPlatform.Common/ExtensionFramework/TestPluginCache.cs:line 513
   at System.Runtime.Loader.AssemblyLoadContext.GetFirstResolvedAssemblyFromResolvingEvent(AssemblyName assemblyName)
   at System.Runtime.Loader.AssemblyLoadContext.ResolveUsingEvent(AssemblyName assemblyName)
   at System.Runtime.Loader.AssemblyLoadContext.ResolveUsingResolvingEvent(IntPtr gchManagedAssemblyLoadContext, AssemblyName assemblyName)
TpTrace Information: 0 : 26132, 1, 2024/06/10, 12:39:38.845, 11244706873077, vstest.console.dll, AssemblyResolver.OnResolve: Microsoft.TestPlatform.Extensions.BlameDataCollector: Resolving assembly.
TpTrace Information: 0 : 26132, 1, 2024/06/10, 12:39:38.845, 11244706874009, vstest.console.dll, AssemblyResolver.OnResolve: Microsoft.TestPlatform.Extensions.BlameDataCollector: Searching in: 'C:\Program Files\dotnet\sdk\8.0.301\Extensions'.
TpTrace Information: 0 : 26132, 1, 2024/06/10, 12:39:38.845, 11244706878599, vstest.console.dll, AssemblyResolver.OnResolve: Microsoft.TestPlatform.Extensions.BlameDataCollector: Loading assembly 'C:\Program Files\dotnet\sdk\8.0.301\Extensions\Microsoft.TestPlatform.Extensions.BlameDataCollector.dll'.
TpTrace Information: 0 : 26132, 1, 2024/06/10, 12:39:38.846, 11244706884056, vstest.console.dll, AssemblyResolver.OnResolve: Resolved assembly: Microsoft.TestPlatform.Extensions.BlameDataCollector, from path: C:\Program Files\dotnet\sdk\8.0.301\Extensions\Microsoft.TestPlatform.Extensions.BlameDataCollector.dll
TpTrace Verbose: 0 : 26132, 1, 2024/06/10, 12:39:38.846, 11244706885424, vstest.console.dll, MetadataReaderExtensionsHelper: Discovering extensions inside assembly 'Microsoft.TestPlatform.Extensions.BlameDataCollector, Version=15.0.0.0, Culture=neutral, PublicKeyToken=b03f5f7f11d50a3a' file path 'C:\Program Files\dotnet\sdk\8.0.301\Extensions\Microsoft.TestPlatform.Extensions.BlameDataCollector.dll'
TpTrace Information: 0 : 26132, 1, 2024/06/10, 12:39:38.848, 11244706904327, vstest.console.dll, AssemblyResolver.OnResolve: Microsoft.TestPlatform.Extensions.EventLogCollector: Resolving assembly.
TpTrace Information: 0 : 26132, 1, 2024/06/10, 12:39:38.848, 11244706906413, vstest.console.dll, AssemblyResolver.OnResolve: Microsoft.TestPlatform.Extensions.EventLogCollector: Searching in: 'C:\Program Files\dotnet\sdk\8.0.301\Extensions'.
TpTrace Information: 0 : 26132, 1, 2024/06/10, 12:39:38.848, 11244706910502, vstest.console.dll, AssemblyResolver.OnResolve: Microsoft.TestPlatform.Extensions.EventLogCollector: Loading assembly 'C:\Program Files\dotnet\sdk\8.0.301\Extensions\Microsoft.TestPlatform.Extensions.EventLogCollector.dll'.
TpTrace Information: 0 : 26132, 1, 2024/06/10, 12:39:38.849, 11244706914641, vstest.console.dll, AssemblyResolver.OnResolve: Resolved assembly: Microsoft.TestPlatform.Extensions.EventLogCollector, from path: C:\Program Files\dotnet\sdk\8.0.301\Extensions\Microsoft.TestPlatform.Extensions.EventLogCollector.dll
TpTrace Verbose: 0 : 26132, 1, 2024/06/10, 12:39:38.849, 11244706915843, vstest.console.dll, MetadataReaderExtensionsHelper: Discovering extensions inside assembly 'Microsoft.TestPlatform.Extensions.EventLogCollector, Version=15.0.0.0, Culture=neutral, PublicKeyToken=b03f5f7f11d50a3a' file path 'C:\Program Files\dotnet\sdk\8.0.301\Extensions\Microsoft.TestPlatform.Extensions.EventLogCollector.dll'
TpTrace Information: 0 : 26132, 1, 2024/06/10, 12:39:38.851, 11244706934800, vstest.console.dll, AssemblyResolver.OnResolve: Microsoft.TestPlatform.TestHostRuntimeProvider: Resolving assembly.
TpTrace Information: 0 : 26132, 1, 2024/06/10, 12:39:38.851, 11244706936408, vstest.console.dll, AssemblyResolver.OnResolve: Microsoft.TestPlatform.TestHostRuntimeProvider: Searching in: 'C:\Program Files\dotnet\sdk\8.0.301\Extensions'.
TpTrace Information: 0 : 26132, 1, 2024/06/10, 12:39:38.851, 11244706940577, vstest.console.dll, AssemblyResolver.OnResolve: Microsoft.TestPlatform.TestHostRuntimeProvider: Loading assembly 'C:\Program Files\dotnet\sdk\8.0.301\Extensions\Microsoft.TestPlatform.TestHostRuntimeProvider.dll'.
TpTrace Information: 0 : 26132, 1, 2024/06/10, 12:39:38.852, 11244706947047, vstest.console.dll, AssemblyResolver.OnResolve: Resolved assembly: Microsoft.TestPlatform.TestHostRuntimeProvider, from path: C:\Program Files\dotnet\sdk\8.0.301\Extensions\Microsoft.TestPlatform.TestHostRuntimeProvider.dll
TpTrace Verbose: 0 : 26132, 1, 2024/06/10, 12:39:38.852, 11244706948239, vstest.console.dll, MetadataReaderExtensionsHelper: Discovering extensions inside assembly 'Microsoft.TestPlatform.TestHostRuntimeProvider, Version=15.0.0.0, Culture=neutral, PublicKeyToken=b03f5f7f11d50a3a' file path 'C:\Program Files\dotnet\sdk\8.0.301\Extensions\Microsoft.TestPlatform.TestHostRuntimeProvider.dll'
TpTrace Information: 0 : 26132, 1, 2024/06/10, 12:39:38.854, 11244706966724, vstest.console.dll, GetTestExtensionFromType: Register extension with identifier data 'HostProvider://DefaultTestHost' and type 'Microsoft.VisualStudio.TestPlatform.CrossPlatEngine.Hosting.DefaultTestHostManager, Microsoft.TestPlatform.TestHostRuntimeProvider, Version=15.0.0.0, Culture=neutral, PublicKeyToken=b03f5f7f11d50a3a' inside file 'C:\Program Files\dotnet\sdk\8.0.301\Extensions\Microsoft.TestPlatform.TestHostRuntimeProvider.dll'
TpTrace Information: 0 : 26132, 1, 2024/06/10, 12:39:38.854, 11244706970223, vstest.console.dll, GetTestExtensionFromType: Register extension with identifier data 'HostProvider://DotnetTestHost' and type 'Microsoft.VisualStudio.TestPlatform.CrossPlatEngine.Hosting.DotnetTestHostManager, Microsoft.TestPlatform.TestHostRuntimeProvider, Version=15.0.0.0, Culture=neutral, PublicKeyToken=b03f5f7f11d50a3a' inside file 'C:\Program Files\dotnet\sdk\8.0.301\Extensions\Microsoft.TestPlatform.TestHostRuntimeProvider.dll'
TpTrace Information: 0 : 26132, 1, 2024/06/10, 12:39:38.855, 11244706971296, vstest.console.dll, AssemblyResolver.OnResolve: Microsoft.VisualStudio.TestPlatform.Extensions.Html.TestLogger: Resolving assembly.
TpTrace Information: 0 : 26132, 1, 2024/06/10, 12:39:38.855, 11244706971982, vstest.console.dll, AssemblyResolver.OnResolve: Microsoft.VisualStudio.TestPlatform.Extensions.Html.TestLogger: Searching in: 'C:\Program Files\dotnet\sdk\8.0.301\Extensions'.
TpTrace Information: 0 : 26132, 1, 2024/06/10, 12:39:38.855, 11244706975649, vstest.console.dll, AssemblyResolver.OnResolve: Microsoft.VisualStudio.TestPlatform.Extensions.Html.TestLogger: Loading assembly 'C:\Program Files\dotnet\sdk\8.0.301\Extensions\Microsoft.VisualStudio.TestPlatform.Extensions.Html.TestLogger.dll'.
TpTrace Information: 0 : 26132, 1, 2024/06/10, 12:39:38.856, 11244706981523, vstest.console.dll, AssemblyResolver.OnResolve: Resolved assembly: Microsoft.VisualStudio.TestPlatform.Extensions.Html.TestLogger, from path: C:\Program Files\dotnet\sdk\8.0.301\Extensions\Microsoft.VisualStudio.TestPlatform.Extensions.Html.TestLogger.dll
TpTrace Verbose: 0 : 26132, 1, 2024/06/10, 12:39:38.856, 11244706982672, vstest.console.dll, MetadataReaderExtensionsHelper: Discovering extensions inside assembly 'Microsoft.VisualStudio.TestPlatform.Extensions.Html.TestLogger, Version=15.0.0.0, Culture=neutral, PublicKeyToken=b03f5f7f11d50a3a' file path 'C:\Program Files\dotnet\sdk\8.0.301\Extensions\Microsoft.VisualStudio.TestPlatform.Extensions.Html.TestLogger.dll'
TpTrace Information: 0 : 26132, 1, 2024/06/10, 12:39:38.857, 11244706991726, vstest.console.dll, AssemblyResolver.OnResolve: Microsoft.VisualStudio.TestPlatform.Extensions.Trx.TestLogger: Resolving assembly.
TpTrace Information: 0 : 26132, 1, 2024/06/10, 12:39:38.857, 11244706992694, vstest.console.dll, AssemblyResolver.OnResolve: Microsoft.VisualStudio.TestPlatform.Extensions.Trx.TestLogger: Searching in: 'C:\Program Files\dotnet\sdk\8.0.301\Extensions'.
TpTrace Information: 0 : 26132, 1, 2024/06/10, 12:39:38.857, 11244706995545, vstest.console.dll, AssemblyResolver.OnResolve: Microsoft.VisualStudio.TestPlatform.Extensions.Trx.TestLogger: Loading assembly 'C:\Program Files\dotnet\sdk\8.0.301\Extensions\Microsoft.VisualStudio.TestPlatform.Extensions.Trx.TestLogger.dll'.
TpTrace Information: 0 : 26132, 1, 2024/06/10, 12:39:38.857, 11244706999812, vstest.console.dll, AssemblyResolver.OnResolve: Resolved assembly: Microsoft.VisualStudio.TestPlatform.Extensions.Trx.TestLogger, from path: C:\Program Files\dotnet\sdk\8.0.301\Extensions\Microsoft.VisualStudio.TestPlatform.Extensions.Trx.TestLogger.dll
TpTrace Verbose: 0 : 26132, 1, 2024/06/10, 12:39:38.857, 11244707000584, vstest.console.dll, MetadataReaderExtensionsHelper: Discovering extensions inside assembly 'Microsoft.VisualStudio.TestPlatform.Extensions.Trx.TestLogger, Version=15.0.0.0, Culture=neutral, PublicKeyToken=b03f5f7f11d50a3a' file path 'C:\Program Files\dotnet\sdk\8.0.301\Extensions\Microsoft.VisualStudio.TestPlatform.Extensions.Trx.TestLogger.dll'
TpTrace Verbose: 0 : 26132, 1, 2024/06/10, 12:39:38.859, 11244707011124, vstest.console.dll, TestPluginCache: Discovered the extensions using extension path ''.
TpTrace Verbose: 0 : 26132, 1, 2024/06/10, 12:39:38.859, 11244707012007, vstest.console.dll, TestPluginCache: Discoverers are ''.
TpTrace Verbose: 0 : 26132, 1, 2024/06/10, 12:39:38.859, 11244707012424, vstest.console.dll, TestPluginCache: Executors are ''.
TpTrace Verbose: 0 : 26132, 1, 2024/06/10, 12:39:38.859, 11244707013015, vstest.console.dll, TestPluginCache: Executors2 are ''.
TpTrace Verbose: 0 : 26132, 1, 2024/06/10, 12:39:38.859, 11244707013381, vstest.console.dll, TestPluginCache: Setting providers are ''.
TpTrace Verbose: 0 : 26132, 1, 2024/06/10, 12:39:38.859, 11244707013743, vstest.console.dll, TestPluginCache: Loggers are ''.
TpTrace Verbose: 0 : 26132, 1, 2024/06/10, 12:39:38.859, 11244707015464, vstest.console.dll, TestPluginCache: TestHosts are 'HostProvider://DefaultTestHost,HostProvider://DotnetTestHost'.
TpTrace Verbose: 0 : 26132, 1, 2024/06/10, 12:39:38.859, 11244707015969, vstest.console.dll, TestPluginCache: DataCollectors are ''.
TpTrace Information: 0 : 26132, 1, 2024/06/10, 12:39:38.871, 11244707139651, vstest.console.dll, RunTestsArgumentProcessor:Execute: Test run is starting.
TpTrace Verbose: 0 : 26132, 1, 2024/06/10, 12:39:38.871, 11244707140858, vstest.console.dll, RunTestsArgumentProcessor:Execute: Queuing Test run.
TpTrace Information: 0 : 26132, 1, 2024/06/10, 12:39:38.872, 11244707143609, vstest.console.dll, TestRequestManager.RunTests: run tests started.
TpTrace Information: 0 : 26132, 1, 2024/06/10, 12:39:38.873, 11244707155857, vstest.console.dll, AssemblyMetadataProvider.GetFrameworkName: Determined framework:'.NETCoreApp,Version=v6.0' for source: 'D:\project\Prog tutorial\Sandbox\SHP_Calculator\Shapefile_geometry_calculator_tests\bin\Debug\net6.0\fine-code-coverage\build-output\Shapefile_geometry_calculator_tests.dll'
TpTrace Information: 0 : 26132, 1, 2024/06/10, 12:39:38.873, 11244707157263, vstest.console.dll, Determined framework for all sources: .NETCoreApp,Version=v6.0
TpTrace Verbose: 0 : 26132, 1, 2024/06/10, 12:39:38.873, 11244707160112, vstest.console.dll, TestRequestManager.UpdateRunSettingsIfRequired: Default architecture: X64 IsDefaultTargetArchitecture: True, Current process architecture: X64 OperatingSystem: Windows.
TpTrace Information: 0 : 26132, 1, 2024/06/10, 12:39:38.875, 11244707175341, vstest.console.dll, AssemblyMetadataProvider.GetArchitecture: Determined architecture:AnyCPU info for assembly: D:\project\Prog tutorial\Sandbox\SHP_Calculator\Shapefile_geometry_calculator_tests\bin\Debug\net6.0\fine-code-coverage\build-output\Shapefile_geometry_calculator_tests.dll
TpTrace Information: 0 : 26132, 1, 2024/06/10, 12:39:38.875, 11244707175994, vstest.console.dll, Determined platform for source 'D:\project\Prog tutorial\Sandbox\SHP_Calculator\Shapefile_geometry_calculator_tests\bin\Debug\net6.0\fine-code-coverage\build-output\Shapefile_geometry_calculator_tests.dll' was AnyCPU and it will use the default plaform X64.
TpTrace Information: 0 : 26132, 1, 2024/06/10, 12:39:38.875, 11244707176401, vstest.console.dll, None of the sources provided any runnable platform, using the default platform: X64
TpTrace Information: 0 : 26132, 1, 2024/06/10, 12:39:38.875, 11244707177299, vstest.console.dll, Platform was updated to 'X64'.
TpTrace Information: 0 : 26132, 1, 2024/06/10, 12:39:38.878, 11244707207691, vstest.console.dll, InferRunSettingsHelper.IsTestSettingsEnabled: Unable to navigate to RunSettings/MSTest. Current node: RunSettings
TpTrace Information: 0 : 26132, 1, 2024/06/10, 12:39:38.879, 11244707213329, vstest.console.dll, AssemblyResolver.OnResolve: Microsoft.VisualStudio.TestPlatform.Fakes: Resolving assembly.
TpTrace Information: 0 : 26132, 1, 2024/06/10, 12:39:38.879, 11244707214259, vstest.console.dll, AssemblyResolver.OnResolve: Microsoft.VisualStudio.TestPlatform.Fakes: Searching in: 'C:\Program Files\dotnet\sdk\8.0.301\Extensions'.
TpTrace Information: 0 : 26132, 1, 2024/06/10, 12:39:38.879, 11244707215457, vstest.console.dll, AssemblyResolver.OnResolve: Microsoft.VisualStudio.TestPlatform.Fakes: Assembly path does not exist: 'C:\Program Files\dotnet\sdk\8.0.301\Extensions\Microsoft.VisualStudio.TestPlatform.Fakes.dll', returning.
TpTrace Information: 0 : 26132, 1, 2024/06/10, 12:39:38.879, 11244707216410, vstest.console.dll, AssemblyResolver.OnResolve: Microsoft.VisualStudio.TestPlatform.Fakes: Assembly path does not exist: 'C:\Program Files\dotnet\sdk\8.0.301\Extensions\Microsoft.VisualStudio.TestPlatform.Fakes.exe', returning.
TpTrace Information: 0 : 26132, 1, 2024/06/10, 12:39:38.879, 11244707216840, vstest.console.dll, AssemblyResolver.OnResolve: Microsoft.VisualStudio.TestPlatform.Fakes: Searching in: 'C:\Program Files\dotnet\sdk\8.0.301'.
TpTrace Information: 0 : 26132, 1, 2024/06/10, 12:39:38.879, 11244707217635, vstest.console.dll, AssemblyResolver.OnResolve: Microsoft.VisualStudio.TestPlatform.Fakes: Assembly path does not exist: 'C:\Program Files\dotnet\sdk\8.0.301\Microsoft.VisualStudio.TestPlatform.Fakes.dll', returning.
TpTrace Information: 0 : 26132, 1, 2024/06/10, 12:39:38.879, 11244707218428, vstest.console.dll, AssemblyResolver.OnResolve: Microsoft.VisualStudio.TestPlatform.Fakes: Assembly path does not exist: 'C:\Program Files\dotnet\sdk\8.0.301\Microsoft.VisualStudio.TestPlatform.Fakes.exe', returning.
TpTrace Information: 0 : 26132, 1, 2024/06/10, 12:39:38.879, 11244707218928, vstest.console.dll, AssemblyResolver.OnResolve: Microsoft.VisualStudio.TestPlatform.Fakes: Failed to load assembly.
TpTrace Information: 0 : 26132, 1, 2024/06/10, 12:39:38.880, 11244707221322, vstest.console.dll, Failed to load assembly Microsoft.VisualStudio.TestPlatform.Fakes, Version=17.0.0.0, Culture=neutral. Reason:System.IO.FileNotFoundException: Could not load file or assembly 'Microsoft.VisualStudio.TestPlatform.Fakes, Version=17.0.0.0, Culture=neutral, PublicKeyToken=null'. A rendszer nem találja a megadott fájlt.
File name: 'Microsoft.VisualStudio.TestPlatform.Fakes, Version=17.0.0.0, Culture=neutral, PublicKeyToken=null'
   at System.Reflection.RuntimeAssembly.InternalLoad(AssemblyName assemblyName, StackCrawlMark& stackMark, AssemblyLoadContext assemblyLoadContext, RuntimeAssembly requestingAssembly, Boolean throwOnFileNotFound)
   at System.Reflection.Assembly.Load(AssemblyName assemblyRef)
   at Microsoft.VisualStudio.TestPlatform.Common.Utilities.FakesUtilities.LoadTestPlatformAssembly() in /_/src/Microsoft.TestPlatform.Common/Utilities/FakesUtilities.cs:line 272
TpTrace Verbose: 0 : 26132, 1, 2024/06/10, 12:39:38.882, 11244707250162, vstest.console.dll, TestPluginCache.DiscoverTestExtensions: finding test extensions in assemblies ends with: TestLogger.dll TPluginInfo: Microsoft.VisualStudio.TestPlatform.Common.ExtensionFramework.Utilities.TestLoggerPluginInformation TExtension: Microsoft.VisualStudio.TestPlatform.ObjectModel.Client.ITestLogger
TpTrace Verbose: 0 : 26132, 1, 2024/06/10, 12:39:38.883, 11244707251522, vstest.console.dll, TestPluginCache.GetExtensionPaths: Filtered extension paths: 
TpTrace Verbose: 0 : 26132, 1, 2024/06/10, 12:39:38.883, 11244707252254, vstest.console.dll, TestPluginCache.GetExtensionPaths: Added default extension paths: C:\Program Files\dotnet\sdk\8.0.301\Extensions\Microsoft.Diagnostics.NETCore.Client.dll
C:\Program Files\dotnet\sdk\8.0.301\Extensions\Microsoft.TestPlatform.Extensions.BlameDataCollector.dll
C:\Program Files\dotnet\sdk\8.0.301\Extensions\Microsoft.TestPlatform.Extensions.EventLogCollector.dll
C:\Program Files\dotnet\sdk\8.0.301\Extensions\Microsoft.TestPlatform.TestHostRuntimeProvider.dll
C:\Program Files\dotnet\sdk\8.0.301\Extensions\Microsoft.VisualStudio.TestPlatform.Extensions.Html.TestLogger.dll
C:\Program Files\dotnet\sdk\8.0.301\Extensions\Microsoft.VisualStudio.TestPlatform.Extensions.Trx.TestLogger.dll
TpTrace Verbose: 0 : 26132, 1, 2024/06/10, 12:39:38.883, 11244707252992, vstest.console.dll, TestPluginCache.GetExtensionPaths: Added unfilterableExtensionPaths: 
TpTrace Information: 0 : 26132, 1, 2024/06/10, 12:39:38.883, 11244707255829, vstest.console.dll, AssemblyResolver.AddSearchDirectories: Adding more searchDirectories C:\Program Files\dotnet\sdk\8.0.301\Extensions,C:\Program Files\dotnet\sdk\8.0.301
TpTrace Verbose: 0 : 26132, 1, 2024/06/10, 12:39:38.883, 11244707256560, vstest.console.dll, TestPluginCache.DiscoverTestExtensions: Discovering the extensions using extension path.
TpTrace Verbose: 0 : 26132, 1, 2024/06/10, 12:39:38.883, 11244707257778, vstest.console.dll, TestPluginCache.GetExtensionPaths: Filtered extension paths: 
TpTrace Verbose: 0 : 26132, 1, 2024/06/10, 12:39:38.883, 11244707258336, vstest.console.dll, TestPluginCache.GetExtensionPaths: Added default extension paths: C:\Program Files\dotnet\sdk\8.0.301\Extensions\Microsoft.Diagnostics.NETCore.Client.dll
C:\Program Files\dotnet\sdk\8.0.301\Extensions\Microsoft.TestPlatform.Extensions.BlameDataCollector.dll
C:\Program Files\dotnet\sdk\8.0.301\Extensions\Microsoft.TestPlatform.Extensions.EventLogCollector.dll
C:\Program Files\dotnet\sdk\8.0.301\Extensions\Microsoft.TestPlatform.TestHostRuntimeProvider.dll
C:\Program Files\dotnet\sdk\8.0.301\Extensions\Microsoft.VisualStudio.TestPlatform.Extensions.Html.TestLogger.dll
C:\Program Files\dotnet\sdk\8.0.301\Extensions\Microsoft.VisualStudio.TestPlatform.Extensions.Trx.TestLogger.dll
TpTrace Verbose: 0 : 26132, 1, 2024/06/10, 12:39:38.883, 11244707259241, vstest.console.dll, TestPluginCache.GetExtensionPaths: Added unfilterableExtensionPaths: 
TpTrace Verbose: 0 : 26132, 1, 2024/06/10, 12:39:38.884, 11244707262217, vstest.console.dll, TestPluginCache.DiscoverTestExtensions: Discovering the extensions using allExtensionPaths: C:\Program Files\dotnet\sdk\8.0.301\Extensions\Microsoft.Diagnostics.NETCore.Client.dll
C:\Program Files\dotnet\sdk\8.0.301\Extensions\Microsoft.TestPlatform.Extensions.BlameDataCollector.dll
C:\Program Files\dotnet\sdk\8.0.301\Extensions\Microsoft.TestPlatform.Extensions.EventLogCollector.dll
C:\Program Files\dotnet\sdk\8.0.301\Extensions\Microsoft.TestPlatform.TestHostRuntimeProvider.dll
C:\Program Files\dotnet\sdk\8.0.301\Extensions\Microsoft.VisualStudio.TestPlatform.Extensions.Html.TestLogger.dll
C:\Program Files\dotnet\sdk\8.0.301\Extensions\Microsoft.VisualStudio.TestPlatform.Extensions.Trx.TestLogger.dll
TpTrace Information: 0 : 26132, 1, 2024/06/10, 12:39:38.884, 11244707263703, vstest.console.dll, AssemblyResolver.AddSearchDirectories: Adding more searchDirectories C:\Program Files\dotnet\sdk\8.0.301\Extensions,C:\Program Files\dotnet\sdk\8.0.301
TpTrace Information: 0 : 26132, 1, 2024/06/10, 12:39:38.884, 11244707265490, vstest.console.dll, AssemblyResolver.AddSearchDirectories: Adding more searchDirectories C:\Program Files\dotnet\sdk\8.0.301\Extensions,C:\Program Files\dotnet\sdk\8.0.301
TpTrace Information: 0 : 26132, 1, 2024/06/10, 12:39:38.884, 11244707266257, vstest.console.dll, AssemblyResolver.AddSearchDirectories: Adding more searchDirectories C:\Program Files\dotnet\sdk\8.0.301\Extensions,C:\Program Files\dotnet\sdk\8.0.301
TpTrace Information: 0 : 26132, 1, 2024/06/10, 12:39:38.884, 11244707266885, vstest.console.dll, AssemblyResolver.AddSearchDirectories: Adding more searchDirectories C:\Program Files\dotnet\sdk\8.0.301\Extensions,C:\Program Files\dotnet\sdk\8.0.301
TpTrace Information: 0 : 26132, 1, 2024/06/10, 12:39:38.884, 11244707267647, vstest.console.dll, AssemblyResolver.AddSearchDirectories: Adding more searchDirectories C:\Program Files\dotnet\sdk\8.0.301\Extensions,C:\Program Files\dotnet\sdk\8.0.301
TpTrace Information: 0 : 26132, 1, 2024/06/10, 12:39:38.884, 11244707268647, vstest.console.dll, AssemblyResolver.AddSearchDirectories: Adding more searchDirectories C:\Program Files\dotnet\sdk\8.0.301\Extensions,C:\Program Files\dotnet\sdk\8.0.301
TpTrace Verbose: 0 : 26132, 1, 2024/06/10, 12:39:38.884, 11244707270887, vstest.console.dll, MetadataReaderExtensionsHelper: Discovering extensions inside assembly 'Microsoft.Diagnostics.NETCore.Client, Version=0.2.10.15101, Culture=neutral, PublicKeyToken=31bf3856ad364e35' file path 'C:\Program Files\dotnet\sdk\8.0.301\Extensions\Microsoft.Diagnostics.NETCore.Client.dll'
TpTrace Information: 0 : 26132, 1, 2024/06/10, 12:39:38.885, 11244707280441, vstest.console.dll, AssemblyResolver.OnResolve: Microsoft.Bcl.AsyncInterfaces: Resolving assembly.
TpTrace Information: 0 : 26132, 1, 2024/06/10, 12:39:38.886, 11244707281776, vstest.console.dll, AssemblyResolver.OnResolve: Microsoft.Bcl.AsyncInterfaces: Resolved from cache.
TpTrace Verbose: 0 : 26132, 1, 2024/06/10, 12:39:38.886, 11244707282803, vstest.console.dll, CurrentDomainAssemblyResolve: Resolving assembly 'Microsoft.Bcl.AsyncInterfaces'.
TpTrace Information: 0 : 26132, 1, 2024/06/10, 12:39:38.886, 11244707283851, vstest.console.dll, AssemblyResolver.OnResolve: Microsoft.Bcl.AsyncInterfaces: Resolving assembly.
TpTrace Information: 0 : 26132, 1, 2024/06/10, 12:39:38.886, 11244707284313, vstest.console.dll, AssemblyResolver.OnResolve: Microsoft.Bcl.AsyncInterfaces: Resolved from cache.
TpTrace Verbose: 0 : 26132, 1, 2024/06/10, 12:39:38.886, 11244707285116, vstest.console.dll, CurrentDomainAssemblyResolve: Resolving assembly 'Microsoft.Bcl.AsyncInterfaces'.
TpTrace Verbose: 0 : 26132, 1, 2024/06/10, 12:39:38.886, 11244707285670, vstest.console.dll, CurrentDomainAssemblyResolve: Failed to resolve assembly 'Microsoft.Bcl.AsyncInterfaces'.
TpTrace Verbose: 0 : 26132, 1, 2024/06/10, 12:39:38.886, 11244707287790, vstest.console.dll, CurrentDomainAssemblyResolve: Failed to resolve assembly 'Microsoft.Bcl.AsyncInterfaces'.
TpTrace Warning: 0 : 26132, 1, 2024/06/10, 12:39:38.887, 11244707292231, vstest.console.dll, TestPluginDiscoverer: Failed to get types from assembly 'Microsoft.Diagnostics.NETCore.Client, Version=0.2.10.15101, Culture=neutral, PublicKeyToken=31bf3856ad364e35'. Error: System.Reflection.ReflectionTypeLoadException: Unable to load one or more of the requested types.
Could not load file or assembly 'Microsoft.Bcl.AsyncInterfaces, Version=6.0.0.0, Culture=neutral, PublicKeyToken=cc7b13ffcd2ddd51'. A rendszer nem találja a megadott fájlt.
   at System.Reflection.RuntimeModule.GetTypes(RuntimeModule module)
   at System.Reflection.RuntimeModule.GetTypes()
   at Microsoft.VisualStudio.TestPlatform.Common.ExtensionFramework.TestPluginDiscoverer.GetTestExtensionsFromAssembly[TPluginInfo,TExtension](Assembly assembly, Dictionary`2 pluginInfos, String filePath) in /_/src/Microsoft.TestPlatform.Common/ExtensionFramework/TestPluginDiscoverer.cs:line 158
System.IO.FileNotFoundException: Could not load file or assembly 'Microsoft.Bcl.AsyncInterfaces, Version=6.0.0.0, Culture=neutral, PublicKeyToken=cc7b13ffcd2ddd51'. A rendszer nem találja a megadott fájlt.
File name: 'Microsoft.Bcl.AsyncInterfaces, Version=6.0.0.0, Culture=neutral, PublicKeyToken=cc7b13ffcd2ddd51'
 ---> System.IO.FileNotFoundException: Could not load file or assembly 'Microsoft.Bcl.AsyncInterfaces, Culture=neutral, PublicKeyToken=null'. A rendszer nem találja a megadott fájlt.
File name: 'Microsoft.Bcl.AsyncInterfaces, Culture=neutral, PublicKeyToken=null'
   at System.Reflection.RuntimeAssembly.InternalLoad(AssemblyName assemblyName, StackCrawlMark& stackMark, AssemblyLoadContext assemblyLoadContext, RuntimeAssembly requestingAssembly, Boolean throwOnFileNotFound)
   at System.Reflection.Assembly.Load(AssemblyName assemblyRef)
   at Microsoft.VisualStudio.TestPlatform.Common.ExtensionFramework.TestPluginCache.CurrentDomainAssemblyResolve(Object sender, AssemblyResolveEventArgs args) in /_/src/Microsoft.TestPlatform.Common/ExtensionFramework/TestPluginCache.cs:line 513
   at System.Runtime.Loader.AssemblyLoadContext.GetFirstResolvedAssemblyFromResolvingEvent(AssemblyName assemblyName)
   at System.Runtime.Loader.AssemblyLoadContext.ResolveUsingEvent(AssemblyName assemblyName)
   at System.Runtime.Loader.AssemblyLoadContext.ResolveUsingResolvingEvent(IntPtr gchManagedAssemblyLoadContext, AssemblyName assemblyName)
TpTrace Warning: 0 : 26132, 1, 2024/06/10, 12:39:38.887, 11244707294351, vstest.console.dll, LoaderExceptions: System.IO.FileNotFoundException: Could not load file or assembly 'Microsoft.Bcl.AsyncInterfaces, Version=6.0.0.0, Culture=neutral, PublicKeyToken=cc7b13ffcd2ddd51'. A rendszer nem találja a megadott fájlt.
File name: 'Microsoft.Bcl.AsyncInterfaces, Version=6.0.0.0, Culture=neutral, PublicKeyToken=cc7b13ffcd2ddd51'
 ---> System.IO.FileNotFoundException: Could not load file or assembly 'Microsoft.Bcl.AsyncInterfaces, Culture=neutral, PublicKeyToken=null'. A rendszer nem találja a megadott fájlt.
File name: 'Microsoft.Bcl.AsyncInterfaces, Culture=neutral, PublicKeyToken=null'
   at System.Reflection.RuntimeAssembly.InternalLoad(AssemblyName assemblyName, StackCrawlMark& stackMark, AssemblyLoadContext assemblyLoadContext, RuntimeAssembly requestingAssembly, Boolean throwOnFileNotFound)
   at System.Reflection.Assembly.Load(AssemblyName assemblyRef)
   at Microsoft.VisualStudio.TestPlatform.Common.ExtensionFramework.TestPluginCache.CurrentDomainAssemblyResolve(Object sender, AssemblyResolveEventArgs args) in /_/src/Microsoft.TestPlatform.Common/ExtensionFramework/TestPluginCache.cs:line 513
   at System.Runtime.Loader.AssemblyLoadContext.GetFirstResolvedAssemblyFromResolvingEvent(AssemblyName assemblyName)
   at System.Runtime.Loader.AssemblyLoadContext.ResolveUsingEvent(AssemblyName assemblyName)
   at System.Runtime.Loader.AssemblyLoadContext.ResolveUsingResolvingEvent(IntPtr gchManagedAssemblyLoadContext, AssemblyName assemblyName)
TpTrace Verbose: 0 : 26132, 1, 2024/06/10, 12:39:38.887, 11244707295822, vstest.console.dll, MetadataReaderExtensionsHelper: Discovering extensions inside assembly 'Microsoft.TestPlatform.Extensions.BlameDataCollector, Version=15.0.0.0, Culture=neutral, PublicKeyToken=b03f5f7f11d50a3a' file path 'C:\Program Files\dotnet\sdk\8.0.301\Extensions\Microsoft.TestPlatform.Extensions.BlameDataCollector.dll'
TpTrace Information: 0 : 26132, 1, 2024/06/10, 12:39:38.888, 11244707301187, vstest.console.dll, GetTestExtensionFromType: Register extension with identifier data 'logger://Microsoft/TestPlatform/Extensions/Blame/v1' and type 'Microsoft.TestPlatform.Extensions.BlameDataCollector.BlameLogger, Microsoft.TestPlatform.Extensions.BlameDataCollector, Version=15.0.0.0, Culture=neutral, PublicKeyToken=b03f5f7f11d50a3a' inside file 'C:\Program Files\dotnet\sdk\8.0.301\Extensions\Microsoft.TestPlatform.Extensions.BlameDataCollector.dll'
TpTrace Verbose: 0 : 26132, 1, 2024/06/10, 12:39:38.888, 11244707302619, vstest.console.dll, MetadataReaderExtensionsHelper: Discovering extensions inside assembly 'Microsoft.TestPlatform.Extensions.EventLogCollector, Version=15.0.0.0, Culture=neutral, PublicKeyToken=b03f5f7f11d50a3a' file path 'C:\Program Files\dotnet\sdk\8.0.301\Extensions\Microsoft.TestPlatform.Extensions.EventLogCollector.dll'
TpTrace Verbose: 0 : 26132, 1, 2024/06/10, 12:39:38.888, 11244707306450, vstest.console.dll, MetadataReaderExtensionsHelper: Discovering extensions inside assembly 'Microsoft.TestPlatform.TestHostRuntimeProvider, Version=15.0.0.0, Culture=neutral, PublicKeyToken=b03f5f7f11d50a3a' file path 'C:\Program Files\dotnet\sdk\8.0.301\Extensions\Microsoft.TestPlatform.TestHostRuntimeProvider.dll'
TpTrace Verbose: 0 : 26132, 1, 2024/06/10, 12:39:38.888, 11244707309521, vstest.console.dll, MetadataReaderExtensionsHelper: Discovering extensions inside assembly 'Microsoft.VisualStudio.TestPlatform.Extensions.Html.TestLogger, Version=15.0.0.0, Culture=neutral, PublicKeyToken=b03f5f7f11d50a3a' file path 'C:\Program Files\dotnet\sdk\8.0.301\Extensions\Microsoft.VisualStudio.TestPlatform.Extensions.Html.TestLogger.dll'
TpTrace Information: 0 : 26132, 1, 2024/06/10, 12:39:38.889, 11244707315046, vstest.console.dll, GetTestExtensionFromType: Register extension with identifier data 'logger://Microsoft/TestPlatform/HtmlLogger/v1' and type 'Microsoft.VisualStudio.TestPlatform.Extensions.HtmlLogger.HtmlLogger, Microsoft.VisualStudio.TestPlatform.Extensions.Html.TestLogger, Version=15.0.0.0, Culture=neutral, PublicKeyToken=b03f5f7f11d50a3a' inside file 'C:\Program Files\dotnet\sdk\8.0.301\Extensions\Microsoft.VisualStudio.TestPlatform.Extensions.Html.TestLogger.dll'
TpTrace Verbose: 0 : 26132, 1, 2024/06/10, 12:39:38.889, 11244707316076, vstest.console.dll, MetadataReaderExtensionsHelper: Discovering extensions inside assembly 'Microsoft.VisualStudio.TestPlatform.Extensions.Trx.TestLogger, Version=15.0.0.0, Culture=neutral, PublicKeyToken=b03f5f7f11d50a3a' file path 'C:\Program Files\dotnet\sdk\8.0.301\Extensions\Microsoft.VisualStudio.TestPlatform.Extensions.Trx.TestLogger.dll'
TpTrace Information: 0 : 26132, 1, 2024/06/10, 12:39:38.889, 11244707319750, vstest.console.dll, GetTestExtensionFromType: Register extension with identifier data 'logger://Microsoft/TestPlatform/TrxLogger/v1' and type 'Microsoft.VisualStudio.TestPlatform.Extensions.TrxLogger.TrxLogger, Microsoft.VisualStudio.TestPlatform.Extensions.Trx.TestLogger, Version=15.0.0.0, Culture=neutral, PublicKeyToken=b03f5f7f11d50a3a' inside file 'C:\Program Files\dotnet\sdk\8.0.301\Extensions\Microsoft.VisualStudio.TestPlatform.Extensions.Trx.TestLogger.dll'
TpTrace Verbose: 0 : 26132, 1, 2024/06/10, 12:39:38.889, 11244707320898, vstest.console.dll, TestPluginCache: Discovered the extensions using extension path ''.
TpTrace Verbose: 0 : 26132, 1, 2024/06/10, 12:39:38.890, 11244707321872, vstest.console.dll, TestPluginCache: Discoverers are ''.
TpTrace Verbose: 0 : 26132, 1, 2024/06/10, 12:39:38.890, 11244707322636, vstest.console.dll, TestPluginCache: Executors are ''.
TpTrace Verbose: 0 : 26132, 1, 2024/06/10, 12:39:38.890, 11244707323420, vstest.console.dll, TestPluginCache: Executors2 are ''.
TpTrace Verbose: 0 : 26132, 1, 2024/06/10, 12:39:38.890, 11244707323955, vstest.console.dll, TestPluginCache: Setting providers are ''.
TpTrace Verbose: 0 : 26132, 1, 2024/06/10, 12:39:38.890, 11244707325543, vstest.console.dll, TestPluginCache: Loggers are 'logger://Microsoft/TestPlatform/Extensions/Blame/v1,logger://Microsoft/TestPlatform/HtmlLogger/v1,logger://Microsoft/TestPlatform/TrxLogger/v1'.
TpTrace Verbose: 0 : 26132, 1, 2024/06/10, 12:39:38.890, 11244707326350, vstest.console.dll, TestPluginCache: TestHosts are 'HostProvider://DefaultTestHost,HostProvider://DotnetTestHost'.
TpTrace Verbose: 0 : 26132, 1, 2024/06/10, 12:39:38.890, 11244707326862, vstest.console.dll, TestPluginCache: DataCollectors are ''.
TpTrace Information: 0 : 26132, 1, 2024/06/10, 12:39:38.891, 11244707335632, vstest.console.dll, TestPluginManager.CreateTestExtension: Attempting to load test extension: Microsoft.TestPlatform.Extensions.BlameDataCollector.BlameLogger
TpTrace Verbose: 0 : 26132, 1, 2024/06/10, 12:39:38.898, 11244707402597, vstest.console.dll, TestEngine: Initializing Parallel Execution as MaxCpuCount is set to: 1
TpTrace Information: 0 : 26132, 1, 2024/06/10, 12:39:38.899, 11244707417175, vstest.console.dll, TestPluginManager.CreateTestExtension: Attempting to load test extension: Microsoft.VisualStudio.TestPlatform.CrossPlatEngine.Hosting.DefaultTestHostManager
TpTrace Information: 0 : 26132, 1, 2024/06/10, 12:39:38.901, 11244707431639, vstest.console.dll, TestPluginManager.CreateTestExtension: Attempting to load test extension: Microsoft.VisualStudio.TestPlatform.CrossPlatEngine.Hosting.DotnetTestHostManager
TpTrace Information: 0 : 26132, 1, 2024/06/10, 12:39:38.901, 11244707440876, vstest.console.dll, InferRunSettingsHelper.IsTestSettingsEnabled: Unable to navigate to RunSettings/MSTest. Current node: RunSettings
TpTrace Verbose: 0 : 26132, 1, 2024/06/10, 12:39:38.903, 11244707452690, vstest.console.dll, ParallelOperationManager.ClearSlots: Clearing all slots. Slots should accept more work: True
TpTrace Verbose: 0 : 26132, 1, 2024/06/10, 12:39:38.903, 11244707459236, vstest.console.dll, ParallelOperationManager.SetOccupiedSlotCount: Setting slot counts AvailableSlotCount = 1, OccupiedSlotCount = 0.
TpTrace Verbose: 0 : 26132, 1, 2024/06/10, 12:39:38.904, 11244707462781, vstest.console.dll, Occupied slots:

TpTrace Verbose: 0 : 26132, 1, 2024/06/10, 12:39:38.907, 11244707494624, vstest.console.dll, TestEngine.GetExecutionManager: Chosen execution manager 'Microsoft.VisualStudio.TestPlatform.CrossPlatEngine.Client.Parallel.ParallelProxyExecutionManager, Microsoft.TestPlatform.CrossPlatEngine, Version=15.0.0.0, Culture=neutral, PublicKeyToken=b03f5f7f11d50a3a' ParallelLevel '1'.
TpTrace Verbose: 0 : 26132, 1, 2024/06/10, 12:39:38.907, 11244707497031, vstest.console.dll, TestRunRequest.ExecuteAsync: Creating test run request.
TpTrace Verbose: 0 : 26132, 1, 2024/06/10, 12:39:38.907, 11244707499356, vstest.console.dll, TestRunRequest.ExecuteAsync: Starting.
TpTrace Information: 0 : 26132, 1, 2024/06/10, 12:39:38.908, 11244707510433, vstest.console.dll, TestRunRequest.ExecuteAsync: Starting run with settings:TestRunCriteria:
   KeepAlive=False,FrequencyOfRunStatsChangeEvent=10,RunStatsChangeEventTimeout=00:00:01.5000000,TestCaseFilter=,TestExecutorLauncher=
   Settingsxml=<RunSettings>
  <RunConfiguration>
    <ResultsDirectory>D:\project\Prog tutorial\Sandbox\SHP_Calculator\Shapefile_geometry_calculator_tests\bin\Debug\net6.0\fine-code-coverage\coverage-tool-output</ResultsDirectory>
    <TargetPlatform>X64</TargetPlatform>
    <TargetFrameworkVersion>.NETCoreApp,Version=v6.0</TargetFrameworkVersion>
    <DesignMode>False</DesignMode>
    <CollectSourceInformation>False</CollectSourceInformation>
  </RunConfiguration>
  <LoggerRunSettings>
    <Loggers>
      <Logger friendlyName="blame" enabled="True" />
      <Logger friendlyName="Console" uri="logger://microsoft/TestPlatform/ConsoleLogger/v1" assemblyQualifiedName="Microsoft.VisualStudio.TestPlatform.CommandLine.Internal.ConsoleLogger, vstest.console, Version=15.0.0.0, Culture=neutral, PublicKeyToken=b03f5f7f11d50a3a" codeBase="C:\Program Files\dotnet\sdk\8.0.301\vstest.console.dll" enabled="True" />
    </Loggers>
  </LoggerRunSettings>
  <DataCollectionRunSettings>
    <DataCollectors>
      <DataCollector friendlyName="blame" enabled="True">
        <Configuration>
          <ResultsDirectory>D:\project\Prog tutorial\Sandbox\SHP_Calculator\Shapefile_geometry_calculator_tests\bin\Debug\net6.0\fine-code-coverage\coverage-tool-output</ResultsDirectory>
        </Configuration>
      </DataCollector>
    </DataCollectors>
  </DataCollectionRunSettings>
</RunSettings>

TpTrace Verbose: 0 : 26132, 1, 2024/06/10, 12:39:38.909, 11244707511355, vstest.console.dll, TestRunRequest.ExecuteAsync: Wait for the first run request is over.
TpTrace Verbose: 0 : 26132, 1, 2024/06/10, 12:39:38.909, 11244707514978, vstest.console.dll, MulticastDelegateUtilities.SafeInvoke: TestRun.TestRunStart: Invoking callbacks was skipped because there are no subscribers.
TpTrace Verbose: 0 : 26132, 4, 2024/06/10, 12:39:38.909, 11244707517389, vstest.console.dll, MulticastDelegateUtilities.SafeInvoke: InternalTestLoggerEvents.SendTestRunStart: Invoking callback 1/1 for Microsoft.VisualStudio.TestPlatform.CommandLine.Internal.ConsoleLogger., took 0 ms.
TpTrace Verbose: 0 : 26132, 1, 2024/06/10, 12:39:38.910, 11244707528387, vstest.console.dll, ParallelProxyExecutionManager: Start execution. Total sources: 1
TpTrace Verbose: 0 : 26132, 1, 2024/06/10, 12:39:38.911, 11244707531958, vstest.console.dll, ParallelOperationManager.StartWork: Starting adding 1 workloads.
TpTrace Verbose: 0 : 26132, 1, 2024/06/10, 12:39:38.911, 11244707532794, vstest.console.dll, ParallelOperationManager.ClearSlots: Clearing all slots. Slots should accept more work: True
TpTrace Verbose: 0 : 26132, 1, 2024/06/10, 12:39:38.911, 11244707533707, vstest.console.dll, ParallelOperationManager.SetOccupiedSlotCount: Setting slot counts AvailableSlotCount = 1, OccupiedSlotCount = 0.
TpTrace Verbose: 0 : 26132, 1, 2024/06/10, 12:39:38.911, 11244707534227, vstest.console.dll, Occupied slots:

TpTrace Verbose: 0 : 26132, 1, 2024/06/10, 12:39:38.912, 11244707549310, vstest.console.dll, TestRequestSender is acting as server.
TpTrace Verbose: 0 : 26132, 1, 2024/06/10, 12:39:38.914, 11244707562960, vstest.console.dll, ParallelOperationManager.RunWorkInParallel: Adding 1 workload to slot, remaining workloads 0.
TpTrace Verbose: 0 : 26132, 1, 2024/06/10, 12:39:38.914, 11244707563863, vstest.console.dll, ParallelOperationManager.SetOccupiedSlotCount: Setting slot counts AvailableSlotCount = 0, OccupiedSlotCount = 1.
TpTrace Verbose: 0 : 26132, 1, 2024/06/10, 12:39:38.914, 11244707565142, vstest.console.dll, Occupied slots:
0: D:\project\Prog tutorial\Sandbox\SHP_Calculator\Shapefile_geometry_calculator_tests\bin\Debug\net6.0\fine-code-coverage\build-output\Shapefile_geometry_calculator_tests.dll
TpTrace Verbose: 0 : 26132, 1, 2024/06/10, 12:39:38.915, 11244707576488, vstest.console.dll, ParallelOperationManager.RunWorkInParallel: Started host in slot number 0 for work (source): D:\project\Prog tutorial\Sandbox\SHP_Calculator\Shapefile_geometry_calculator_tests\bin\Debug\net6.0\fine-code-coverage\build-output\Shapefile_geometry_calculator_tests.dll.
TpTrace Verbose: 0 : 26132, 1, 2024/06/10, 12:39:38.917, 11244707592819, vstest.console.dll, ParallelOperationManager.RunWorkInParallel: We started 1 work items, which is the max parallel level. Won't start more work.
TpTrace Verbose: 0 : 26132, 1, 2024/06/10, 12:39:38.917, 11244707594589, vstest.console.dll, ParallelOperationManager.RunWorkInParallel: We started 1 work items in here, returning True.
TpTrace Verbose: 0 : 26132, 5, 2024/06/10, 12:39:38.917, 11244707594726, vstest.console.dll, ParallelProxyExecutionManager.StartTestRunOnConcurrentManager: Initializing uninitialized client. Started clients: 0
TpTrace Information: 0 : 26132, 1, 2024/06/10, 12:39:38.917, 11244707595458, vstest.console.dll, TestRunRequest.ExecuteAsync: Started.
TpTrace Verbose: 0 : 26132, 5, 2024/06/10, 12:39:38.917, 11244707598110, vstest.console.dll, DataCollectionRequestSender.InitializeCommunication : Initialize communication. 
TpTrace Verbose: 0 : 26132, 1, 2024/06/10, 12:39:38.918, 11244707605673, vstest.console.dll, TestRunRequest.WaitForCompletion: Waiting with timeout -1.
TpTrace Information: 0 : 26132, 5, 2024/06/10, 12:39:38.926, 11244707689581, vstest.console.dll, Listening on Endpoint : 127.0.0.1:52981
TpTrace Verbose: 0 : 26132, 5, 2024/06/10, 12:39:38.933, 11244707760856, vstest.console.dll, DotnetDataCollectionLauncher: Adding  --runtimeconfig "C:\Program Files\dotnet\sdk\8.0.301\datacollector.runtimeconfig.json" in args
TpTrace Verbose: 0 : 26132, 5, 2024/06/10, 12:39:38.934, 11244707764058, vstest.console.dll, DotnetDataCollectionLauncher: Adding  --depsfile "C:\Program Files\dotnet\sdk\8.0.301\datacollector.deps.json" in args
TpTrace Verbose: 0 : 26132, 5, 2024/06/10, 12:39:38.934, 11244707770062, vstest.console.dll, DotnetDataCollectionLauncher: Full path of dotnet.exe is C:\Program Files\dotnet\dotnet.exe
TpTrace Information: 0 : 26132, 5, 2024/06/10, 12:39:38.942, 11244707850846, vstest.console.dll, ProxyDataCollectionManager.Initialize: Launched datacollector processId: 24916 port: 52981
TpTrace Information: 0 : 26132, 5, 2024/06/10, 12:39:38.943, 11244707853680, vstest.console.dll, ProxyDataCollectionManager.Initialize: waiting for connection with timeout: 90 seconds
TpTrace Verbose: 0 : 26132, 5, 2024/06/10, 12:39:38.943, 11244707855034, vstest.console.dll, DataCollectionRequestSender.WaitForRequestHandlerConnection : Waiting for connection with timeout: 90000
TpTrace Information: 0 : 26132, 7, 2024/06/10, 12:39:39.088, 11244709309000, vstest.console.dll, Using the buffer size of 16384 bytes
TpTrace Verbose: 0 : 26132, 5, 2024/06/10, 12:39:39.088, 11244709309251, vstest.console.dll, SocketCommunicationManager.WaitForClientConnection took: 145 ms, with 90000 ms timeout, and finished with True.
TpTrace Information: 0 : 26132, 7, 2024/06/10, 12:39:39.089, 11244709311299, vstest.console.dll, Accepted Client request and set the flag
TpTrace Verbose: 0 : 26132, 5, 2024/06/10, 12:39:39.089, 11244709313352, vstest.console.dll, ProxyDataCollectionManager.InvokeDataCollectionServiceAction: Starting.
TpTrace Information: 0 : 26132, 5, 2024/06/10, 12:39:39.089, 11244709314914, vstest.console.dll, ProxyDataCollectionManager.BeforeTestRunStart: Get environment variable and port for datacollector processId: 24916 port: 52981
TpTrace Verbose: 0 : 26132, 5, 2024/06/10, 12:39:39.089, 11244709316777, vstest.console.dll, DataCollectionRequestSender.SendBeforeTestRunStartAndGetResult: Send BeforeTestRunStart message with settingsXml <RunSettings><RunConfiguration><ResultsDirectory>D:\project\Prog tutorial\Sandbox\SHP_Calculator\Shapefile_geometry_calculator_tests\bin\Debug\net6.0\fine-code-coverage\coverage-tool-output</ResultsDirectory><TargetPlatform>X64</TargetPlatform><TargetFrameworkVersion>.NETCoreApp,Version=v6.0</TargetFrameworkVersion><DesignMode>False</DesignMode><CollectSourceInformation>False</CollectSourceInformation><TestAdaptersPaths>C:\Program Files\dotnet\sdk\8.0.301\Extensions</TestAdaptersPaths></RunConfiguration><LoggerRunSettings><Loggers><Logger friendlyName="blame" enabled="True" /><Logger friendlyName="Console" uri="logger://microsoft/TestPlatform/ConsoleLogger/v1" assemblyQualifiedName="Microsoft.VisualStudio.TestPlatform.CommandLine.Internal.ConsoleLogger, vstest.console, Version=15.0.0.0, Culture=neutral, PublicKeyToken=b03f5f7f11d50a3a" codeBase="C:\Program Files\dotnet\sdk\8.0.301\vstest.console.dll" enabled="True" /></Loggers></LoggerRunSettings><DataCollectionRunSettings><DataCollectors><DataCollector friendlyName="blame" enabled="True"><Configuration><ResultsDirectory>D:\project\Prog tutorial\Sandbox\SHP_Calculator\Shapefile_geometry_calculator_tests\bin\Debug\net6.0\fine-code-coverage\coverage-tool-output</ResultsDirectory></Configuration></DataCollector></DataCollectors></DataCollectionRunSettings></RunSettings> and sources System.Collections.Generic.List`1[System.String]: 
TpTrace Verbose: 0 : 26132, 5, 2024/06/10, 12:39:39.143, 11244709857128, vstest.console.dll, DataCollectionRequestSender.SendBeforeTestRunStartAndGetResult: Received message: (DataCollection.SendMessage) -> {"MessageType":"DataCollection.SendMessage","Payload":{"FriendlyName":null,"Uri":null,"TestCaseId":"00000000-0000-0000-0000-000000000000","Message":"Logging DataCollector Diagnostics in file: D:\\project\\Prog tutorial\\Sandbox\\SHP_Calculator\\Shapefile_geometry_calculator_tests\\bin\\Debug\\net6.0\\fine-code-coverage\\coverage-tool-output\\diagnostics.datacollector.24-06-10_12-39-38_93353_5.log","Level":0}}
TpTrace Verbose: 0 : 26132, 5, 2024/06/10, 12:39:39.223, 11244710654352, vstest.console.dll, DataCollectionRequestSender.SendBeforeTestRunStartAndGetResult: Received message: (DataCollection.BeforeTestRunStartResult) -> {"MessageType":"DataCollection.BeforeTestRunStartResult","Payload":{"EnvironmentVariables":{},"DataCollectionEventsPort":52988}}
TpTrace Information: 0 : 26132, 5, 2024/06/10, 12:39:39.227, 11244710697799, vstest.console.dll, ProxyDataCollectionManager.BeforeTestRunStart: SendBeforeTestRunStartAndGetResult successful, env variable from datacollector:   and testhost port: 52988
TpTrace Information: 0 : 26132, 5, 2024/06/10, 12:39:39.227, 11244710699628, vstest.console.dll, ProxyDataCollectionManager.InvokeDataCollectionServiceAction: Completed.
TpTrace Verbose: 0 : 26132, 5, 2024/06/10, 12:39:39.227, 11244710700109, vstest.console.dll, ParallelProxyExecutionManager.StartTestRunOnConcurrentManager: Initializing test run. Started clients: 0
TpTrace Verbose: 0 : 26132, 5, 2024/06/10, 12:39:39.228, 11244710701060, vstest.console.dll, ProxyExecutionManager: Test host is always Lazy initialize.
TpTrace Verbose: 0 : 26132, 5, 2024/06/10, 12:39:39.228, 11244710703307, vstest.console.dll, TestRequestSender.InitializeCommunication: initialize communication. 
TpTrace Information: 0 : 26132, 5, 2024/06/10, 12:39:39.228, 11244710709745, vstest.console.dll, SocketServer.Start: Listening on endpoint : 127.0.0.1:52989
TpTrace Verbose: 0 : 26132, 5, 2024/06/10, 12:39:39.229, 11244710716825, vstest.console.dll, DotnetTestHostmanager.GetTestHostProcessStartInfo: Platform environment 'X64' target architecture 'X64' framework '.NETCoreApp,Version=v6.0' OS 'Windows'
TpTrace Verbose: 0 : 26132, 5, 2024/06/10, 12:39:39.229, 11244710718488, vstest.console.dll, DotnetTestHostmanager: Adding  --runtimeconfig "D:\project\Prog tutorial\Sandbox\SHP_Calculator\Shapefile_geometry_calculator_tests\bin\Debug\net6.0\fine-code-coverage\build-output\Shapefile_geometry_calculator_tests.runtimeconfig.json" in args
TpTrace Verbose: 0 : 26132, 5, 2024/06/10, 12:39:39.229, 11244710719133, vstest.console.dll, DotnetTestHostmanager: Adding  --depsfile "D:\project\Prog tutorial\Sandbox\SHP_Calculator\Shapefile_geometry_calculator_tests\bin\Debug\net6.0\fine-code-coverage\build-output\Shapefile_geometry_calculator_tests.deps.json" in args
TpTrace Verbose: 0 : 26132, 5, 2024/06/10, 12:39:39.230, 11244710721021, vstest.console.dll, DotnetTestHostmanager.IsWinOnArm: Current PROCESSOR_ARCHITECTURE from environment variable 'AMD64'
TpTrace Verbose: 0 : 26132, 5, 2024/06/10, 12:39:39.230, 11244710721657, vstest.console.dll, DotnetTestHostmanager.IsWinOnArm: Is Windows on ARM 'False'
TpTrace Verbose: 0 : 26132, 5, 2024/06/10, 12:39:39.230, 11244710722408, vstest.console.dll, DotnetTestHostManager: testhost.exe found at path: D:\project\Prog tutorial\Sandbox\SHP_Calculator\Shapefile_geometry_calculator_tests\bin\Debug\net6.0\fine-code-coverage\build-output\testhost.exe
TpTrace Verbose: 0 : 26132, 5, 2024/06/10, 12:39:39.230, 11244710722856, vstest.console.dll, DotnetTestHostmanager: Full path of host exe is D:\project\Prog tutorial\Sandbox\SHP_Calculator\Shapefile_geometry_calculator_tests\bin\Debug\net6.0\fine-code-coverage\build-output\testhost.exe
TpTrace Verbose: 0 : 26132, 5, 2024/06/10, 12:39:39.230, 11244710724634, vstest.console.dll, DotnetTestHostmanager.LaunchTestHostAsync: Found 'VSTEST_WINAPPHOST_DOTNET_ROOT' in env variables, value 'C:\Program Files\dotnet', forwarding to 'DOTNET_ROOT'
TpTrace Verbose: 0 : 26132, 5, 2024/06/10, 12:39:39.230, 11244710726643, vstest.console.dll, DotnetTestHostManager: Starting process 'D:\project\Prog tutorial\Sandbox\SHP_Calculator\Shapefile_geometry_calculator_tests\bin\Debug\net6.0\fine-code-coverage\build-output\testhost.exe' with command line ' --runtimeconfig "D:\project\Prog tutorial\Sandbox\SHP_Calculator\Shapefile_geometry_calculator_tests\bin\Debug\net6.0\fine-code-coverage\build-output\Shapefile_geometry_calculator_tests.runtimeconfig.json" --depsfile "D:\project\Prog tutorial\Sandbox\SHP_Calculator\Shapefile_geometry_calculator_tests\bin\Debug\net6.0\fine-code-coverage\build-output\Shapefile_geometry_calculator_tests.deps.json" --port 52989 --endpoint 127.0.0.1:052989 --role client --parentprocessid 26132 --diag "D:\project\Prog tutorial\Sandbox\SHP_Calculator\Shapefile_geometry_calculator_tests\bin\Debug\net6.0\fine-code-coverage\coverage-tool-output\diagnostics.host.24-06-10_12-39-39_22923_5.log" --tracelevel 4 --datacollectionport 52988 --telemetryoptedin false'
TpTrace Verbose: 0 : 26132, 5, 2024/06/10, 12:39:39.235, 11244710776544, vstest.console.dll, MulticastDelegateUtilities.SafeInvoke: HostProviderEvents.OnHostLaunched: Invoking callback 1/2 for Microsoft.VisualStudio.TestPlatform.CrossPlatEngine.Client.ProxyExecutionManagerWithDataCollection., took 1 ms.
TpTrace Verbose: 0 : 26132, 5, 2024/06/10, 12:39:39.236, 11244710781115, vstest.console.dll, Test Runtime launched
TpTrace Verbose: 0 : 26132, 5, 2024/06/10, 12:39:39.236, 11244710781787, vstest.console.dll, MulticastDelegateUtilities.SafeInvoke: HostProviderEvents.OnHostLaunched: Invoking callback 2/2 for Microsoft.VisualStudio.TestPlatform.CrossPlatEngine.Client.ProxyOperationManager., took 0 ms.
TpTrace Verbose: 0 : 26132, 5, 2024/06/10, 12:39:39.236, 11244710783175, vstest.console.dll, TestRequestSender.WaitForRequestHandlerConnection: waiting for connection with timeout: 90000.
TpTrace Verbose: 0 : 26132, 5, 2024/06/10, 12:39:39.441, 11244712835787, vstest.console.dll, TestRequestSender.WaitForRequestHandlerConnection: waiting took 205 ms, with timeout 90000 ms, and result 0, which is success.
TpTrace Verbose: 0 : 26132, 7, 2024/06/10, 12:39:39.441, 11244712835784, vstest.console.dll, MulticastDelegateUtilities.SafeInvoke: SocketServer: ClientConnected: Invoking callback 1/1 for Microsoft.VisualStudio.TestPlatform.CommunicationUtilities.TestRequestSender., took 0 ms.
TpTrace Verbose: 0 : 26132, 7, 2024/06/10, 12:39:39.441, 11244712838960, vstest.console.dll, SocketServer.OnClientConnected: Client connected for endPoint: 127.0.0.1:52989, starting MessageLoopAsync:
TpTrace Verbose: 0 : 26132, 7, 2024/06/10, 12:39:39.442, 11244712845979, vstest.console.dll, TcpClientExtensions.MessageLoopAsync: Polling on remoteEndPoint: 127.0.0.1:52990 localEndPoint: 127.0.0.1:52989 after 0 ms
TpTrace Verbose: 0 : 26132, 5, 2024/06/10, 12:39:39.442, 11244712847924, vstest.console.dll, TestRequestSender.CheckVersionWithTestHost: Sending check version message: {"MessageType":"ProtocolVersion","Payload":7}
TpTrace Verbose: 0 : 26132, 7, 2024/06/10, 12:39:39.569, 11244714119644, vstest.console.dll, TcpClientExtensions.MessageLoopAsync: NotifyDataAvailable remoteEndPoint: 127.0.0.1:52990 localEndPoint: 127.0.0.1:52989
TpTrace Verbose: 0 : 26132, 7, 2024/06/10, 12:39:39.570, 11244714122213, vstest.console.dll, TestRequestSender.CheckVersionWithTestHost: onMessageReceived received message: (ProtocolVersion) -> {"MessageType":"ProtocolVersion","Payload":7}
TpTrace Verbose: 0 : 26132, 7, 2024/06/10, 12:39:39.570, 11244714128161, vstest.console.dll, MulticastDelegateUtilities.SafeInvoke: LengthPrefixCommunicationChannel: MessageReceived: Invoking callback 1/1 for Microsoft.VisualStudio.TestPlatform.CommunicationUtilities.TestRequestSender+<>c__DisplayClass29_0., took 0 ms.
TpTrace Verbose: 0 : 26132, 7, 2024/06/10, 12:39:39.570, 11244714129138, vstest.console.dll, TcpClientExtensions.MessageLoopAsync: Polling on remoteEndPoint: 127.0.0.1:52990 localEndPoint: 127.0.0.1:52989 after 128 ms
TpTrace Verbose: 0 : 26132, 5, 2024/06/10, 12:39:39.570, 11244714129435, vstest.console.dll, TestPluginCache.GetExtensionPaths: Filtered extension paths: 
TpTrace Verbose: 0 : 26132, 5, 2024/06/10, 12:39:39.570, 11244714130402, vstest.console.dll, TestPluginCache.GetExtensionPaths: Added default extension paths: C:\Program Files\dotnet\sdk\8.0.301\Extensions\Microsoft.Diagnostics.NETCore.Client.dll
C:\Program Files\dotnet\sdk\8.0.301\Extensions\Microsoft.TestPlatform.Extensions.BlameDataCollector.dll
C:\Program Files\dotnet\sdk\8.0.301\Extensions\Microsoft.TestPlatform.Extensions.EventLogCollector.dll
C:\Program Files\dotnet\sdk\8.0.301\Extensions\Microsoft.TestPlatform.TestHostRuntimeProvider.dll
C:\Program Files\dotnet\sdk\8.0.301\Extensions\Microsoft.VisualStudio.TestPlatform.Extensions.Html.TestLogger.dll
C:\Program Files\dotnet\sdk\8.0.301\Extensions\Microsoft.VisualStudio.TestPlatform.Extensions.Trx.TestLogger.dll
TpTrace Verbose: 0 : 26132, 5, 2024/06/10, 12:39:39.571, 11244714131041, vstest.console.dll, TestPluginCache.GetExtensionPaths: Added unfilterableExtensionPaths: 
TpTrace Verbose: 0 : 26132, 5, 2024/06/10, 12:39:39.573, 11244714157322, vstest.console.dll, TestRequestSender.InitializeExecution: Sending initialize execution with message: {"Version":7,"MessageType":"TestExecution.Initialize","Payload":["D:\\project\\Prog tutorial\\Sandbox\\SHP_Calculator\\Shapefile_geometry_calculator_tests\\bin\\Debug\\net6.0\\fine-code-coverage\\build-output\\xunit.runner.visualstudio.dotnetcore.testadapter.dll"]}
TpTrace Verbose: 0 : 26132, 5, 2024/06/10, 12:39:39.573, 11244714159915, vstest.console.dll, ParallelProxyExecutionManager.StartTestRunOnConcurrentManager: Execution starting. Started clients: 1
TpTrace Verbose: 0 : 26132, 5, 2024/06/10, 12:39:39.574, 11244714162490, vstest.console.dll, TestRunRequest:SendTestRunMessage: Starting.
TpTrace Verbose: 0 : 26132, 5, 2024/06/10, 12:39:39.574, 11244714164243, vstest.console.dll, MulticastDelegateUtilities.SafeInvoke: TestRun.LogMessages: Invoking callback 1/1 for Microsoft.VisualStudio.TestPlatform.CommandLine.TestRunResultAggregator., took 0 ms.
TpTrace Information: 0 : 26132, 5, 2024/06/10, 12:39:39.574, 11244714165383, vstest.console.dll, TestRunRequest:SendTestRunMessage: Completed.
TpTrace Verbose: 0 : 26132, 4, 2024/06/10, 12:39:39.574, 11244714167396, vstest.console.dll, MulticastDelegateUtilities.SafeInvoke: InternalTestLoggerEvents.SendTestRunMessage: Invoking callback 1/1 for Microsoft.VisualStudio.TestPlatform.CommandLine.Internal.ConsoleLogger., took 0 ms.
TpTrace Warning: 0 : 26132, 5, 2024/06/10, 12:39:39.574, 11244714169608, vstest.console.dll, InferRunSettingsHelper.MakeRunsettingsCompatible: Removing the following settings: TargetPlatform from RunSettings file. To use those settings please move to latest version of Microsoft.NET.Test.Sdk
TpTrace Verbose: 0 : 26132, 7, 2024/06/10, 12:39:39.575, 11244714179068, vstest.console.dll, TcpClientExtensions.MessageLoopAsync: NotifyDataAvailable remoteEndPoint: 127.0.0.1:52990 localEndPoint: 127.0.0.1:52989
TpTrace Verbose: 0 : 26132, 7, 2024/06/10, 12:39:39.576, 11244714185177, vstest.console.dll, TestRequestSender.OnExecutionMessageReceived: Received message: {"Version":7,"MessageType":"TestSession.Message","Payload":{"MessageLevel":0,"Message":"Logging TestHost Diagnostics in file: D:\\project\\Prog tutorial\\Sandbox\\SHP_Calculator\\Shapefile_geometry_calculator_tests\\bin\\Debug\\net6.0\\fine-code-coverage\\coverage-tool-output\\diagnostics.host.24-06-10_12-39-39_22923_5.log"}}
TpTrace Verbose: 0 : 26132, 7, 2024/06/10, 12:39:39.578, 11244714207580, vstest.console.dll, TestRunRequest:SendTestRunMessage: Starting.
TpTrace Verbose: 0 : 26132, 7, 2024/06/10, 12:39:39.578, 11244714209413, vstest.console.dll, MulticastDelegateUtilities.SafeInvoke: TestRun.LogMessages: Invoking callback 1/1 for Microsoft.VisualStudio.TestPlatform.CommandLine.TestRunResultAggregator., took 0 ms.
TpTrace Verbose: 0 : 26132, 4, 2024/06/10, 12:39:39.578, 11244714209900, vstest.console.dll, MulticastDelegateUtilities.SafeInvoke: InternalTestLoggerEvents.SendTestRunMessage: Invoking callback 1/1 for Microsoft.VisualStudio.TestPlatform.CommandLine.Internal.ConsoleLogger., took 0 ms.
TpTrace Information: 0 : 26132, 7, 2024/06/10, 12:39:39.579, 11244714211674, vstest.console.dll, TestRunRequest:SendTestRunMessage: Completed.
TpTrace Verbose: 0 : 26132, 7, 2024/06/10, 12:39:39.579, 11244714213225, vstest.console.dll, MulticastDelegateUtilities.SafeInvoke: LengthPrefixCommunicationChannel: MessageReceived: Invoking callback 1/1 for Microsoft.VisualStudio.TestPlatform.CommunicationUtilities.TestRequestSender+<>c__DisplayClass34_0., took 3 ms.
TpTrace Verbose: 0 : 26132, 7, 2024/06/10, 12:39:39.579, 11244714214370, vstest.console.dll, TcpClientExtensions.MessageLoopAsync: Polling on remoteEndPoint: 127.0.0.1:52990 localEndPoint: 127.0.0.1:52989 after 8 ms
TpTrace Verbose: 0 : 26132, 5, 2024/06/10, 12:39:39.581, 11244714234139, vstest.console.dll, TestRequestSender.StartTestRun: Sending test run with message: {"Version":7,"MessageType":"TestExecution.StartWithSources","Payload":{"AdapterSourceMap":{"_none_":["D:\\project\\Prog tutorial\\Sandbox\\SHP_Calculator\\Shapefile_geometry_calculator_tests\\bin\\Debug\\net6.0\\fine-code-coverage\\build-output\\Shapefile_geometry_calculator_tests.dll"]},"RunSettings":"<RunSettings>\r\n  <RunConfiguration>\r\n    <ResultsDirectory>D:\\project\\Prog tutorial\\Sandbox\\SHP_Calculator\\Shapefile_geometry_calculator_tests\\bin\\Debug\\net6.0\\fine-code-coverage\\coverage-tool-output</ResultsDirectory>\r\n    <TargetFrameworkVersion>.NETCoreApp,Version=v6.0</TargetFrameworkVersion>\r\n    <DesignMode>False</DesignMode>\r\n    <CollectSourceInformation>False</CollectSourceInformation>\r\n  </RunConfiguration>\r\n  <LoggerRunSettings>\r\n    <Loggers>\r\n      <Logger friendlyName=\"blame\" enabled=\"True\" />\r\n      <Logger friendlyName=\"Console\" uri=\"logger://microsoft/TestPlatform/ConsoleLogger/v1\" assemblyQualifiedName=\"Microsoft.VisualStudio.TestPlatform.CommandLine.Internal.ConsoleLogger, vstest.console, Version=15.0.0.0, Culture=neutral, PublicKeyToken=b03f5f7f11d50a3a\" codeBase=\"C:\\Program Files\\dotnet\\sdk\\8.0.301\\vstest.console.dll\" enabled=\"True\" />\r\n    </Loggers>\r\n  </LoggerRunSettings>\r\n  <DataCollectionRunSettings>\r\n    <DataCollectors>\r\n      <DataCollector friendlyName=\"blame\" enabled=\"True\">\r\n        <Configuration>\r\n          <ResultsDirectory>D:\\project\\Prog tutorial\\Sandbox\\SHP_Calculator\\Shapefile_geometry_calculator_tests\\bin\\Debug\\net6.0\\fine-code-coverage\\coverage-tool-output</ResultsDirectory>\r\n        </Configuration>\r\n      </DataCollector>\r\n    </DataCollectors>\r\n  </DataCollectionRunSettings>\r\n</RunSettings>","TestExecutionContext":{"FrequencyOfRunStatsChangeEvent":10,"RunStatsChangeEventTimeout":"00:00:01.5000000","InIsolation":false,"KeepAlive":false,"AreTestCaseLevelEventsRequired":false,"IsDebug":false,"TestCaseFilter":null,"FilterOptions":null},"Package":null}}
TpTrace Verbose: 0 : 26132, 5, 2024/06/10, 12:39:39.581, 11244714236473, vstest.console.dll, ParallelProxyExecutionManager.StartTestRunOnConcurrentManager: Execution started. Started clients: 1
TpTrace Verbose: 0 : 26132, 7, 2024/06/10, 12:39:39.789, 11244716320977, vstest.console.dll, TcpClientExtensions.MessageLoopAsync: NotifyDataAvailable remoteEndPoint: 127.0.0.1:52990 localEndPoint: 127.0.0.1:52989
TpTrace Verbose: 0 : 26132, 7, 2024/06/10, 12:39:39.790, 11244716323476, vstest.console.dll, TestRequestSender.OnExecutionMessageReceived: Received message: {"Version":7,"MessageType":"TestSession.Message","Payload":{"MessageLevel":0,"Message":"[xUnit.net 00:00:00.00] xUnit.net VSTest Adapter v2.4.5+1caef2f33e (64-bit .NET 6.0.15)"}}
TpTrace Verbose: 0 : 26132, 7, 2024/06/10, 12:39:39.790, 11244716326228, vstest.console.dll, TestRunRequest:SendTestRunMessage: Starting.
TpTrace Verbose: 0 : 26132, 7, 2024/06/10, 12:39:39.790, 11244716327576, vstest.console.dll, MulticastDelegateUtilities.SafeInvoke: TestRun.LogMessages: Invoking callback 1/1 for Microsoft.VisualStudio.TestPlatform.CommandLine.TestRunResultAggregator., took 0 ms.
TpTrace Information: 0 : 26132, 7, 2024/06/10, 12:39:39.790, 11244716328721, vstest.console.dll, TestRunRequest:SendTestRunMessage: Completed.
TpTrace Verbose: 0 : 26132, 4, 2024/06/10, 12:39:39.790, 11244716329140, vstest.console.dll, MulticastDelegateUtilities.SafeInvoke: InternalTestLoggerEvents.SendTestRunMessage: Invoking callback 1/1 for Microsoft.VisualStudio.TestPlatform.CommandLine.Internal.ConsoleLogger., took 0 ms.
TpTrace Verbose: 0 : 26132, 7, 2024/06/10, 12:39:39.790, 11244716329791, vstest.console.dll, MulticastDelegateUtilities.SafeInvoke: LengthPrefixCommunicationChannel: MessageReceived: Invoking callback 1/1 for Microsoft.VisualStudio.TestPlatform.CommunicationUtilities.TestRequestSender+<>c__DisplayClass34_0., took 0 ms.
TpTrace Verbose: 0 : 26132, 7, 2024/06/10, 12:39:39.791, 11244716332594, vstest.console.dll, TcpClientExtensions.MessageLoopAsync: Polling on remoteEndPoint: 127.0.0.1:52990 localEndPoint: 127.0.0.1:52989 after 211 ms
TpTrace Verbose: 0 : 26132, 7, 2024/06/10, 12:39:40.797, 11244726399669, vstest.console.dll, TcpClientExtensions.MessageLoopAsync: Polling on remoteEndPoint: 127.0.0.1:52990 localEndPoint: 127.0.0.1:52989 after 1006 ms
TpTrace Verbose: 0 : 26132, 7, 2024/06/10, 12:39:41.802, 11244736447181, vstest.console.dll, TcpClientExtensions.MessageLoopAsync: Polling on remoteEndPoint: 127.0.0.1:52990 localEndPoint: 127.0.0.1:52989 after 1004 ms
TpTrace Verbose: 0 : 26132, 7, 2024/06/10, 12:39:41.874, 11244737170470, vstest.console.dll, TcpClientExtensions.MessageLoopAsync: NotifyDataAvailable remoteEndPoint: 127.0.0.1:52990 localEndPoint: 127.0.0.1:52989
TpTrace Verbose: 0 : 26132, 7, 2024/06/10, 12:39:41.875, 11244737172424, vstest.console.dll, TestRequestSender.OnExecutionMessageReceived: Received message: {"Version":7,"MessageType":"TestSession.Message","Payload":{"MessageLevel":0,"Message":"[xUnit.net 00:00:02.08]   Discovering: Shapefile_geometry_calculator_tests"}}
TpTrace Verbose: 0 : 26132, 7, 2024/06/10, 12:39:41.875, 11244737174015, vstest.console.dll, TestRunRequest:SendTestRunMessage: Starting.
TpTrace Verbose: 0 : 26132, 7, 2024/06/10, 12:39:41.875, 11244737174663, vstest.console.dll, MulticastDelegateUtilities.SafeInvoke: TestRun.LogMessages: Invoking callback 1/1 for Microsoft.VisualStudio.TestPlatform.CommandLine.TestRunResultAggregator., took 0 ms.
TpTrace Verbose: 0 : 26132, 4, 2024/06/10, 12:39:41.875, 11244737175229, vstest.console.dll, MulticastDelegateUtilities.SafeInvoke: InternalTestLoggerEvents.SendTestRunMessage: Invoking callback 1/1 for Microsoft.VisualStudio.TestPlatform.CommandLine.Internal.ConsoleLogger., took 0 ms.
TpTrace Information: 0 : 26132, 7, 2024/06/10, 12:39:41.875, 11244737175513, vstest.console.dll, TestRunRequest:SendTestRunMessage: Completed.
TpTrace Verbose: 0 : 26132, 7, 2024/06/10, 12:39:41.875, 11244737178192, vstest.console.dll, MulticastDelegateUtilities.SafeInvoke: LengthPrefixCommunicationChannel: MessageReceived: Invoking callback 1/1 for Microsoft.VisualStudio.TestPlatform.CommunicationUtilities.TestRequestSender+<>c__DisplayClass34_0., took 0 ms.
TpTrace Verbose: 0 : 26132, 7, 2024/06/10, 12:39:41.875, 11244737178819, vstest.console.dll, TcpClientExtensions.MessageLoopAsync: Polling on remoteEndPoint: 127.0.0.1:52990 localEndPoint: 127.0.0.1:52989 after 72 ms
TpTrace Verbose: 0 : 26132, 7, 2024/06/10, 12:39:41.907, 11244737496436, vstest.console.dll, TcpClientExtensions.MessageLoopAsync: NotifyDataAvailable remoteEndPoint: 127.0.0.1:52990 localEndPoint: 127.0.0.1:52989
TpTrace Verbose: 0 : 26132, 7, 2024/06/10, 12:39:41.907, 11244737498899, vstest.console.dll, TestRequestSender.OnExecutionMessageReceived: Received message: {"Version":7,"MessageType":"TestSession.Message","Payload":{"MessageLevel":0,"Message":"[xUnit.net 00:00:02.12]   Discovered:  Shapefile_geometry_calculator_tests"}}
TpTrace Verbose: 0 : 26132, 7, 2024/06/10, 12:39:41.907, 11244737500705, vstest.console.dll, TestRunRequest:SendTestRunMessage: Starting.
TpTrace Verbose: 0 : 26132, 7, 2024/06/10, 12:39:41.908, 11244737501632, vstest.console.dll, MulticastDelegateUtilities.SafeInvoke: TestRun.LogMessages: Invoking callback 1/1 for Microsoft.VisualStudio.TestPlatform.CommandLine.TestRunResultAggregator., took 0 ms.
TpTrace Information: 0 : 26132, 7, 2024/06/10, 12:39:41.908, 11244737502262, vstest.console.dll, TestRunRequest:SendTestRunMessage: Completed.
TpTrace Verbose: 0 : 26132, 7, 2024/06/10, 12:39:41.908, 11244737503041, vstest.console.dll, MulticastDelegateUtilities.SafeInvoke: LengthPrefixCommunicationChannel: MessageReceived: Invoking callback 1/1 for Microsoft.VisualStudio.TestPlatform.CommunicationUtilities.TestRequestSender+<>c__DisplayClass34_0., took 0 ms.
TpTrace Verbose: 0 : 26132, 4, 2024/06/10, 12:39:41.908, 11244737502617, vstest.console.dll, MulticastDelegateUtilities.SafeInvoke: InternalTestLoggerEvents.SendTestRunMessage: Invoking callback 1/1 for Microsoft.VisualStudio.TestPlatform.CommandLine.Internal.ConsoleLogger., took 0 ms.
TpTrace Verbose: 0 : 26132, 7, 2024/06/10, 12:39:41.908, 11244737504497, vstest.console.dll, TcpClientExtensions.MessageLoopAsync: Polling on remoteEndPoint: 127.0.0.1:52990 localEndPoint: 127.0.0.1:52989 after 32 ms
TpTrace Verbose: 0 : 26132, 7, 2024/06/10, 12:39:41.914, 11244737563449, vstest.console.dll, TcpClientExtensions.MessageLoopAsync: NotifyDataAvailable remoteEndPoint: 127.0.0.1:52990 localEndPoint: 127.0.0.1:52989
TpTrace Verbose: 0 : 26132, 7, 2024/06/10, 12:39:41.914, 11244737566020, vstest.console.dll, TestRequestSender.OnExecutionMessageReceived: Received message: {"Version":7,"MessageType":"TestSession.Message","Payload":{"MessageLevel":0,"Message":"[xUnit.net 00:00:02.12]   Starting:    Shapefile_geometry_calculator_tests"}}
TpTrace Verbose: 0 : 26132, 7, 2024/06/10, 12:39:41.914, 11244737567680, vstest.console.dll, TestRunRequest:SendTestRunMessage: Starting.
TpTrace Verbose: 0 : 26132, 7, 2024/06/10, 12:39:41.914, 11244737568819, vstest.console.dll, MulticastDelegateUtilities.SafeInvoke: TestRun.LogMessages: Invoking callback 1/1 for Microsoft.VisualStudio.TestPlatform.CommandLine.TestRunResultAggregator., took 0 ms.
TpTrace Information: 0 : 26132, 7, 2024/06/10, 12:39:41.914, 11244737569801, vstest.console.dll, TestRunRequest:SendTestRunMessage: Completed.
TpTrace Verbose: 0 : 26132, 4, 2024/06/10, 12:39:41.914, 11244737570127, vstest.console.dll, MulticastDelegateUtilities.SafeInvoke: InternalTestLoggerEvents.SendTestRunMessage: Invoking callback 1/1 for Microsoft.VisualStudio.TestPlatform.CommandLine.Internal.ConsoleLogger., took 0 ms.
TpTrace Verbose: 0 : 26132, 7, 2024/06/10, 12:39:41.914, 11244737570246, vstest.console.dll, MulticastDelegateUtilities.SafeInvoke: LengthPrefixCommunicationChannel: MessageReceived: Invoking callback 1/1 for Microsoft.VisualStudio.TestPlatform.CommunicationUtilities.TestRequestSender+<>c__DisplayClass34_0., took 0 ms.
TpTrace Verbose: 0 : 26132, 7, 2024/06/10, 12:39:41.915, 11244737572772, vstest.console.dll, TcpClientExtensions.MessageLoopAsync: Polling on remoteEndPoint: 127.0.0.1:52990 localEndPoint: 127.0.0.1:52989 after 6 ms
TpTrace Verbose: 0 : 26132, 7, 2024/06/10, 12:39:41.985, 11244738278738, vstest.console.dll, TcpClientExtensions.MessageLoopAsync: NotifyDataAvailable remoteEndPoint: 127.0.0.1:52990 localEndPoint: 127.0.0.1:52989
TpTrace Verbose: 0 : 26132, 7, 2024/06/10, 12:39:41.986, 11244738281392, vstest.console.dll, TestRequestSender.OnExecutionMessageReceived: Received message: {"Version":7,"MessageType":"TestExecution.StatsChange","Payload":{"NewTestResults":[],"TestRunStatistics":{"ExecutedTests":0,"Stats":{}},"ActiveTests":[{"Id":"8cdda332-76fd-935b-fc47-bbe7a8443984","FullyQualifiedName":"Shapefile_geometry_calculator_tests.ReportCalculatorTests.ComputeReport_AllEqualValues_ReturnsCorrectStatistics","DisplayName":"Shapefile_geometry_calculator_tests.ReportCalculatorTests.ComputeReport_AllEqualValues_ReturnsCorrectStatistics","ExecutorUri":"executor://xunit/VsTestRunner2/netcoreapp","Source":"D:\\project\\Prog tutorial\\Sandbox\\SHP_Calculator\\Shapefile_geometry_calculator_tests\\bin\\Debug\\net6.0\\fine-code-coverage\\build-output\\Shapefile_geometry_calculator_tests.dll","CodeFilePath":null,"LineNumber":0,"Properties":[]}]}}
TpTrace Verbose: 0 : 26132, 7, 2024/06/10, 12:39:42.005, 11244738474704, vstest.console.dll, TestRunRequest:SendTestRunStatsChange: Starting.
TpTrace Verbose: 0 : 26132, 7, 2024/06/10, 12:39:42.005, 11244738478847, vstest.console.dll, InProgress is Shapefile_geometry_calculator_tests.ReportCalculatorTests.ComputeReport_AllEqualValues_ReturnsCorrectStatistics
TpTrace Verbose: 0 : 26132, 7, 2024/06/10, 12:39:42.006, 11244738482014, vstest.console.dll, MulticastDelegateUtilities.SafeInvoke: TestRun.RunStatsChanged: Invoking callbacks was skipped because there are no subscribers.
TpTrace Information: 0 : 26132, 7, 2024/06/10, 12:39:42.006, 11244738483181, vstest.console.dll, TestRunRequest:SendTestRunStatsChange: Completed.
TpTrace Verbose: 0 : 26132, 7, 2024/06/10, 12:39:42.006, 11244738483933, vstest.console.dll, MulticastDelegateUtilities.SafeInvoke: LengthPrefixCommunicationChannel: MessageReceived: Invoking callback 1/1 for Microsoft.VisualStudio.TestPlatform.CommunicationUtilities.TestRequestSender+<>c__DisplayClass34_0., took 20 ms.
TpTrace Verbose: 0 : 26132, 7, 2024/06/10, 12:39:42.006, 11244738485277, vstest.console.dll, TcpClientExtensions.MessageLoopAsync: Polling on remoteEndPoint: 127.0.0.1:52990 localEndPoint: 127.0.0.1:52989 after 91 ms
TpTrace Verbose: 0 : 26132, 7, 2024/06/10, 12:39:42.062, 11244739047687, vstest.console.dll, TcpClientExtensions.MessageLoopAsync: NotifyDataAvailable remoteEndPoint: 127.0.0.1:52990 localEndPoint: 127.0.0.1:52989
TpTrace Verbose: 0 : 26132, 7, 2024/06/10, 12:39:42.063, 11244739051934, vstest.console.dll, TestRequestSender.OnExecutionMessageReceived: Received message: {"Version":7,"MessageType":"TestExecution.StatsChange","Payload":{"NewTestResults":[{"TestCase":{"Id":"8cdda332-76fd-935b-fc47-bbe7a8443984","FullyQualifiedName":"Shapefile_geometry_calculator_tests.ReportCalculatorTests.ComputeReport_AllEqualValues_ReturnsCorrectStatistics","DisplayName":"Shapefile_geometry_calculator_tests.ReportCalculatorTests.ComputeReport_AllEqualValues_ReturnsCorrectStatistics","ExecutorUri":"executor://xunit/VsTestRunner2/netcoreapp","Source":"D:\\project\\Prog tutorial\\Sandbox\\SHP_Calculator\\Shapefile_geometry_calculator_tests\\bin\\Debug\\net6.0\\fine-code-coverage\\build-output\\Shapefile_geometry_calculator_tests.dll","CodeFilePath":null,"LineNumber":0,"Properties":[]},"Attachments":[],"Outcome":1,"ErrorMessage":null,"ErrorStackTrace":null,"DisplayName":"Shapefile_geometry_calculator_tests.ReportCalculatorTests.ComputeReport_AllEqualValues_ReturnsCorrectStatistics","Messages":[],"ComputerName":"BODRI","Duration":"00:00:00.0121043","StartTime":"2024-06-10T10:39:42.0212846+00:00","EndTime":"2024-06-10T10:39:42.021321+00:00","Properties":[]},{"TestCase":{"Id":"d611a13b-773f-0089-e64b-bc0b2c070154","FullyQualifiedName":"Shapefile_geometry_calculator_tests.ResultConverterTests.ConvertPolylineResult_MeterConversion_ReturnsCorrectConversion","DisplayName":"Shapefile_geometry_calculator_tests.ResultConverterTests.ConvertPolylineResult_MeterConversion_ReturnsCorrectConversion","ExecutorUri":"executor://xunit/VsTestRunner2/netcoreapp","Source":"D:\\project\\Prog tutorial\\Sandbox\\SHP_Calculator\\Shapefile_geometry_calculator_tests\\bin\\Debug\\net6.0\\fine-code-coverage\\build-output\\Shapefile_geometry_calculator_tests.dll","CodeFilePath":null,"LineNumber":0,"Properties":[]},"Attachments":[],"Outcome":1,"ErrorMessage":null,"ErrorStackTrace":null,"DisplayName":"Shapefile_geometry_calculator_tests.ResultConverterTests.ConvertPolylineResult_MeterConversion_ReturnsCorrectConversion","Messages":[],"ComputerName":"BODRI","Duration":"00:00:00.0107697","StartTime":"2024-06-10T10:39:42.0397934+00:00","EndTime":"2024-06-10T10:39:42.0397935+00:00","Properties":[]},{"TestCase":{"Id":"cc36be44-6f68-9b51-1f66-e38601d6b23b","FullyQualifiedName":"Shapefile_geometry_calculator_tests.ReportCalculatorTests.ComputeReport_SingleItem_ReturnsCorrectStatistics","DisplayName":"Shapefile_geometry_calculator_tests.ReportCalculatorTests.ComputeReport_SingleItem_ReturnsCorrectStatistics","ExecutorUri":"executor://xunit/VsTestRunner2/netcoreapp","Source":"D:\\project\\Prog tutorial\\Sandbox\\SHP_Calculator\\Shapefile_geometry_calculator_tests\\bin\\Debug\\net6.0\\fine-code-coverage\\build-output\\Shapefile_geometry_calculator_tests.dll","CodeFilePath":null,"LineNumber":0,"Properties":[]},"Attachments":[],"Outcome":1,"ErrorMessage":null,"ErrorStackTrace":null,"DisplayName":"Shapefile_geometry_calculator_tests.ReportCalculatorTests.ComputeReport_SingleItem_ReturnsCorrectStatistics","Messages":[],"ComputerName":"BODRI","Duration":"00:00:00.0011132","StartTime":"2024-06-10T10:39:42.0417963+00:00","EndTime":"2024-06-10T10:39:42.0417964+00:00","Properties":[]},{"TestCase":{"Id":"98223e3d-21ca-5a94-d65f-6c0714f9b6e4","FullyQualifiedName":"Shapefile_geometry_calculator_tests.ReportCalculatorTests.ComputeReport_MixedValues_ReturnsCorrectStatistics","DisplayName":"Shapefile_geometry_calculator_tests.ReportCalculatorTests.ComputeReport_MixedValues_ReturnsCorrectStatistics","ExecutorUri":"executor://xunit/VsTestRunner2/netcoreapp","Source":"D:\\project\\Prog tutorial\\Sandbox\\SHP_Calculator\\Shapefile_geometry_calculator_tests\\bin\\Debug\\net6.0\\fine-code-coverage\\build-output\\Shapefile_geometry_calculator_tests.dll","CodeFilePath":null,"LineNumber":0,"Properties":[]},"Attachments":[],"Outcome":1,"ErrorMessage":null,"ErrorStackTrace":null,"DisplayName":"Shapefile_geometry_calculator_tests.ReportCalculatorTests.ComputeReport_MixedValues_ReturnsCorrectStatistics","Messages":[],"ComputerName":"BODRI","Duration":"00:00:00.0012368","StartTime":"2024-06-10T10:39:42.0443569+00:00","EndTime":"2024-06-10T10:39:42.0443569+00:00","Properties":[]},{"TestCase":{"Id":"7815cb3b-bc66-6b5f-2826-5f90f7dfb882","FullyQualifiedName":"Shapefile_geometry_calculator_tests.ReportCalculatorTests.ComputeReport_MultipleItems_ReturnsCorrectStatistics","DisplayName":"Shapefile_geometry_calculator_tests.ReportCalculatorTests.ComputeReport_MultipleItems_ReturnsCorrectStatistics","ExecutorUri":"executor://xunit/VsTestRunner2/netcoreapp","Source":"D:\\project\\Prog tutorial\\Sandbox\\SHP_Calculator\\Shapefile_geometry_calculator_tests\\bin\\Debug\\net6.0\\fine-code-coverage\\build-output\\Shapefile_geometry_calculator_tests.dll","CodeFilePath":null,"LineNumber":0,"Properties":[]},"Attachments":[],"Outcome":1,"ErrorMessage":null,"ErrorStackTrace":null,"DisplayName":"Shapefile_geometry_calculator_tests.ReportCalculatorTests.ComputeReport_MultipleItems_ReturnsCorrectStatistics","Messages":[],"ComputerName":"BODRI","Duration":"00:00:00.0006554","StartTime":"2024-06-10T10:39:42.0478282+00:00","EndTime":"2024-06-10T10:39:42.0478283+00:00","Properties":[]},{"TestCase":{"Id":"5870a551-1b36-048a-a2b7-d72420456dd8","FullyQualifiedName":"Shapefile_geometry_calculator_tests.ResultConverterTests.ConvertPolygonResult_InvalidMeasureType_DoesNotConvert","DisplayName":"Shapefile_geometry_calculator_tests.ResultConverterTests.ConvertPolygonResult_InvalidMeasureType_DoesNotConvert","ExecutorUri":"executor://xunit/VsTestRunner2/netcoreapp","Source":"D:\\project\\Prog tutorial\\Sandbox\\SHP_Calculator\\Shapefile_geometry_calculator_tests\\bin\\Debug\\net6.0\\fine-code-coverage\\build-output\\Shapefile_geometry_calculator_tests.dll","CodeFilePath":null,"LineNumber":0,"Properties":[]},"Attachments":[],"Outcome":1,"ErrorMessage":null,"ErrorStackTrace":null,"DisplayName":"Shapefile_geometry_calculator_tests.ResultConverterTests.ConvertPolygonResult_InvalidMeasureType_DoesNotConvert","Messages":[],"ComputerName":"BODRI","Duration":"00:00:00.0011506","StartTime":"2024-06-10T10:39:42.0489557+00:00","EndTime":"2024-06-10T10:39:42.0489557+00:00","Properties":[]},{"TestCase":{"Id":"21ec6f5b-b5e4-cdbe-3ce9-d182947fef5b","FullyQualifiedName":"Shapefile_geometry_calculator_tests.ResultConverterTests.ConvertPolygonResult_EmptyList_ReturnsNull","DisplayName":"Shapefile_geometry_calculator_tests.ResultConverterTests.ConvertPolygonResult_EmptyList_ReturnsNull","ExecutorUri":"executor://xunit/VsTestRunner2/netcoreapp","Source":"D:\\project\\Prog tutorial\\Sandbox\\SHP_Calculator\\Shapefile_geometry_calculator_tests\\bin\\Debug\\net6.0\\fine-code-coverage\\build-output\\Shapefile_geometry_calculator_tests.dll","CodeFilePath":null,"LineNumber":0,"Properties":[]},"Attachments":[],"Outcome":1,"ErrorMessage":null,"ErrorStackTrace":null,"DisplayName":"Shapefile_geometry_calculator_tests.ResultConverterTests.ConvertPolygonResult_EmptyList_ReturnsNull","Messages":[],"ComputerName":"BODRI","Duration":"00:00:00.0005061","StartTime":"2024-06-10T10:39:42.0510513+00:00","EndTime":"2024-06-10T10:39:42.0510513+00:00","Properties":[]},{"TestCase":{"Id":"02959ae8-4ea7-6078-bb12-11c07c21ecef","FullyQualifiedName":"Shapefile_geometry_calculator_tests.ResultConverterTests.CalculateConvertion_CorrectlyConvertsResults","DisplayName":"Shapefile_geometry_calculator_tests.ResultConverterTests.CalculateConvertion_CorrectlyConvertsResults","ExecutorUri":"executor://xunit/VsTestRunner2/netcoreapp","Source":"D:\\project\\Prog tutorial\\Sandbox\\SHP_Calculator\\Shapefile_geometry_calculator_tests\\bin\\Debug\\net6.0\\fine-code-coverage\\build-output\\Shapefile_geometry_calculator_tests.dll","CodeFilePath":null,"LineNumber":0,"Properties":[]},"Attachments":[],"Outcome":1,"ErrorMessage":null,"ErrorStackTrace":null,"DisplayName":"Shapefile_geometry_calculator_tests.ResultConverterTests.CalculateConvertion_CorrectlyConvertsResults","Messages":[],"ComputerName":"BODRI","Duration":"00:00:00.0008486","StartTime":"2024-06-10T10:39:42.0539342+00:00","EndTime":"2024-06-10T10:39:42.0539343+00:00","Properties":[]}],"TestRunStatistics":{"ExecutedTests":8,"Stats":{"Passed":8}},"ActiveTests":[{"Id":"567d33f7-31ba-ae00-2a52-df19ed748b72","FullyQualifiedName":"Shapefile_geometry_calculator_tests.CalculationManager_Tests.DoCalculation_ShapeGeometryCalculatorThrowsException_HandlesException","DisplayName":"Shapefile_geometry_calculator_tests.CalculationManager_Tests.DoCalculation_ShapeGeometryCalculatorThrowsException_HandlesException","ExecutorUri":"executor://xunit/VsTestRunner2/netcoreapp","Source":"D:\\project\\Prog tutorial\\Sandbox\\SHP_Calculator\\Shapefile_geometry_calculator_tests\\bin\\Debug\\net6.0\\fine-code-coverage\\build-output\\Shapefile_geometry_calculator_tests.dll","CodeFilePath":null,"LineNumber":0,"Properties":[]},{"Id":"5e3ddd3c-8991-a4ce-8200-922507278484","FullyQualifiedName":"Shapefile_geometry_calculator_tests.ResultConverterTests.ConvertPolygonResult_SingleItem_ReturnsCorrectConversion","DisplayName":"Shapefile_geometry_calculator_tests.ResultConverterTests.ConvertPolygonResult_SingleItem_ReturnsCorrectConversion","ExecutorUri":"executor://xunit/VsTestRunner2/netcoreapp","Source":"D:\\project\\Prog tutorial\\Sandbox\\SHP_Calculator\\Shapefile_geometry_calculator_tests\\bin\\Debug\\net6.0\\fine-code-coverage\\build-output\\Shapefile_geometry_calculator_tests.dll","CodeFilePath":null,"LineNumber":0,"Properties":[]}]}}
TpTrace Verbose: 0 : 26132, 7, 2024/06/10, 12:39:42.073, 11244739155817, vstest.console.dll, TestRunRequest:SendTestRunStatsChange: Starting.
TpTrace Verbose: 0 : 26132, 7, 2024/06/10, 12:39:42.073, 11244739157918, vstest.console.dll, InProgress is Shapefile_geometry_calculator_tests.CalculationManager_Tests.DoCalculation_ShapeGeometryCalculatorThrowsException_HandlesException
TpTrace Verbose: 0 : 26132, 7, 2024/06/10, 12:39:42.073, 11244739158639, vstest.console.dll, InProgress is Shapefile_geometry_calculator_tests.ResultConverterTests.ConvertPolygonResult_SingleItem_ReturnsCorrectConversion
TpTrace Verbose: 0 : 26132, 7, 2024/06/10, 12:39:42.073, 11244739160519, vstest.console.dll, MulticastDelegateUtilities.SafeInvoke: TestRun.RunStatsChanged: Invoking callbacks was skipped because there are no subscribers.
TpTrace Information: 0 : 26132, 7, 2024/06/10, 12:39:42.074, 11244739161074, vstest.console.dll, TestRunRequest:SendTestRunStatsChange: Completed.
TpTrace Verbose: 0 : 26132, 7, 2024/06/10, 12:39:42.074, 11244739161724, vstest.console.dll, MulticastDelegateUtilities.SafeInvoke: LengthPrefixCommunicationChannel: MessageReceived: Invoking callback 1/1 for Microsoft.VisualStudio.TestPlatform.CommunicationUtilities.TestRequestSender+<>c__DisplayClass34_0., took 11 ms.
TpTrace Verbose: 0 : 26132, 7, 2024/06/10, 12:39:42.074, 11244739162210, vstest.console.dll, TcpClientExtensions.MessageLoopAsync: Polling on remoteEndPoint: 127.0.0.1:52990 localEndPoint: 127.0.0.1:52989 after 67 ms
TpTrace Verbose: 0 : 26132, 4, 2024/06/10, 12:39:42.076, 11244739189465, vstest.console.dll, MulticastDelegateUtilities.SafeInvoke: InternalTestLoggerEvents.SendTestResult: Invoking callback 1/1 for Microsoft.VisualStudio.TestPlatform.CommandLine.Internal.ConsoleLogger., took 2 ms.
TpTrace Verbose: 0 : 26132, 4, 2024/06/10, 12:39:42.077, 11244739193728, vstest.console.dll, MulticastDelegateUtilities.SafeInvoke: InternalTestLoggerEvents.SendTestResult: Invoking callback 1/1 for Microsoft.VisualStudio.TestPlatform.CommandLine.Internal.ConsoleLogger., took 0 ms.
TpTrace Verbose: 0 : 26132, 4, 2024/06/10, 12:39:42.077, 11244739194593, vstest.console.dll, MulticastDelegateUtilities.SafeInvoke: InternalTestLoggerEvents.SendTestResult: Invoking callback 1/1 for Microsoft.VisualStudio.TestPlatform.CommandLine.Internal.ConsoleLogger., took 0 ms.
TpTrace Verbose: 0 : 26132, 4, 2024/06/10, 12:39:42.077, 11244739195238, vstest.console.dll, MulticastDelegateUtilities.SafeInvoke: InternalTestLoggerEvents.SendTestResult: Invoking callback 1/1 for Microsoft.VisualStudio.TestPlatform.CommandLine.Internal.ConsoleLogger., took 0 ms.
TpTrace Verbose: 0 : 26132, 4, 2024/06/10, 12:39:42.077, 11244739196059, vstest.console.dll, MulticastDelegateUtilities.SafeInvoke: InternalTestLoggerEvents.SendTestResult: Invoking callback 1/1 for Microsoft.VisualStudio.TestPlatform.CommandLine.Internal.ConsoleLogger., took 0 ms.
TpTrace Verbose: 0 : 26132, 4, 2024/06/10, 12:39:42.077, 11244739196857, vstest.console.dll, MulticastDelegateUtilities.SafeInvoke: InternalTestLoggerEvents.SendTestResult: Invoking callback 1/1 for Microsoft.VisualStudio.TestPlatform.CommandLine.Internal.ConsoleLogger., took 0 ms.
TpTrace Verbose: 0 : 26132, 4, 2024/06/10, 12:39:42.077, 11244739198194, vstest.console.dll, MulticastDelegateUtilities.SafeInvoke: InternalTestLoggerEvents.SendTestResult: Invoking callback 1/1 for Microsoft.VisualStudio.TestPlatform.CommandLine.Internal.ConsoleLogger., took 0 ms.
TpTrace Verbose: 0 : 26132, 4, 2024/06/10, 12:39:42.077, 11244739199097, vstest.console.dll, MulticastDelegateUtilities.SafeInvoke: InternalTestLoggerEvents.SendTestResult: Invoking callback 1/1 for Microsoft.VisualStudio.TestPlatform.CommandLine.Internal.ConsoleLogger., took 0 ms.
TpTrace Verbose: 0 : 26132, 7, 2024/06/10, 12:39:42.099, 11244739413766, vstest.console.dll, TcpClientExtensions.MessageLoopAsync: NotifyDataAvailable remoteEndPoint: 127.0.0.1:52990 localEndPoint: 127.0.0.1:52989
TpTrace Verbose: 0 : 26132, 7, 2024/06/10, 12:39:42.099, 11244739419434, vstest.console.dll, TestRequestSender.OnExecutionMessageReceived: Received message: {"Version":7,"MessageType":"TestExecution.StatsChange","Payload":{"NewTestResults":[{"TestCase":{"Id":"5e3ddd3c-8991-a4ce-8200-922507278484","FullyQualifiedName":"Shapefile_geometry_calculator_tests.ResultConverterTests.ConvertPolygonResult_SingleItem_ReturnsCorrectConversion","DisplayName":"Shapefile_geometry_calculator_tests.ResultConverterTests.ConvertPolygonResult_SingleItem_ReturnsCorrectConversion","ExecutorUri":"executor://xunit/VsTestRunner2/netcoreapp","Source":"D:\\project\\Prog tutorial\\Sandbox\\SHP_Calculator\\Shapefile_geometry_calculator_tests\\bin\\Debug\\net6.0\\fine-code-coverage\\build-output\\Shapefile_geometry_calculator_tests.dll","CodeFilePath":null,"LineNumber":0,"Properties":[]},"Attachments":[],"Outcome":1,"ErrorMessage":null,"ErrorStackTrace":null,"DisplayName":"Shapefile_geometry_calculator_tests.ResultConverterTests.ConvertPolygonResult_SingleItem_ReturnsCorrectConversion","Messages":[],"ComputerName":"BODRI","Duration":"00:00:00.0009808","StartTime":"2024-06-10T10:39:42.0643828+00:00","EndTime":"2024-06-10T10:39:42.0643829+00:00","Properties":[]},{"TestCase":{"Id":"4aa4d4dd-19d6-74c7-5dba-04c3ffeb07b0","FullyQualifiedName":"Shapefile_geometry_calculator_tests.ResultConverterTests.ConvertPolygonResult_MultipleItems_ReturnsCorrectConversions","DisplayName":"Shapefile_geometry_calculator_tests.ResultConverterTests.ConvertPolygonResult_MultipleItems_ReturnsCorrectConversions","ExecutorUri":"executor://xunit/VsTestRunner2/netcoreapp","Source":"D:\\project\\Prog tutorial\\Sandbox\\SHP_Calculator\\Shapefile_geometry_calculator_tests\\bin\\Debug\\net6.0\\fine-code-coverage\\build-output\\Shapefile_geometry_calculator_tests.dll","CodeFilePath":null,"LineNumber":0,"Properties":[]},"Attachments":[],"Outcome":1,"ErrorMessage":null,"ErrorStackTrace":null,"DisplayName":"Shapefile_geometry_calculator_tests.ResultConverterTests.ConvertPolygonResult_MultipleItems_ReturnsCorrectConversions","Messages":[],"ComputerName":"BODRI","Duration":"00:00:00.0012338","StartTime":"2024-06-10T10:39:42.0678394+00:00","EndTime":"2024-06-10T10:39:42.0678395+00:00","Properties":[]},{"TestCase":{"Id":"7209ad28-9583-a96f-fae1-95c5de75c0d1","FullyQualifiedName":"Shapefile_geometry_calculator_tests.ResultConverterTests.ConvertPolylineResult_KilometerConversion_ReturnsCorrectConversion","DisplayName":"Shapefile_geometry_calculator_tests.ResultConverterTests.ConvertPolylineResult_KilometerConversion_ReturnsCorrectConversion","ExecutorUri":"executor://xunit/VsTestRunner2/netcoreapp","Source":"D:\\project\\Prog tutorial\\Sandbox\\SHP_Calculator\\Shapefile_geometry_calculator_tests\\bin\\Debug\\net6.0\\fine-code-coverage\\build-output\\Shapefile_geometry_calculator_tests.dll","CodeFilePath":null,"LineNumber":0,"Properties":[]},"Attachments":[],"Outcome":1,"ErrorMessage":null,"ErrorStackTrace":null,"DisplayName":"Shapefile_geometry_calculator_tests.ResultConverterTests.ConvertPolylineResult_KilometerConversion_ReturnsCorrectConversion","Messages":[],"ComputerName":"BODRI","Duration":"00:00:00.0007806","StartTime":"2024-06-10T10:39:42.0718456+00:00","EndTime":"2024-06-10T10:39:42.0718456+00:00","Properties":[]},{"TestCase":{"Id":"3b05e4d3-40d1-2153-903c-5c13c37bf107","FullyQualifiedName":"Shapefile_geometry_calculator_tests.ResultConverterTests.ConvertPolylineResult_EmptyList_ReturnsNull","DisplayName":"Shapefile_geometry_calculator_tests.ResultConverterTests.ConvertPolylineResult_EmptyList_ReturnsNull","ExecutorUri":"executor://xunit/VsTestRunner2/netcoreapp","Source":"D:\\project\\Prog tutorial\\Sandbox\\SHP_Calculator\\Shapefile_geometry_calculator_tests\\bin\\Debug\\net6.0\\fine-code-coverage\\build-output\\Shapefile_geometry_calculator_tests.dll","CodeFilePath":null,"LineNumber":0,"Properties":[]},"Attachments":[],"Outcome":1,"ErrorMessage":null,"ErrorStackTrace":null,"DisplayName":"Shapefile_geometry_calculator_tests.ResultConverterTests.ConvertPolylineResult_EmptyList_ReturnsNull","Messages":[],"ComputerName":"BODRI","Duration":"00:00:00.0004486","StartTime":"2024-06-10T10:39:42.0745093+00:00","EndTime":"2024-06-10T10:39:42.0745093+00:00","Properties":[]},{"TestCase":{"Id":"d2f68379-5f51-3b70-d5c4-2d8988761ce3","FullyQualifiedName":"Shapefile_geometry_calculator_tests.ResultConverterTests.ConvertPolylineResult_MultipleItems_ReturnsCorrectConversions","DisplayName":"Shapefile_geometry_calculator_tests.ResultConverterTests.ConvertPolylineResult_MultipleItems_ReturnsCorrectConversions","ExecutorUri":"executor://xunit/VsTestRunner2/netcoreapp","Source":"D:\\project\\Prog tutorial\\Sandbox\\SHP_Calculator\\Shapefile_geometry_calculator_tests\\bin\\Debug\\net6.0\\fine-code-coverage\\build-output\\Shapefile_geometry_calculator_tests.dll","CodeFilePath":null,"LineNumber":0,"Properties":[]},"Attachments":[],"Outcome":1,"ErrorMessage":null,"ErrorStackTrace":null,"DisplayName":"Shapefile_geometry_calculator_tests.ResultConverterTests.ConvertPolylineResult_MultipleItems_ReturnsCorrectConversions","Messages":[],"ComputerName":"BODRI","Duration":"00:00:00.0007834","StartTime":"2024-06-10T10:39:42.0771909+00:00","EndTime":"2024-06-10T10:39:42.077191+00:00","Properties":[]},{"TestCase":{"Id":"567d33f7-31ba-ae00-2a52-df19ed748b72","FullyQualifiedName":"Shapefile_geometry_calculator_tests.CalculationManager_Tests.DoCalculation_ShapeGeometryCalculatorThrowsException_HandlesException","DisplayName":"Shapefile_geometry_calculator_tests.CalculationManager_Tests.DoCalculation_ShapeGeometryCalculatorThrowsException_HandlesException","ExecutorUri":"executor://xunit/VsTestRunner2/netcoreapp","Source":"D:\\project\\Prog tutorial\\Sandbox\\SHP_Calculator\\Shapefile_geometry_calculator_tests\\bin\\Debug\\net6.0\\fine-code-coverage\\build-output\\Shapefile_geometry_calculator_tests.dll","CodeFilePath":null,"LineNumber":0,"Properties":[]},"Attachments":[],"Outcome":1,"ErrorMessage":null,"ErrorStackTrace":null,"DisplayName":"Shapefile_geometry_calculator_tests.CalculationManager_Tests.DoCalculation_ShapeGeometryCalculatorThrowsException_HandlesException","Messages":[],"ComputerName":"BODRI","Duration":"00:00:00.0983002","StartTime":"2024-06-10T10:39:42.0786715+00:00","EndTime":"2024-06-10T10:39:42.0786716+00:00","Properties":[]},{"TestCase":{"Id":"62523d39-12fb-5bdf-c11b-2b35495a93cd","FullyQualifiedName":"Shapefile_geometry_calculator_tests.CalculationManager_Tests.DoCalculation_FolderReaderThrowsException_HandlesException","DisplayName":"Shapefile_geometry_calculator_tests.CalculationManager_Tests.DoCalculation_FolderReaderThrowsException_HandlesException","ExecutorUri":"executor://xunit/VsTestRunner2/netcoreapp","Source":"D:\\project\\Prog tutorial\\Sandbox\\SHP_Calculator\\Shapefile_geometry_calculator_tests\\bin\\Debug\\net6.0\\fine-code-coverage\\build-output\\Shapefile_geometry_calculator_tests.dll","CodeFilePath":null,"LineNumber":0,"Properties":[]},"Attachments":[],"Outcome":1,"ErrorMessage":null,"ErrorStackTrace":null,"DisplayName":"Shapefile_geometry_calculator_tests.CalculationManager_Tests.DoCalculation_FolderReaderThrowsException_HandlesException","Messages":[],"ComputerName":"BODRI","Duration":"00:00:00.0033632","StartTime":"2024-06-10T10:39:42.084662+00:00","EndTime":"2024-06-10T10:39:42.084662+00:00","Properties":[]},{"TestCase":{"Id":"e7e01ed3-0941-c56f-1955-cdf17289e871","FullyQualifiedName":"Shapefile_geometry_calculator_tests.CalculationManager_Tests.DoCalculation_PolygonGeometryType_CallsCorrectMethods_WithKilometers","DisplayName":"Shapefile_geometry_calculator_tests.CalculationManager_Tests.DoCalculation_PolygonGeometryType_CallsCorrectMethods_WithKilometers","ExecutorUri":"executor://xunit/VsTestRunner2/netcoreapp","Source":"D:\\project\\Prog tutorial\\Sandbox\\SHP_Calculator\\Shapefile_geometry_calculator_tests\\bin\\Debug\\net6.0\\fine-code-coverage\\build-output\\Shapefile_geometry_calculator_tests.dll","CodeFilePath":null,"LineNumber":0,"Properties":[]},"Attachments":[],"Outcome":1,"ErrorMessage":null,"ErrorStackTrace":null,"DisplayName":"Shapefile_geometry_calculator_tests.CalculationManager_Tests.DoCalculation_PolygonGeometryType_CallsCorrectMethods_WithKilometers","Messages":[],"ComputerName":"BODRI","Duration":"00:00:00.0202797","StartTime":"2024-06-10T10:39:42.0911697+00:00","EndTime":"2024-06-10T10:39:42.0911698+00:00","Properties":[]},{"TestCase":{"Id":"adc31d3d-da66-e08a-5465-df794ea09c8f","FullyQualifiedName":"Shapefile_geometry_calculator_tests.CalculationManager_Tests.DoCalculation_PolylineGeometryType_CallsCorrectMethods_WithKilometers","DisplayName":"Shapefile_geometry_calculator_tests.CalculationManager_Tests.DoCalculation_PolylineGeometryType_CallsCorrectMethods_WithKilometers","ExecutorUri":"executor://xunit/VsTestRunner2/netcoreapp","Source":"D:\\project\\Prog tutorial\\Sandbox\\SHP_Calculator\\Shapefile_geometry_calculator_tests\\bin\\Debug\\net6.0\\fine-code-coverage\\build-output\\Shapefile_geometry_calculator_tests.dll","CodeFilePath":null,"LineNumber":0,"Properties":[]},"Attachments":[],"Outcome":1,"ErrorMessage":null,"ErrorStackTrace":null,"DisplayName":"Shapefile_geometry_calculator_tests.CalculationManager_Tests.DoCalculation_PolylineGeometryType_CallsCorrectMethods_WithKilometers","Messages":[],"ComputerName":"BODRI","Duration":"00:00:00.0046497","StartTime":"2024-06-10T10:39:42.0959039+00:00","EndTime":"2024-06-10T10:39:42.0959047+00:00","Properties":[]}],"TestRunStatistics":{"ExecutedTests":17,"Stats":{"Passed":17}},"ActiveTests":[{"Id":"52a275d6-5a16-761c-e914-cdc64f80cb8f","FullyQualifiedName":"Shapefile_geometry_calculator_tests.CalculationManager_Tests.DoCalculation_PolygonGeometryType_CallsCorrectMethods_WithHectars","DisplayName":"Shapefile_geometry_calculator_tests.CalculationManager_Tests.DoCalculation_PolygonGeometryType_CallsCorrectMethods_WithHectars","ExecutorUri":"executor://xunit/VsTestRunner2/netcoreapp","Source":"D:\\project\\Prog tutorial\\Sandbox\\SHP_Calculator\\Shapefile_geometry_calculator_tests\\bin\\Debug\\net6.0\\fine-code-coverage\\build-output\\Shapefile_geometry_calculator_tests.dll","CodeFilePath":null,"LineNumber":0,"Properties":[]}]}}
TpTrace Verbose: 0 : 26132, 7, 2024/06/10, 12:39:42.102, 11244739442564, vstest.console.dll, TestRunRequest:SendTestRunStatsChange: Starting.
TpTrace Verbose: 0 : 26132, 7, 2024/06/10, 12:39:42.102, 11244739443828, vstest.console.dll, InProgress is Shapefile_geometry_calculator_tests.CalculationManager_Tests.DoCalculation_PolygonGeometryType_CallsCorrectMethods_WithHectars
TpTrace Verbose: 0 : 26132, 7, 2024/06/10, 12:39:42.102, 11244739445171, vstest.console.dll, MulticastDelegateUtilities.SafeInvoke: TestRun.RunStatsChanged: Invoking callbacks was skipped because there are no subscribers.
TpTrace Verbose: 0 : 26132, 4, 2024/06/10, 12:39:42.102, 11244739446220, vstest.console.dll, MulticastDelegateUtilities.SafeInvoke: InternalTestLoggerEvents.SendTestResult: Invoking callback 1/1 for Microsoft.VisualStudio.TestPlatform.CommandLine.Internal.ConsoleLogger., took 0 ms.
TpTrace Information: 0 : 26132, 7, 2024/06/10, 12:39:42.103, 11244739453785, vstest.console.dll, TestRunRequest:SendTestRunStatsChange: Completed.
TpTrace Verbose: 0 : 26132, 4, 2024/06/10, 12:39:42.103, 11244739454913, vstest.console.dll, MulticastDelegateUtilities.SafeInvoke: InternalTestLoggerEvents.SendTestResult: Invoking callback 1/1 for Microsoft.VisualStudio.TestPlatform.CommandLine.Internal.ConsoleLogger., took 0 ms.
TpTrace Verbose: 0 : 26132, 7, 2024/06/10, 12:39:42.103, 11244739455383, vstest.console.dll, MulticastDelegateUtilities.SafeInvoke: LengthPrefixCommunicationChannel: MessageReceived: Invoking callback 1/1 for Microsoft.VisualStudio.TestPlatform.CommunicationUtilities.TestRequestSender+<>c__DisplayClass34_0., took 3 ms.
TpTrace Verbose: 0 : 26132, 7, 2024/06/10, 12:39:42.103, 11244739458432, vstest.console.dll, TcpClientExtensions.MessageLoopAsync: Polling on remoteEndPoint: 127.0.0.1:52990 localEndPoint: 127.0.0.1:52989 after 29 ms
TpTrace Verbose: 0 : 26132, 4, 2024/06/10, 12:39:42.103, 11244739456982, vstest.console.dll, MulticastDelegateUtilities.SafeInvoke: InternalTestLoggerEvents.SendTestResult: Invoking callback 1/1 for Microsoft.VisualStudio.TestPlatform.CommandLine.Internal.ConsoleLogger., took 0 ms.
TpTrace Verbose: 0 : 26132, 4, 2024/06/10, 12:39:42.103, 11244739460234, vstest.console.dll, MulticastDelegateUtilities.SafeInvoke: InternalTestLoggerEvents.SendTestResult: Invoking callback 1/1 for Microsoft.VisualStudio.TestPlatform.CommandLine.Internal.ConsoleLogger., took 0 ms.
TpTrace Verbose: 0 : 26132, 4, 2024/06/10, 12:39:42.104, 11244739460963, vstest.console.dll, MulticastDelegateUtilities.SafeInvoke: InternalTestLoggerEvents.SendTestResult: Invoking callback 1/1 for Microsoft.VisualStudio.TestPlatform.CommandLine.Internal.ConsoleLogger., took 0 ms.
TpTrace Verbose: 0 : 26132, 4, 2024/06/10, 12:39:42.104, 11244739461659, vstest.console.dll, MulticastDelegateUtilities.SafeInvoke: InternalTestLoggerEvents.SendTestResult: Invoking callback 1/1 for Microsoft.VisualStudio.TestPlatform.CommandLine.Internal.ConsoleLogger., took 0 ms.
TpTrace Verbose: 0 : 26132, 4, 2024/06/10, 12:39:42.104, 11244739462443, vstest.console.dll, MulticastDelegateUtilities.SafeInvoke: InternalTestLoggerEvents.SendTestResult: Invoking callback 1/1 for Microsoft.VisualStudio.TestPlatform.CommandLine.Internal.ConsoleLogger., took 0 ms.
TpTrace Verbose: 0 : 26132, 4, 2024/06/10, 12:39:42.104, 11244739463169, vstest.console.dll, MulticastDelegateUtilities.SafeInvoke: InternalTestLoggerEvents.SendTestResult: Invoking callback 1/1 for Microsoft.VisualStudio.TestPlatform.CommandLine.Internal.ConsoleLogger., took 0 ms.
TpTrace Verbose: 0 : 26132, 4, 2024/06/10, 12:39:42.105, 11244739478821, vstest.console.dll, MulticastDelegateUtilities.SafeInvoke: InternalTestLoggerEvents.SendTestResult: Invoking callback 1/1 for Microsoft.VisualStudio.TestPlatform.CommandLine.Internal.ConsoleLogger., took 1 ms.
TpTrace Verbose: 0 : 26132, 7, 2024/06/10, 12:39:42.114, 11244739561833, vstest.console.dll, TcpClientExtensions.MessageLoopAsync: NotifyDataAvailable remoteEndPoint: 127.0.0.1:52990 localEndPoint: 127.0.0.1:52989
TpTrace Verbose: 0 : 26132, 7, 2024/06/10, 12:39:42.114, 11244739564249, vstest.console.dll, TestRequestSender.OnExecutionMessageReceived: Received message: {"Version":7,"MessageType":"TestSession.Message","Payload":{"MessageLevel":0,"Message":"[xUnit.net 00:00:02.32]   Finished:    Shapefile_geometry_calculator_tests"}}
TpTrace Verbose: 0 : 26132, 7, 2024/06/10, 12:39:42.114, 11244739566495, vstest.console.dll, TestRunRequest:SendTestRunMessage: Starting.
TpTrace Verbose: 0 : 26132, 7, 2024/06/10, 12:39:42.114, 11244739568858, vstest.console.dll, MulticastDelegateUtilities.SafeInvoke: TestRun.LogMessages: Invoking callback 1/1 for Microsoft.VisualStudio.TestPlatform.CommandLine.TestRunResultAggregator., took 0 ms.
TpTrace Information: 0 : 26132, 7, 2024/06/10, 12:39:42.114, 11244739569801, vstest.console.dll, TestRunRequest:SendTestRunMessage: Completed.
TpTrace Verbose: 0 : 26132, 4, 2024/06/10, 12:39:42.114, 11244739569046, vstest.console.dll, MulticastDelegateUtilities.SafeInvoke: InternalTestLoggerEvents.SendTestRunMessage: Invoking callback 1/1 for Microsoft.VisualStudio.TestPlatform.CommandLine.Internal.ConsoleLogger., took 0 ms.
TpTrace Verbose: 0 : 26132, 7, 2024/06/10, 12:39:42.115, 11244739571383, vstest.console.dll, MulticastDelegateUtilities.SafeInvoke: LengthPrefixCommunicationChannel: MessageReceived: Invoking callback 1/1 for Microsoft.VisualStudio.TestPlatform.CommunicationUtilities.TestRequestSender+<>c__DisplayClass34_0., took 0 ms.
TpTrace Verbose: 0 : 26132, 7, 2024/06/10, 12:39:42.115, 11244739574237, vstest.console.dll, TcpClientExtensions.MessageLoopAsync: Polling on remoteEndPoint: 127.0.0.1:52990 localEndPoint: 127.0.0.1:52989 after 11 ms
TpTrace Verbose: 0 : 26132, 7, 2024/06/10, 12:39:42.130, 11244739730838, vstest.console.dll, TcpClientExtensions.MessageLoopAsync: NotifyDataAvailable remoteEndPoint: 127.0.0.1:52990 localEndPoint: 127.0.0.1:52989
TpTrace Verbose: 0 : 26132, 7, 2024/06/10, 12:39:42.131, 11244739734630, vstest.console.dll, TestRequestSender.OnExecutionMessageReceived: Received message: {"Version":7,"MessageType":"TestExecution.Completed","Payload":{"TestRunCompleteArgs":{"TestRunStatistics":{"ExecutedTests":20,"Stats":{"Passed":20}},"IsCanceled":false,"IsAborted":false,"Error":null,"AttachmentSets":[],"InvokedDataCollectors":[],"ElapsedTimeInRunningTests":"00:00:02.3386687","Metrics":{},"DiscoveredExtensions":{"TestDiscoverers":["Xunit.Runner.VisualStudio.VsTestRunner, xunit.runner.visualstudio.dotnetcore.testadapter, Version=2.4.0.0, Culture=neutral, PublicKeyToken=8d05b1bb7a6fdb6c"],"TestExecutors":["executor://xunit/VsTestRunner2/netcoreapp"],"TestExecutors2":[],"TestSettingsProviders":[]}},"LastRunTests":{"NewTestResults":[{"TestCase":{"Id":"52a275d6-5a16-761c-e914-cdc64f80cb8f","FullyQualifiedName":"Shapefile_geometry_calculator_tests.CalculationManager_Tests.DoCalculation_PolygonGeometryType_CallsCorrectMethods_WithHectars","DisplayName":"Shapefile_geometry_calculator_tests.CalculationManager_Tests.DoCalculation_PolygonGeometryType_CallsCorrectMethods_WithHectars","ExecutorUri":"executor://xunit/VsTestRunner2/netcoreapp","Source":"D:\\project\\Prog tutorial\\Sandbox\\SHP_Calculator\\Shapefile_geometry_calculator_tests\\bin\\Debug\\net6.0\\fine-code-coverage\\build-output\\Shapefile_geometry_calculator_tests.dll","CodeFilePath":null,"LineNumber":0,"Properties":[]},"Attachments":[],"Outcome":1,"ErrorMessage":null,"ErrorStackTrace":null,"DisplayName":"Shapefile_geometry_calculator_tests.CalculationManager_Tests.DoCalculation_PolygonGeometryType_CallsCorrectMethods_WithHectars","Messages":[],"ComputerName":"BODRI","Duration":"00:00:00.0057728","StartTime":"2024-06-10T10:39:42.1017458+00:00","EndTime":"2024-06-10T10:39:42.101746+00:00","Properties":[]},{"TestCase":{"Id":"07b99dc8-b015-f4c7-1c04-a7594674b648","FullyQualifiedName":"Shapefile_geometry_calculator_tests.CalculationManager_Tests.DoCalculation_PolygonGeometryType_CallsCorrectMethods_WithMeters","DisplayName":"Shapefile_geometry_calculator_tests.CalculationManager_Tests.DoCalculation_PolygonGeometryType_CallsCorrectMethods_WithMeters","ExecutorUri":"executor://xunit/VsTestRunner2/netcoreapp","Source":"D:\\project\\Prog tutorial\\Sandbox\\SHP_Calculator\\Shapefile_geometry_calculator_tests\\bin\\Debug\\net6.0\\fine-code-coverage\\build-output\\Shapefile_geometry_calculator_tests.dll","CodeFilePath":null,"LineNumber":0,"Properties":[]},"Attachments":[],"Outcome":1,"ErrorMessage":null,"ErrorStackTrace":null,"DisplayName":"Shapefile_geometry_calculator_tests.CalculationManager_Tests.DoCalculation_PolygonGeometryType_CallsCorrectMethods_WithMeters","Messages":[],"ComputerName":"BODRI","Duration":"00:00:00.0047356","StartTime":"2024-06-10T10:39:42.1065588+00:00","EndTime":"2024-06-10T10:39:42.1065589+00:00","Properties":[]},{"TestCase":{"Id":"f6b08de2-3592-e1ef-878f-aac39447c731","FullyQualifiedName":"Shapefile_geometry_calculator_tests.CalculationManager_Tests.DoCalculation_PolylineGeometryType_CallsCorrectMethods_WithMeters","DisplayName":"Shapefile_geometry_calculator_tests.CalculationManager_Tests.DoCalculation_PolylineGeometryType_CallsCorrectMethods_WithMeters","ExecutorUri":"executor://xunit/VsTestRunner2/netcoreapp","Source":"D:\\project\\Prog tutorial\\Sandbox\\SHP_Calculator\\Shapefile_geometry_calculator_tests\\bin\\Debug\\net6.0\\fine-code-coverage\\build-output\\Shapefile_geometry_calculator_tests.dll","CodeFilePath":null,"LineNumber":0,"Properties":[]},"Attachments":[],"Outcome":1,"ErrorMessage":null,"ErrorStackTrace":null,"DisplayName":"Shapefile_geometry_calculator_tests.CalculationManager_Tests.DoCalculation_PolylineGeometryType_CallsCorrectMethods_WithMeters","Messages":[],"ComputerName":"BODRI","Duration":"00:00:00.0045364","StartTime":"2024-06-10T10:39:42.111257+00:00","EndTime":"2024-06-10T10:39:42.1112572+00:00","Properties":[]}],"TestRunStatistics":{"ExecutedTests":20,"Stats":{"Passed":20}},"ActiveTests":[]},"RunAttachments":[],"ExecutorUris":["executor://xunit/VsTestRunner2/netcoreapp"]}}
TpTrace Verbose: 0 : 26132, 7, 2024/06/10, 12:39:42.131, 11244739736464, vstest.console.dll, TestRequestSender.EndSession: Sending end session.
TpTrace Verbose: 0 : 26132, 7, 2024/06/10, 12:39:42.131, 11244739739541, vstest.console.dll, ProxyOperationManager.Close: waiting for test host to exit for 100 ms
TpTrace Verbose: 0 : 26132, 12, 2024/06/10, 12:39:42.145, 11244739871285, vstest.console.dll, TestHostManagerCallbacks.ctor: Experimental forwarding output is disabled.
TpTrace Warning: 0 : 26132, 12, 2024/06/10, 12:39:42.145, 11244739874711, vstest.console.dll, TestHostManagerCallbacks.ErrorReceivedCallback Test host standard error line: 
TpTrace Verbose: 0 : 26132, 12, 2024/06/10, 12:39:42.158, 11244740009523, vstest.console.dll, TestHostProvider.ExitCallBack: Host exited starting callback.
TpTrace Information: 0 : 26132, 12, 2024/06/10, 12:39:42.159, 11244740011132, vstest.console.dll, TestHostManagerCallbacks.ExitCallBack: Testhost processId: 27200 exited with exitcode: 0 error: ''
TpTrace Verbose: 0 : 26132, 12, 2024/06/10, 12:39:42.159, 11244740011636, vstest.console.dll, DotnetTestHostManager.OnHostExited: invoking OnHostExited callback
TpTrace Verbose: 0 : 26132, 12, 2024/06/10, 12:39:42.159, 11244740012364, vstest.console.dll, CrossPlatEngine.TestHostManagerHostExited: calling on client process exit callback.
TpTrace Information: 0 : 26132, 12, 2024/06/10, 12:39:42.159, 11244740012928, vstest.console.dll, TestRequestSender.OnClientProcessExit: Test host process exited. Standard error: 
TpTrace Information: 0 : 26132, 12, 2024/06/10, 12:39:42.159, 11244740013392, vstest.console.dll, SocketServer.Stop: Stop server endPoint: 127.0.0.1:52989
TpTrace Information: 0 : 26132, 7, 2024/06/10, 12:39:42.159, 11244740013574, vstest.console.dll, SocketServer.Stop: Stop server endPoint: 127.0.0.1:52989
TpTrace Information: 0 : 26132, 7, 2024/06/10, 12:39:42.159, 11244740014642, vstest.console.dll, SocketServer.Stop: Cancellation requested. Stopping message loop.
TpTrace Information: 0 : 26132, 12, 2024/06/10, 12:39:42.159, 11244740015749, vstest.console.dll, SocketServer.Stop: Cancellation requested. Stopping message loop.
TpTrace Information: 0 : 26132, 7, 2024/06/10, 12:39:42.159, 11244740016824, vstest.console.dll, Closing the connection
TpTrace Verbose: 0 : 26132, 12, 2024/06/10, 12:39:42.159, 11244740016860, vstest.console.dll, MulticastDelegateUtilities.SafeInvoke: HostProviderEvents.OnHostExited: Invoking callback 1/1 for Microsoft.VisualStudio.TestPlatform.CrossPlatEngine.Client.ProxyOperationManager., took 0 ms.
TpTrace Verbose: 0 : 26132, 7, 2024/06/10, 12:39:42.159, 11244740020533, vstest.console.dll, ProxyDataCollectionManager.InvokeDataCollectionServiceAction: Starting.
TpTrace Information: 0 : 26132, 7, 2024/06/10, 12:39:42.160, 11244740021135, vstest.console.dll, ProxyDataCollectionManager.AfterTestRunEnd: Get attachment set and invoked data collectors processId: 24916 port: 52981
TpTrace Verbose: 0 : 26132, 7, 2024/06/10, 12:39:42.160, 11244740021645, vstest.console.dll, DataCollectionRequestSender.SendAfterTestRunStartAndGetResult: Send AfterTestRunEnd message with isCancelled: False
TpTrace Verbose: 0 : 26132, 7, 2024/06/10, 12:39:42.167, 11244740096997, vstest.console.dll, DataCollectionRequestSender.SendAfterTestRunStartAndGetResult: Received message: (DataCollection.AfterTestRunEndResult) -> {"MessageType":"DataCollection.AfterTestRunEndResult","Payload":{"AttachmentSets":[],"InvokedDataCollectors":[{"Uri":"datacollector://Microsoft/TestPlatform/Extensions/Blame/v1","FriendlyName":"Blame","AssemblyQualifiedName":"Microsoft.TestPlatform.Extensions.BlameDataCollector.BlameCollector, Microsoft.TestPlatform.Extensions.BlameDataCollector, Version=15.0.0.0, Culture=neutral, PublicKeyToken=b03f5f7f11d50a3a","FilePath":"C:\\Program Files\\dotnet\\sdk\\8.0.301\\Extensions\\Microsoft.TestPlatform.Extensions.BlameDataCollector.dll","HasAttachmentProcessor":false}],"Metrics":{}}}
TpTrace Warning: 0 : 26132, 10, 2024/06/10, 12:39:42.174, 11244740169518, vstest.console.dll, DataCollectionLauncher.ErrorReceivedCallback datacollector standard error line: 
TpTrace Information: 0 : 26132, 7, 2024/06/10, 12:39:42.175, 11244740176592, vstest.console.dll, ProxyDataCollectionManager.InvokeDataCollectionServiceAction: Completed.
TpTrace Information: 0 : 26132, 10, 2024/06/10, 12:39:42.183, 11244740253315, vstest.console.dll, DataCollectionLauncher.ExitCallBack: Data collector exited with exitcode: 0 error: ''
TpTrace Verbose: 0 : 26132, 7, 2024/06/10, 12:39:42.205, 11244740471339, vstest.console.dll, TestRunRequest:SendTestRunStatsChange: Starting.
TpTrace Verbose: 0 : 26132, 7, 2024/06/10, 12:39:42.205, 11244740472632, vstest.console.dll, MulticastDelegateUtilities.SafeInvoke: TestRun.RunStatsChanged: Invoking callbacks was skipped because there are no subscribers.
TpTrace Information: 0 : 26132, 7, 2024/06/10, 12:39:42.205, 11244740473032, vstest.console.dll, TestRunRequest:SendTestRunStatsChange: Completed.
TpTrace Verbose: 0 : 26132, 4, 2024/06/10, 12:39:42.205, 11244740474148, vstest.console.dll, MulticastDelegateUtilities.SafeInvoke: InternalTestLoggerEvents.SendTestResult: Invoking callback 1/1 for Microsoft.VisualStudio.TestPlatform.CommandLine.Internal.ConsoleLogger., took 0 ms.
TpTrace Verbose: 0 : 26132, 4, 2024/06/10, 12:39:42.205, 11244740475449, vstest.console.dll, MulticastDelegateUtilities.SafeInvoke: InternalTestLoggerEvents.SendTestResult: Invoking callback 1/1 for Microsoft.VisualStudio.TestPlatform.CommandLine.Internal.ConsoleLogger., took 0 ms.
TpTrace Verbose: 0 : 26132, 4, 2024/06/10, 12:39:42.205, 11244740476461, vstest.console.dll, MulticastDelegateUtilities.SafeInvoke: InternalTestLoggerEvents.SendTestResult: Invoking callback 1/1 for Microsoft.VisualStudio.TestPlatform.CommandLine.Internal.ConsoleLogger., took 0 ms.
TpTrace Verbose: 0 : 26132, 7, 2024/06/10, 12:39:42.205, 11244740477048, vstest.console.dll, ParallelProxyExecutionManager: HandlePartialRunComplete: Total workloads = 1, Total started clients = 1 Total completed clients = 1, Run complete = True, Run canceled: False.
TpTrace Verbose: 0 : 26132, 7, 2024/06/10, 12:39:42.205, 11244740478163, vstest.console.dll, ParallelProxyExecutionManager: HandlePartialRunComplete: All runs completed stopping all managers.
TpTrace Verbose: 0 : 26132, 7, 2024/06/10, 12:39:42.205, 11244740478727, vstest.console.dll, ParallelOperationManager.StopAllManagers: Stopping all managers.
TpTrace Verbose: 0 : 26132, 7, 2024/06/10, 12:39:42.205, 11244740479157, vstest.console.dll, ParallelOperationManager.ClearSlots: Clearing all slots. Slots should accept more work: False
TpTrace Verbose: 0 : 26132, 7, 2024/06/10, 12:39:42.205, 11244740479644, vstest.console.dll, ParallelOperationManager.SetOccupiedSlotCount: Setting slot counts AvailableSlotCount = 1, OccupiedSlotCount = 0.
TpTrace Verbose: 0 : 26132, 7, 2024/06/10, 12:39:42.205, 11244740480178, vstest.console.dll, Occupied slots:

TpTrace Verbose: 0 : 26132, 4, 2024/06/10, 12:39:42.214, 11244740568296, vstest.console.dll, MulticastDelegateUtilities.SafeInvoke: InternalTestLoggerEvents.SendTestRunComplete: Invoking callback 1/2 for Microsoft.TestPlatform.Extensions.BlameDataCollector.BlameLogger., took 0 ms.
TpTrace Verbose: 0 : 26132, 4, 2024/06/10, 12:39:42.220, 11244740624043, vstest.console.dll, MulticastDelegateUtilities.SafeInvoke: InternalTestLoggerEvents.SendTestRunComplete: Invoking callback 2/2 for Microsoft.VisualStudio.TestPlatform.CommandLine.Internal.ConsoleLogger., took 5 ms.
TpTrace Verbose: 0 : 26132, 7, 2024/06/10, 12:39:42.221, 11244740631411, vstest.console.dll, TestRunRequest:TestRunComplete: Starting. IsAborted:False IsCanceled:False.
TpTrace Verbose: 0 : 26132, 7, 2024/06/10, 12:39:42.221, 11244740634006, vstest.console.dll, ParallelOperationManager.DoActionOnAllManagers: Calling an action on all managers.
TpTrace Verbose: 0 : 26132, 7, 2024/06/10, 12:39:42.222, 11244740643498, vstest.console.dll, TestLoggerManager.HandleTestRunComplete: Ignoring as the object is disposed.
TpTrace Verbose: 0 : 26132, 7, 2024/06/10, 12:39:42.222, 11244740646534, vstest.console.dll, MulticastDelegateUtilities.SafeInvoke: TestRun.TestRunComplete: Invoking callback 1/2 for Microsoft.VisualStudio.TestPlatform.CommandLine.TestRunResultAggregator., took 0 ms.
TpTrace Verbose: 0 : 26132, 7, 2024/06/10, 12:39:42.222, 11244740648069, vstest.console.dll, MulticastDelegateUtilities.SafeInvoke: TestRun.TestRunComplete: Invoking callback 2/2 for Microsoft.VisualStudio.TestPlatform.CommandLine.Processors.RunTestsArgumentExecutor+TestRunRequestEventsRegistrar., took 0 ms.
TpTrace Information: 0 : 26132, 7, 2024/06/10, 12:39:42.222, 11244740649714, vstest.console.dll, TestRunRequest:TestRunComplete: Completed.
TpTrace Verbose: 0 : 26132, 1, 2024/06/10, 12:39:42.222, 11244740650038, vstest.console.dll, TestRunRequest.Dispose: Starting.
TpTrace Verbose: 0 : 26132, 7, 2024/06/10, 12:39:42.223, 11244740651001, vstest.console.dll, TestRequestSender.SetOperationComplete: Setting operation complete.
TpTrace Information: 0 : 26132, 7, 2024/06/10, 12:39:42.223, 11244740653578, vstest.console.dll, SocketServer.Stop: Stop server endPoint: 127.0.0.1:52989
TpTrace Information: 0 : 26132, 1, 2024/06/10, 12:39:42.223, 11244740652485, vstest.console.dll, TestRunRequest.Dispose: Completed.
TpTrace Information: 0 : 26132, 7, 2024/06/10, 12:39:42.223, 11244740654947, vstest.console.dll, SocketServer.Stop: Cancellation requested. Stopping message loop.
TpTrace Information: 0 : 26132, 1, 2024/06/10, 12:39:42.223, 11244740656138, vstest.console.dll, TestRequestManager.RunTests: run tests completed.
TpTrace Verbose: 0 : 26132, 7, 2024/06/10, 12:39:42.223, 11244740656969, vstest.console.dll, MulticastDelegateUtilities.SafeInvoke: LengthPrefixCommunicationChannel: MessageReceived: Invoking callback 1/1 for Microsoft.VisualStudio.TestPlatform.CommunicationUtilities.TestRequestSender+<>c__DisplayClass34_0., took 92 ms.
TpTrace Information: 0 : 26132, 1, 2024/06/10, 12:39:42.223, 11244740659377, vstest.console.dll, RunTestsArgumentProcessor:Execute: Test run is completed.
TpTrace Information: 0 : 26132, 7, 2024/06/10, 12:39:42.223, 11244740660537, vstest.console.dll, SocketServer.PrivateStop: Stopping server endPoint: 127.0.0.1:52989 error: 
TpTrace Verbose: 0 : 26132, 1, 2024/06/10, 12:39:42.224, 11244740666497, vstest.console.dll, Executor.Execute: Exiting with exit code of 0
TpTrace Verbose: 0 : 26132, 7, 2024/06/10, 12:39:42.225, 11244740671113, vstest.console.dll, LengthPrefixCommunicationChannel.Dispose: Dispose reader and writer.
